<?xml version="1.0" encoding="UTF-8"?>
<testsuite name="rewardsCentral.serviceUT.RewardsCentralServiceTest" tests="2" skipped="0" failures="0" errors="0" timestamp="2022-04-21T09:21:48" hostname="DESKTOP-HBE7KI5" time="6.439">
  <properties/>
  <testcase name="getUserRewardsTest" classname="rewardsCentral.serviceUT.RewardsCentralServiceTest" time="6.289"/>
  <testcase name="getAttractionsRewardPointsTest" classname="rewardsCentral.serviceUT.RewardsCentralServiceTest" time="0.15"/>
  <system-out><![CDATA[11:21:46.016 [Test worker] DEBUG org.springframework.test.context.junit4.SpringJUnit4ClassRunner - SpringJUnit4ClassRunner constructor called with [class rewardsCentral.serviceUT.RewardsCentralServiceTest]
11:21:46.025 [Test worker] DEBUG org.springframework.test.context.BootstrapUtils - Instantiating CacheAwareContextLoaderDelegate from class [org.springframework.test.context.cache.DefaultCacheAwareContextLoaderDelegate]
11:21:46.039 [Test worker] DEBUG org.springframework.test.context.BootstrapUtils - Instantiating BootstrapContext using constructor [public org.springframework.test.context.support.DefaultBootstrapContext(java.lang.Class,org.springframework.test.context.CacheAwareContextLoaderDelegate)]
11:21:46.063 [Test worker] DEBUG org.springframework.test.context.BootstrapUtils - Instantiating TestContextBootstrapper for test class [rewardsCentral.serviceUT.RewardsCentralServiceTest] from class [org.springframework.boot.test.context.SpringBootTestContextBootstrapper]
11:21:46.078 [Test worker] INFO org.springframework.boot.test.context.SpringBootTestContextBootstrapper - Neither @ContextConfiguration nor @ContextHierarchy found for test class [rewardsCentral.serviceUT.RewardsCentralServiceTest], using SpringBootContextLoader
11:21:46.082 [Test worker] DEBUG org.springframework.test.context.support.AbstractContextLoader - Did not detect default resource location for test class [rewardsCentral.serviceUT.RewardsCentralServiceTest]: class path resource [rewardsCentral/serviceUT/RewardsCentralServiceTest-context.xml] does not exist
11:21:46.082 [Test worker] DEBUG org.springframework.test.context.support.AbstractContextLoader - Did not detect default resource location for test class [rewardsCentral.serviceUT.RewardsCentralServiceTest]: class path resource [rewardsCentral/serviceUT/RewardsCentralServiceTestContext.groovy] does not exist
11:21:46.082 [Test worker] INFO org.springframework.test.context.support.AbstractContextLoader - Could not detect default resource locations for test class [rewardsCentral.serviceUT.RewardsCentralServiceTest]: no resource found for suffixes {-context.xml, Context.groovy}.
11:21:46.083 [Test worker] INFO org.springframework.test.context.support.AnnotationConfigContextLoaderUtils - Could not detect default configuration classes for test class [rewardsCentral.serviceUT.RewardsCentralServiceTest]: RewardsCentralServiceTest does not declare any static, non-private, non-final, nested classes annotated with @Configuration.
11:21:46.125 [Test worker] DEBUG org.springframework.test.context.support.ActiveProfilesUtils - Could not find an 'annotation declaring class' for annotation type [org.springframework.test.context.ActiveProfiles] and class [rewardsCentral.serviceUT.RewardsCentralServiceTest]
11:21:46.210 [Test worker] DEBUG org.springframework.context.annotation.ClassPathScanningCandidateComponentProvider - Identified candidate component class: file [C:\Users\guile\OneDrive\Bureau\Formation\P8\JavaPathENProject8\rewardsCentral\build\classes\java\main\rewardsCentral\RewardsCentralApplication.class]
11:21:46.211 [Test worker] INFO org.springframework.boot.test.context.SpringBootTestContextBootstrapper - Found @SpringBootConfiguration rewardsCentral.RewardsCentralApplication for test class rewardsCentral.serviceUT.RewardsCentralServiceTest
11:21:46.312 [Test worker] DEBUG org.springframework.boot.test.context.SpringBootTestContextBootstrapper - @TestExecutionListeners is not present for class [rewardsCentral.serviceUT.RewardsCentralServiceTest]: using defaults.
11:21:46.313 [Test worker] INFO org.springframework.boot.test.context.SpringBootTestContextBootstrapper - Loaded default TestExecutionListener class names from location [META-INF/spring.factories]: [org.springframework.boot.test.autoconfigure.restdocs.RestDocsTestExecutionListener, org.springframework.boot.test.autoconfigure.web.client.MockRestServiceServerResetTestExecutionListener, org.springframework.boot.test.autoconfigure.web.servlet.MockMvcPrintOnlyOnFailureTestExecutionListener, org.springframework.boot.test.autoconfigure.web.servlet.WebDriverTestExecutionListener, org.springframework.boot.test.mock.mockito.MockitoTestExecutionListener, org.springframework.boot.test.mock.mockito.ResetMocksTestExecutionListener, org.springframework.test.context.web.ServletTestExecutionListener, org.springframework.test.context.support.DirtiesContextBeforeModesTestExecutionListener, org.springframework.test.context.support.DependencyInjectionTestExecutionListener, org.springframework.test.context.support.DirtiesContextTestExecutionListener, org.springframework.test.context.transaction.TransactionalTestExecutionListener, org.springframework.test.context.jdbc.SqlScriptsTestExecutionListener]
11:21:46.326 [Test worker] DEBUG org.springframework.boot.test.context.SpringBootTestContextBootstrapper - Skipping candidate TestExecutionListener [org.springframework.test.context.transaction.TransactionalTestExecutionListener] due to a missing dependency. Specify custom listener classes or make the default listener classes and their required dependencies available. Offending class: [org/springframework/transaction/interceptor/TransactionAttributeSource]
11:21:46.326 [Test worker] DEBUG org.springframework.boot.test.context.SpringBootTestContextBootstrapper - Skipping candidate TestExecutionListener [org.springframework.test.context.jdbc.SqlScriptsTestExecutionListener] due to a missing dependency. Specify custom listener classes or make the default listener classes and their required dependencies available. Offending class: [org/springframework/transaction/interceptor/TransactionAttribute]
11:21:46.326 [Test worker] INFO org.springframework.boot.test.context.SpringBootTestContextBootstrapper - Using TestExecutionListeners: [org.springframework.test.context.web.ServletTestExecutionListener@7bc7b0b5, org.springframework.test.context.support.DirtiesContextBeforeModesTestExecutionListener@7c566cdc, org.springframework.boot.test.mock.mockito.MockitoTestExecutionListener@7d87e835, org.springframework.boot.test.autoconfigure.SpringBootDependencyInjectionTestExecutionListener@5b875a72, org.springframework.test.context.support.DirtiesContextTestExecutionListener@1d031baf, org.springframework.boot.test.autoconfigure.restdocs.RestDocsTestExecutionListener@527ca45f, org.springframework.boot.test.autoconfigure.web.client.MockRestServiceServerResetTestExecutionListener@10782865, org.springframework.boot.test.autoconfigure.web.servlet.MockMvcPrintOnlyOnFailureTestExecutionListener@71cda4d2, org.springframework.boot.test.autoconfigure.web.servlet.WebDriverTestExecutionListener@74161727, org.springframework.boot.test.mock.mockito.ResetMocksTestExecutionListener@43ff1ba6]
11:21:46.330 [Test worker] DEBUG org.springframework.test.annotation.ProfileValueUtils - Retrieved @ProfileValueSourceConfiguration [null] for test class [rewardsCentral.serviceUT.RewardsCentralServiceTest]
11:21:46.330 [Test worker] DEBUG org.springframework.test.annotation.ProfileValueUtils - Retrieved ProfileValueSource type [class org.springframework.test.annotation.SystemProfileValueSource] for class [rewardsCentral.serviceUT.RewardsCentralServiceTest]
11:21:46.332 [Test worker] DEBUG org.springframework.test.annotation.ProfileValueUtils - Retrieved @ProfileValueSourceConfiguration [null] for test class [rewardsCentral.serviceUT.RewardsCentralServiceTest]
11:21:46.332 [Test worker] DEBUG org.springframework.test.annotation.ProfileValueUtils - Retrieved ProfileValueSource type [class org.springframework.test.annotation.SystemProfileValueSource] for class [rewardsCentral.serviceUT.RewardsCentralServiceTest]
11:21:46.333 [Test worker] DEBUG org.springframework.test.annotation.ProfileValueUtils - Retrieved @ProfileValueSourceConfiguration [null] for test class [rewardsCentral.serviceUT.RewardsCentralServiceTest]
11:21:46.333 [Test worker] DEBUG org.springframework.test.annotation.ProfileValueUtils - Retrieved ProfileValueSource type [class org.springframework.test.annotation.SystemProfileValueSource] for class [rewardsCentral.serviceUT.RewardsCentralServiceTest]
11:21:46.337 [Test worker] DEBUG org.springframework.test.context.support.AbstractDirtiesContextTestExecutionListener - Before test class: context [DefaultTestContext@5129b3f0 testClass = RewardsCentralServiceTest, testInstance = [null], testMethod = [null], testException = [null], mergedContextConfiguration = [WebMergedContextConfiguration@3648d8d8 testClass = RewardsCentralServiceTest, locations = '{}', classes = '{class rewardsCentral.RewardsCentralApplication}', contextInitializerClasses = '[]', activeProfiles = '{}', propertySourceLocations = '{}', propertySourceProperties = '{org.springframework.boot.test.context.SpringBootTestContextBootstrapper=true}', contextCustomizers = set[org.springframework.boot.test.autoconfigure.properties.PropertyMappingContextCustomizer@0, org.springframework.boot.test.autoconfigure.web.servlet.WebDriverContextCustomizerFactory$Customizer@1307daab, org.springframework.boot.test.context.filter.ExcludeFilterContextCustomizer@66c6b6b5, org.springframework.boot.test.json.DuplicateJsonObjectContextCustomizerFactory$DuplicateJsonObjectContextCustomizer@36aff099, org.springframework.boot.test.mock.mockito.MockitoContextCustomizer@0, org.springframework.boot.test.web.client.TestRestTemplateContextCustomizer@1445bd19], resourceBasePath = 'src/main/webapp', contextLoader = 'org.springframework.boot.test.context.SpringBootContextLoader', parent = [null]], attributes = map['org.springframework.test.context.web.ServletTestExecutionListener.activateListener' -> true]], class annotated with @DirtiesContext [false] with mode [null].
11:21:46.337 [Test worker] DEBUG org.springframework.test.annotation.ProfileValueUtils - Retrieved @ProfileValueSourceConfiguration [null] for test class [rewardsCentral.serviceUT.RewardsCentralServiceTest]
11:21:46.338 [Test worker] DEBUG org.springframework.test.annotation.ProfileValueUtils - Retrieved ProfileValueSource type [class org.springframework.test.annotation.SystemProfileValueSource] for class [rewardsCentral.serviceUT.RewardsCentralServiceTest]
11:21:46.785 [Test worker] DEBUG org.springframework.test.context.support.TestPropertySourceUtils - Adding inlined properties to environment: {spring.jmx.enabled=false, org.springframework.boot.test.context.SpringBootTestContextBootstrapper=true, server.port=-1}

  .   ____          _            __ _ _
 /\\ / ___'_ __ _ _(_)_ __  __ _ \ \ \ \
( ( )\___ | '_ | '_| | '_ \/ _` | \ \ \ \
 \\/  ___)| |_)| | | | | || (_| |  ) ) ) )
  '  |____| .__|_| |_|_| |_\__, | / / / /
 =========|_|==============|___/=/_/_/_/
 :: Spring Boot ::        (v2.1.6.RELEASE)

2022-04-21 11:21:46.975  INFO 13648 --- [    Test worker] r.serviceUT.RewardsCentralServiceTest    : Starting RewardsCentralServiceTest on DESKTOP-HBE7KI5 with PID 13648 (started by guile in C:\Users\guile\OneDrive\Bureau\Formation\P8\JavaPathENProject8\rewardsCentral)
2022-04-21 11:21:46.977  INFO 13648 --- [    Test worker] r.serviceUT.RewardsCentralServiceTest    : No active profile set, falling back to default profiles: default
2022-04-21 11:21:48.317  INFO 13648 --- [    Test worker] o.s.s.concurrent.ThreadPoolTaskExecutor  : Initializing ExecutorService 'applicationTaskExecutor'
2022-04-21 11:21:48.852  INFO 13648 --- [    Test worker] o.s.b.a.e.web.EndpointLinksResolver      : Exposing 2 endpoint(s) beneath base path '/actuator'
2022-04-21 11:21:48.899  INFO 13648 --- [    Test worker] r.serviceUT.RewardsCentralServiceTest    : Started RewardsCentralServiceTest in 2.106 seconds (JVM running for 3.59)
]]></system-out>
  <system-err><![CDATA[]]></system-err>
</testsuite>
