<?xml version="1.0" encoding="UTF-8"?>
<testsuite name="rewardsCentral.serviceUT.RewardsCentralServiceTest" tests="3" skipped="0" failures="0" errors="0" timestamp="2022-07-26T07:46:39" hostname="DESKTOP-HBE7KI5" time="2.171">
  <properties/>
  <testcase name="getAllUsersRewardsTest" classname="rewardsCentral.serviceUT.RewardsCentralServiceTest" time="0.984"/>
  <testcase name="calculateRewardsTest" classname="rewardsCentral.serviceUT.RewardsCentralServiceTest" time="0.368"/>
  <testcase name="getAttractionsRewardPointsTest" classname="rewardsCentral.serviceUT.RewardsCentralServiceTest" time="0.819"/>
  <system-out><![CDATA[2022-07-26 09:46:38.891  INFO 19148 --- [    Test worker] .b.t.c.SpringBootTestContextBootstrapper : Neither @ContextConfiguration nor @ContextHierarchy found for test class [rewardsCentral.serviceUT.RewardsCentralServiceTest], using SpringBootContextLoader
2022-07-26 09:46:38.891  INFO 19148 --- [    Test worker] o.s.t.c.support.AbstractContextLoader    : Could not detect default resource locations for test class [rewardsCentral.serviceUT.RewardsCentralServiceTest]: no resource found for suffixes {-context.xml, Context.groovy}.
2022-07-26 09:46:38.892  INFO 19148 --- [    Test worker] t.c.s.AnnotationConfigContextLoaderUtils : Could not detect default configuration classes for test class [rewardsCentral.serviceUT.RewardsCentralServiceTest]: RewardsCentralServiceTest does not declare any static, non-private, non-final, nested classes annotated with @Configuration.
2022-07-26 09:46:38.895  INFO 19148 --- [    Test worker] .b.t.c.SpringBootTestContextBootstrapper : Found @SpringBootConfiguration rewardsCentral.RewardsCentralApplication for test class rewardsCentral.serviceUT.RewardsCentralServiceTest
2022-07-26 09:46:38.896  INFO 19148 --- [    Test worker] .b.t.c.SpringBootTestContextBootstrapper : Loaded default TestExecutionListener class names from location [META-INF/spring.factories]: [org.springframework.boot.test.autoconfigure.restdocs.RestDocsTestExecutionListener, org.springframework.boot.test.autoconfigure.web.client.MockRestServiceServerResetTestExecutionListener, org.springframework.boot.test.autoconfigure.web.servlet.MockMvcPrintOnlyOnFailureTestExecutionListener, org.springframework.boot.test.autoconfigure.web.servlet.WebDriverTestExecutionListener, org.springframework.boot.test.mock.mockito.MockitoTestExecutionListener, org.springframework.boot.test.mock.mockito.ResetMocksTestExecutionListener, org.springframework.test.context.web.ServletTestExecutionListener, org.springframework.test.context.support.DirtiesContextBeforeModesTestExecutionListener, org.springframework.test.context.support.DependencyInjectionTestExecutionListener, org.springframework.test.context.support.DirtiesContextTestExecutionListener, org.springframework.test.context.transaction.TransactionalTestExecutionListener, org.springframework.test.context.jdbc.SqlScriptsTestExecutionListener]
2022-07-26 09:46:38.897  INFO 19148 --- [    Test worker] .b.t.c.SpringBootTestContextBootstrapper : Using TestExecutionListeners: [org.springframework.test.context.web.ServletTestExecutionListener@27725cf0, org.springframework.test.context.support.DirtiesContextBeforeModesTestExecutionListener@6db36633, org.springframework.boot.test.mock.mockito.MockitoTestExecutionListener@363889b8, org.springframework.boot.test.autoconfigure.SpringBootDependencyInjectionTestExecutionListener@42d1c353, org.springframework.test.context.support.DirtiesContextTestExecutionListener@77719225, org.springframework.boot.test.autoconfigure.restdocs.RestDocsTestExecutionListener@105f006, org.springframework.boot.test.autoconfigure.web.client.MockRestServiceServerResetTestExecutionListener@7302ccd7, org.springframework.boot.test.autoconfigure.web.servlet.MockMvcPrintOnlyOnFailureTestExecutionListener@3f8552bf, org.springframework.boot.test.autoconfigure.web.servlet.WebDriverTestExecutionListener@441e0fd0, org.springframework.boot.test.mock.mockito.ResetMocksTestExecutionListener@6ab54295]

  .   ____          _            __ _ _
 /\\ / ___'_ __ _ _(_)_ __  __ _ \ \ \ \
( ( )\___ | '_ | '_| | '_ \/ _` | \ \ \ \
 \\/  ___)| |_)| | | | | || (_| |  ) ) ) )
  '  |____| .__|_| |_|_| |_\__, | / / / /
 =========|_|==============|___/=/_/_/_/
 :: Spring Boot ::        (v2.1.6.RELEASE)

2022-07-26 09:46:39.007  INFO 19148 --- [    Test worker] r.serviceUT.RewardsCentralServiceTest    : Starting RewardsCentralServiceTest on DESKTOP-HBE7KI5 with PID 19148 (started by guile in C:\Users\guile\OneDrive\Bureau\Formation\P8\JavaPathENProject8\rewardsCentral)
2022-07-26 09:46:39.007  INFO 19148 --- [    Test worker] r.serviceUT.RewardsCentralServiceTest    : No active profile set, falling back to default profiles: default
2022-07-26 09:46:39.339  INFO 19148 --- [    Test worker] o.s.s.concurrent.ThreadPoolTaskExecutor  : Initializing ExecutorService 'applicationTaskExecutor'
2022-07-26 09:46:39.564  INFO 19148 --- [    Test worker] o.s.b.a.e.web.EndpointLinksResolver      : Exposing 2 endpoint(s) beneath base path '/actuator'
2022-07-26 09:46:39.588  INFO 19148 --- [    Test worker] r.serviceUT.RewardsCentralServiceTest    : Started RewardsCentralServiceTest in 0.603 seconds (JVM running for 5.774)
]]></system-out>
  <system-err><![CDATA[]]></system-err>
</testsuite>
