<?xml version="1.0" encoding="UTF-8"?>
<testsuite name="rewardsCentral.RewardsCentralApplicationTests" tests="1" skipped="0" failures="0" errors="0" timestamp="2022-04-26T10:01:34" hostname="DESKTOP-HBE7KI5" time="0.0">
  <properties/>
  <testcase name="contextLoads" classname="rewardsCentral.RewardsCentralApplicationTests" time="0.0"/>
  <system-out><![CDATA[]]></system-out>
  <system-err><![CDATA[]]></system-err>
</testsuite>
