<?xml version="1.0" encoding="UTF-8"?>
<testsuite name="rewardsCentral.controllerUT.RewardsCentralControllerTest" tests="1" skipped="0" failures="0" errors="0" timestamp="2022-04-26T10:01:33" hostname="DESKTOP-HBE7KI5" time="0.238">
  <properties/>
  <testcase name="getRewardsTest" classname="rewardsCentral.controllerUT.RewardsCentralControllerTest" time="0.238"/>
  <system-out><![CDATA[12:01:30.248 [Test worker] DEBUG org.springframework.test.context.junit4.SpringJUnit4ClassRunner - SpringJUnit4ClassRunner constructor called with [class rewardsCentral.controllerUT.RewardsCentralControllerTest]
12:01:30.260 [Test worker] DEBUG org.springframework.test.context.BootstrapUtils - Instantiating CacheAwareContextLoaderDelegate from class [org.springframework.test.context.cache.DefaultCacheAwareContextLoaderDelegate]
12:01:30.277 [Test worker] DEBUG org.springframework.test.context.BootstrapUtils - Instantiating BootstrapContext using constructor [public org.springframework.test.context.support.DefaultBootstrapContext(java.lang.Class,org.springframework.test.context.CacheAwareContextLoaderDelegate)]
12:01:30.321 [Test worker] DEBUG org.springframework.test.context.BootstrapUtils - Instantiating TestContextBootstrapper for test class [rewardsCentral.controllerUT.RewardsCentralControllerTest] from class [org.springframework.boot.test.context.SpringBootTestContextBootstrapper]
12:01:30.336 [Test worker] INFO org.springframework.boot.test.context.SpringBootTestContextBootstrapper - Neither @ContextConfiguration nor @ContextHierarchy found for test class [rewardsCentral.controllerUT.RewardsCentralControllerTest], using SpringBootContextLoader
12:01:30.341 [Test worker] DEBUG org.springframework.test.context.support.AbstractContextLoader - Did not detect default resource location for test class [rewardsCentral.controllerUT.RewardsCentralControllerTest]: class path resource [rewardsCentral/controllerUT/RewardsCentralControllerTest-context.xml] does not exist
12:01:30.341 [Test worker] DEBUG org.springframework.test.context.support.AbstractContextLoader - Did not detect default resource location for test class [rewardsCentral.controllerUT.RewardsCentralControllerTest]: class path resource [rewardsCentral/controllerUT/RewardsCentralControllerTestContext.groovy] does not exist
12:01:30.341 [Test worker] INFO org.springframework.test.context.support.AbstractContextLoader - Could not detect default resource locations for test class [rewardsCentral.controllerUT.RewardsCentralControllerTest]: no resource found for suffixes {-context.xml, Context.groovy}.
12:01:30.342 [Test worker] INFO org.springframework.test.context.support.AnnotationConfigContextLoaderUtils - Could not detect default configuration classes for test class [rewardsCentral.controllerUT.RewardsCentralControllerTest]: RewardsCentralControllerTest does not declare any static, non-private, non-final, nested classes annotated with @Configuration.
12:01:30.406 [Test worker] DEBUG org.springframework.test.context.support.ActiveProfilesUtils - Could not find an 'annotation declaring class' for annotation type [org.springframework.test.context.ActiveProfiles] and class [rewardsCentral.controllerUT.RewardsCentralControllerTest]
12:01:30.500 [Test worker] DEBUG org.springframework.context.annotation.ClassPathScanningCandidateComponentProvider - Identified candidate component class: file [C:\Users\guile\OneDrive\Bureau\Formation\P8\JavaPathENProject8\rewardsCentral\build\classes\java\main\rewardsCentral\RewardsCentralApplication.class]
12:01:30.501 [Test worker] INFO org.springframework.boot.test.context.SpringBootTestContextBootstrapper - Found @SpringBootConfiguration rewardsCentral.RewardsCentralApplication for test class rewardsCentral.controllerUT.RewardsCentralControllerTest
12:01:30.629 [Test worker] DEBUG org.springframework.boot.test.context.SpringBootTestContextBootstrapper - @TestExecutionListeners is not present for class [rewardsCentral.controllerUT.RewardsCentralControllerTest]: using defaults.
12:01:30.630 [Test worker] INFO org.springframework.boot.test.context.SpringBootTestContextBootstrapper - Loaded default TestExecutionListener class names from location [META-INF/spring.factories]: [org.springframework.boot.test.autoconfigure.restdocs.RestDocsTestExecutionListener, org.springframework.boot.test.autoconfigure.web.client.MockRestServiceServerResetTestExecutionListener, org.springframework.boot.test.autoconfigure.web.servlet.MockMvcPrintOnlyOnFailureTestExecutionListener, org.springframework.boot.test.autoconfigure.web.servlet.WebDriverTestExecutionListener, org.springframework.boot.test.mock.mockito.MockitoTestExecutionListener, org.springframework.boot.test.mock.mockito.ResetMocksTestExecutionListener, org.springframework.test.context.web.ServletTestExecutionListener, org.springframework.test.context.support.DirtiesContextBeforeModesTestExecutionListener, org.springframework.test.context.support.DependencyInjectionTestExecutionListener, org.springframework.test.context.support.DirtiesContextTestExecutionListener, org.springframework.test.context.transaction.TransactionalTestExecutionListener, org.springframework.test.context.jdbc.SqlScriptsTestExecutionListener]
12:01:30.646 [Test worker] DEBUG org.springframework.boot.test.context.SpringBootTestContextBootstrapper - Skipping candidate TestExecutionListener [org.springframework.test.context.transaction.TransactionalTestExecutionListener] due to a missing dependency. Specify custom listener classes or make the default listener classes and their required dependencies available. Offending class: [org/springframework/transaction/interceptor/TransactionAttributeSource]
12:01:30.646 [Test worker] DEBUG org.springframework.boot.test.context.SpringBootTestContextBootstrapper - Skipping candidate TestExecutionListener [org.springframework.test.context.jdbc.SqlScriptsTestExecutionListener] due to a missing dependency. Specify custom listener classes or make the default listener classes and their required dependencies available. Offending class: [org/springframework/transaction/interceptor/TransactionAttribute]
12:01:30.647 [Test worker] INFO org.springframework.boot.test.context.SpringBootTestContextBootstrapper - Using TestExecutionListeners: [org.springframework.test.context.web.ServletTestExecutionListener@151beb36, org.springframework.test.context.support.DirtiesContextBeforeModesTestExecutionListener@27f21dd2, org.springframework.boot.test.mock.mockito.MockitoTestExecutionListener@cacab59, org.springframework.boot.test.autoconfigure.SpringBootDependencyInjectionTestExecutionListener@3e9159f3, org.springframework.test.context.support.DirtiesContextTestExecutionListener@7499574c, org.springframework.boot.test.autoconfigure.restdocs.RestDocsTestExecutionListener@43b2d880, org.springframework.boot.test.autoconfigure.web.client.MockRestServiceServerResetTestExecutionListener@2a2d55cc, org.springframework.boot.test.autoconfigure.web.servlet.MockMvcPrintOnlyOnFailureTestExecutionListener@1e47dfbb, org.springframework.boot.test.autoconfigure.web.servlet.WebDriverTestExecutionListener@205ad808, org.springframework.boot.test.mock.mockito.ResetMocksTestExecutionListener@7579625b]
12:01:30.650 [Test worker] DEBUG org.springframework.test.annotation.ProfileValueUtils - Retrieved @ProfileValueSourceConfiguration [null] for test class [rewardsCentral.controllerUT.RewardsCentralControllerTest]
12:01:30.651 [Test worker] DEBUG org.springframework.test.annotation.ProfileValueUtils - Retrieved ProfileValueSource type [class org.springframework.test.annotation.SystemProfileValueSource] for class [rewardsCentral.controllerUT.RewardsCentralControllerTest]
12:01:30.651 [Test worker] DEBUG org.springframework.test.annotation.ProfileValueUtils - Retrieved @ProfileValueSourceConfiguration [null] for test class [rewardsCentral.controllerUT.RewardsCentralControllerTest]
12:01:30.651 [Test worker] DEBUG org.springframework.test.annotation.ProfileValueUtils - Retrieved ProfileValueSource type [class org.springframework.test.annotation.SystemProfileValueSource] for class [rewardsCentral.controllerUT.RewardsCentralControllerTest]
12:01:30.656 [Test worker] DEBUG org.springframework.test.context.support.AbstractDirtiesContextTestExecutionListener - Before test class: context [DefaultTestContext@7005ae84 testClass = RewardsCentralControllerTest, testInstance = [null], testMethod = [null], testException = [null], mergedContextConfiguration = [WebMergedContextConfiguration@6c70fb7d testClass = RewardsCentralControllerTest, locations = '{}', classes = '{class rewardsCentral.RewardsCentralApplication}', contextInitializerClasses = '[]', activeProfiles = '{}', propertySourceLocations = '{}', propertySourceProperties = '{org.springframework.boot.test.context.SpringBootTestContextBootstrapper=true}', contextCustomizers = set[org.springframework.boot.test.autoconfigure.properties.PropertyMappingContextCustomizer@e7e8512, org.springframework.boot.test.autoconfigure.web.servlet.WebDriverContextCustomizerFactory$Customizer@6d49b60, [ImportsContextCustomizer@4c82b802 key = [org.springframework.boot.test.autoconfigure.web.servlet.MockMvcAutoConfiguration, org.springframework.boot.test.autoconfigure.web.servlet.MockMvcSecurityAutoConfiguration, org.springframework.boot.test.autoconfigure.web.servlet.MockMvcWebClientAutoConfiguration, org.springframework.boot.test.autoconfigure.web.servlet.MockMvcWebDriverAutoConfiguration]], org.springframework.boot.test.context.filter.ExcludeFilterContextCustomizer@2757ade4, org.springframework.boot.test.json.DuplicateJsonObjectContextCustomizerFactory$DuplicateJsonObjectContextCustomizer@272c1560, org.springframework.boot.test.mock.mockito.MockitoContextCustomizer@b4a08cd7, org.springframework.boot.test.web.client.TestRestTemplateContextCustomizer@2b3ab5c3], resourceBasePath = 'src/main/webapp', contextLoader = 'org.springframework.boot.test.context.SpringBootContextLoader', parent = [null]], attributes = map['org.springframework.test.context.web.ServletTestExecutionListener.activateListener' -> true]], class annotated with @DirtiesContext [false] with mode [null].
12:01:30.657 [Test worker] DEBUG org.springframework.test.annotation.ProfileValueUtils - Retrieved @ProfileValueSourceConfiguration [null] for test class [rewardsCentral.controllerUT.RewardsCentralControllerTest]
12:01:30.657 [Test worker] DEBUG org.springframework.test.annotation.ProfileValueUtils - Retrieved ProfileValueSource type [class org.springframework.test.annotation.SystemProfileValueSource] for class [rewardsCentral.controllerUT.RewardsCentralControllerTest]
12:01:30.686 [Test worker] DEBUG org.springframework.test.context.support.TestPropertySourceUtils - Adding inlined properties to environment: {spring.jmx.enabled=false, org.springframework.boot.test.context.SpringBootTestContextBootstrapper=true, server.port=-1}

  .   ____          _            __ _ _
 /\\ / ___'_ __ _ _(_)_ __  __ _ \ \ \ \
( ( )\___ | '_ | '_| | '_ \/ _` | \ \ \ \
 \\/  ___)| |_)| | | | | || (_| |  ) ) ) )
  '  |____| .__|_| |_|_| |_\__, | / / / /
 =========|_|==============|___/=/_/_/_/
 :: Spring Boot ::        (v2.1.6.RELEASE)

2022-04-26 12:01:31.023  INFO 28056 --- [    Test worker] r.c.RewardsCentralControllerTest         : Starting RewardsCentralControllerTest on DESKTOP-HBE7KI5 with PID 28056 (started by guile in C:\Users\guile\OneDrive\Bureau\Formation\P8\JavaPathENProject8\rewardsCentral)
2022-04-26 12:01:31.025  INFO 28056 --- [    Test worker] r.c.RewardsCentralControllerTest         : No active profile set, falling back to default profiles: default
2022-04-26 12:01:33.194  INFO 28056 --- [    Test worker] o.s.s.concurrent.ThreadPoolTaskExecutor  : Initializing ExecutorService 'applicationTaskExecutor'
2022-04-26 12:01:33.758  INFO 28056 --- [    Test worker] o.s.b.t.m.w.SpringBootMockServletContext : Initializing Spring TestDispatcherServlet ''
2022-04-26 12:01:33.758  INFO 28056 --- [    Test worker] o.s.t.web.servlet.TestDispatcherServlet  : Initializing Servlet ''
2022-04-26 12:01:33.772  INFO 28056 --- [    Test worker] o.s.b.a.e.web.EndpointLinksResolver      : Exposing 2 endpoint(s) beneath base path '/actuator'
2022-04-26 12:01:33.797  INFO 28056 --- [    Test worker] o.s.t.web.servlet.TestDispatcherServlet  : Completed initialization in 39 ms
2022-04-26 12:01:33.842  INFO 28056 --- [    Test worker] r.c.RewardsCentralControllerTest         : Started RewardsCentralControllerTest in 3.14 seconds (JVM running for 4.741)
]]></system-out>
  <system-err><![CDATA[]]></system-err>
</testsuite>
