<?xml version="1.0" encoding="UTF-8"?>
<testsuite name="rewardsCentral.RewardsCentralApplicationTests" tests="1" skipped="0" failures="0" errors="0" timestamp="2022-04-25T13:48:08" hostname="DESKTOP-HBE7KI5" time="0.001">
  <properties/>
  <testcase name="contextLoads" classname="rewardsCentral.RewardsCentralApplicationTests" time="0.001"/>
  <system-out><![CDATA[]]></system-out>
  <system-err><![CDATA[]]></system-err>
</testsuite>
