<?xml version="1.0" encoding="UTF-8"?>
<testsuite name="rewardsCentral.serviceUT.RewardsCentralServiceTest" tests="2" skipped="0" failures="0" errors="0" timestamp="2022-04-25T08:07:42" hostname="DESKTOP-HBE7KI5" time="1.399">
  <properties/>
  <testcase name="getUserRewardsTest" classname="rewardsCentral.serviceUT.RewardsCentralServiceTest" time="0.905"/>
  <testcase name="getAttractionsRewardPointsTest" classname="rewardsCentral.serviceUT.RewardsCentralServiceTest" time="0.493"/>
  <system-out><![CDATA[10:07:39.187 [Test worker] DEBUG org.springframework.test.context.junit4.SpringJUnit4ClassRunner - SpringJUnit4ClassRunner constructor called with [class rewardsCentral.serviceUT.RewardsCentralServiceTest]
10:07:39.195 [Test worker] DEBUG org.springframework.test.context.BootstrapUtils - Instantiating CacheAwareContextLoaderDelegate from class [org.springframework.test.context.cache.DefaultCacheAwareContextLoaderDelegate]
10:07:39.208 [Test worker] DEBUG org.springframework.test.context.BootstrapUtils - Instantiating BootstrapContext using constructor [public org.springframework.test.context.support.DefaultBootstrapContext(java.lang.Class,org.springframework.test.context.CacheAwareContextLoaderDelegate)]
10:07:39.234 [Test worker] DEBUG org.springframework.test.context.BootstrapUtils - Instantiating TestContextBootstrapper for test class [rewardsCentral.serviceUT.RewardsCentralServiceTest] from class [org.springframework.boot.test.context.SpringBootTestContextBootstrapper]
10:07:39.250 [Test worker] INFO org.springframework.boot.test.context.SpringBootTestContextBootstrapper - Neither @ContextConfiguration nor @ContextHierarchy found for test class [rewardsCentral.serviceUT.RewardsCentralServiceTest], using SpringBootContextLoader
10:07:39.254 [Test worker] DEBUG org.springframework.test.context.support.AbstractContextLoader - Did not detect default resource location for test class [rewardsCentral.serviceUT.RewardsCentralServiceTest]: class path resource [rewardsCentral/serviceUT/RewardsCentralServiceTest-context.xml] does not exist
10:07:39.254 [Test worker] DEBUG org.springframework.test.context.support.AbstractContextLoader - Did not detect default resource location for test class [rewardsCentral.serviceUT.RewardsCentralServiceTest]: class path resource [rewardsCentral/serviceUT/RewardsCentralServiceTestContext.groovy] does not exist
10:07:39.254 [Test worker] INFO org.springframework.test.context.support.AbstractContextLoader - Could not detect default resource locations for test class [rewardsCentral.serviceUT.RewardsCentralServiceTest]: no resource found for suffixes {-context.xml, Context.groovy}.
10:07:39.255 [Test worker] INFO org.springframework.test.context.support.AnnotationConfigContextLoaderUtils - Could not detect default configuration classes for test class [rewardsCentral.serviceUT.RewardsCentralServiceTest]: RewardsCentralServiceTest does not declare any static, non-private, non-final, nested classes annotated with @Configuration.
10:07:39.301 [Test worker] DEBUG org.springframework.test.context.support.ActiveProfilesUtils - Could not find an 'annotation declaring class' for annotation type [org.springframework.test.context.ActiveProfiles] and class [rewardsCentral.serviceUT.RewardsCentralServiceTest]
10:07:39.389 [Test worker] DEBUG org.springframework.context.annotation.ClassPathScanningCandidateComponentProvider - Identified candidate component class: file [C:\Users\guile\OneDrive\Bureau\Formation\P8\JavaPathENProject8\rewardsCentral\build\classes\java\main\rewardsCentral\RewardsCentralApplication.class]
10:07:39.390 [Test worker] INFO org.springframework.boot.test.context.SpringBootTestContextBootstrapper - Found @SpringBootConfiguration rewardsCentral.RewardsCentralApplication for test class rewardsCentral.serviceUT.RewardsCentralServiceTest
10:07:39.492 [Test worker] DEBUG org.springframework.boot.test.context.SpringBootTestContextBootstrapper - @TestExecutionListeners is not present for class [rewardsCentral.serviceUT.RewardsCentralServiceTest]: using defaults.
10:07:39.493 [Test worker] INFO org.springframework.boot.test.context.SpringBootTestContextBootstrapper - Loaded default TestExecutionListener class names from location [META-INF/spring.factories]: [org.springframework.boot.test.autoconfigure.restdocs.RestDocsTestExecutionListener, org.springframework.boot.test.autoconfigure.web.client.MockRestServiceServerResetTestExecutionListener, org.springframework.boot.test.autoconfigure.web.servlet.MockMvcPrintOnlyOnFailureTestExecutionListener, org.springframework.boot.test.autoconfigure.web.servlet.WebDriverTestExecutionListener, org.springframework.boot.test.mock.mockito.MockitoTestExecutionListener, org.springframework.boot.test.mock.mockito.ResetMocksTestExecutionListener, org.springframework.test.context.web.ServletTestExecutionListener, org.springframework.test.context.support.DirtiesContextBeforeModesTestExecutionListener, org.springframework.test.context.support.DependencyInjectionTestExecutionListener, org.springframework.test.context.support.DirtiesContextTestExecutionListener, org.springframework.test.context.transaction.TransactionalTestExecutionListener, org.springframework.test.context.jdbc.SqlScriptsTestExecutionListener]
10:07:39.505 [Test worker] DEBUG org.springframework.boot.test.context.SpringBootTestContextBootstrapper - Skipping candidate TestExecutionListener [org.springframework.test.context.transaction.TransactionalTestExecutionListener] due to a missing dependency. Specify custom listener classes or make the default listener classes and their required dependencies available. Offending class: [org/springframework/transaction/interceptor/TransactionAttributeSource]
10:07:39.505 [Test worker] DEBUG org.springframework.boot.test.context.SpringBootTestContextBootstrapper - Skipping candidate TestExecutionListener [org.springframework.test.context.jdbc.SqlScriptsTestExecutionListener] due to a missing dependency. Specify custom listener classes or make the default listener classes and their required dependencies available. Offending class: [org/springframework/transaction/interceptor/TransactionAttribute]
10:07:39.506 [Test worker] INFO org.springframework.boot.test.context.SpringBootTestContextBootstrapper - Using TestExecutionListeners: [org.springframework.test.context.web.ServletTestExecutionListener@350f24a, org.springframework.test.context.support.DirtiesContextBeforeModesTestExecutionListener@223efe12, org.springframework.boot.test.mock.mockito.MockitoTestExecutionListener@35424f50, org.springframework.boot.test.autoconfigure.SpringBootDependencyInjectionTestExecutionListener@14a54ddc, org.springframework.test.context.support.DirtiesContextTestExecutionListener@10633fa0, org.springframework.boot.test.autoconfigure.restdocs.RestDocsTestExecutionListener@45f88dd0, org.springframework.boot.test.autoconfigure.web.client.MockRestServiceServerResetTestExecutionListener@62e762f0, org.springframework.boot.test.autoconfigure.web.servlet.MockMvcPrintOnlyOnFailureTestExecutionListener@5c9218dd, org.springframework.boot.test.autoconfigure.web.servlet.WebDriverTestExecutionListener@5585b2d0, org.springframework.boot.test.mock.mockito.ResetMocksTestExecutionListener@541233bd]
10:07:39.509 [Test worker] DEBUG org.springframework.test.annotation.ProfileValueUtils - Retrieved @ProfileValueSourceConfiguration [null] for test class [rewardsCentral.serviceUT.RewardsCentralServiceTest]
10:07:39.510 [Test worker] DEBUG org.springframework.test.annotation.ProfileValueUtils - Retrieved ProfileValueSource type [class org.springframework.test.annotation.SystemProfileValueSource] for class [rewardsCentral.serviceUT.RewardsCentralServiceTest]
10:07:39.511 [Test worker] DEBUG org.springframework.test.annotation.ProfileValueUtils - Retrieved @ProfileValueSourceConfiguration [null] for test class [rewardsCentral.serviceUT.RewardsCentralServiceTest]
10:07:39.511 [Test worker] DEBUG org.springframework.test.annotation.ProfileValueUtils - Retrieved ProfileValueSource type [class org.springframework.test.annotation.SystemProfileValueSource] for class [rewardsCentral.serviceUT.RewardsCentralServiceTest]
10:07:39.512 [Test worker] DEBUG org.springframework.test.annotation.ProfileValueUtils - Retrieved @ProfileValueSourceConfiguration [null] for test class [rewardsCentral.serviceUT.RewardsCentralServiceTest]
10:07:39.512 [Test worker] DEBUG org.springframework.test.annotation.ProfileValueUtils - Retrieved ProfileValueSource type [class org.springframework.test.annotation.SystemProfileValueSource] for class [rewardsCentral.serviceUT.RewardsCentralServiceTest]
10:07:39.516 [Test worker] DEBUG org.springframework.test.context.support.AbstractDirtiesContextTestExecutionListener - Before test class: context [DefaultTestContext@10803ee9 testClass = RewardsCentralServiceTest, testInstance = [null], testMethod = [null], testException = [null], mergedContextConfiguration = [WebMergedContextConfiguration@706b0078 testClass = RewardsCentralServiceTest, locations = '{}', classes = '{class rewardsCentral.RewardsCentralApplication}', contextInitializerClasses = '[]', activeProfiles = '{}', propertySourceLocations = '{}', propertySourceProperties = '{org.springframework.boot.test.context.SpringBootTestContextBootstrapper=true}', contextCustomizers = set[org.springframework.boot.test.autoconfigure.properties.PropertyMappingContextCustomizer@0, org.springframework.boot.test.autoconfigure.web.servlet.WebDriverContextCustomizerFactory$Customizer@73ac73c5, org.springframework.boot.test.context.filter.ExcludeFilterContextCustomizer@1e7cf596, org.springframework.boot.test.json.DuplicateJsonObjectContextCustomizerFactory$DuplicateJsonObjectContextCustomizer@2abb4496, org.springframework.boot.test.mock.mockito.MockitoContextCustomizer@0, org.springframework.boot.test.web.client.TestRestTemplateContextCustomizer@3ec95b41], resourceBasePath = 'src/main/webapp', contextLoader = 'org.springframework.boot.test.context.SpringBootContextLoader', parent = [null]], attributes = map['org.springframework.test.context.web.ServletTestExecutionListener.activateListener' -> true]], class annotated with @DirtiesContext [false] with mode [null].
10:07:39.516 [Test worker] DEBUG org.springframework.test.annotation.ProfileValueUtils - Retrieved @ProfileValueSourceConfiguration [null] for test class [rewardsCentral.serviceUT.RewardsCentralServiceTest]
10:07:39.516 [Test worker] DEBUG org.springframework.test.annotation.ProfileValueUtils - Retrieved ProfileValueSource type [class org.springframework.test.annotation.SystemProfileValueSource] for class [rewardsCentral.serviceUT.RewardsCentralServiceTest]
10:07:39.961 [Test worker] DEBUG org.springframework.test.context.support.TestPropertySourceUtils - Adding inlined properties to environment: {spring.jmx.enabled=false, org.springframework.boot.test.context.SpringBootTestContextBootstrapper=true, server.port=-1}

  .   ____          _            __ _ _
 /\\ / ___'_ __ _ _(_)_ __  __ _ \ \ \ \
( ( )\___ | '_ | '_| | '_ \/ _` | \ \ \ \
 \\/  ___)| |_)| | | | | || (_| |  ) ) ) )
  '  |____| .__|_| |_|_| |_\__, | / / / /
 =========|_|==============|___/=/_/_/_/
 :: Spring Boot ::        (v2.1.6.RELEASE)

2022-04-25 10:07:40.153  INFO 23880 --- [    Test worker] r.serviceUT.RewardsCentralServiceTest    : Starting RewardsCentralServiceTest on DESKTOP-HBE7KI5 with PID 23880 (started by guile in C:\Users\guile\OneDrive\Bureau\Formation\P8\JavaPathENProject8\rewardsCentral)
2022-04-25 10:07:40.155  INFO 23880 --- [    Test worker] r.serviceUT.RewardsCentralServiceTest    : No active profile set, falling back to default profiles: default
2022-04-25 10:07:41.483  INFO 23880 --- [    Test worker] o.s.s.concurrent.ThreadPoolTaskExecutor  : Initializing ExecutorService 'applicationTaskExecutor'
2022-04-25 10:07:42.009  INFO 23880 --- [    Test worker] o.s.b.a.e.web.EndpointLinksResolver      : Exposing 2 endpoint(s) beneath base path '/actuator'
2022-04-25 10:07:42.057  INFO 23880 --- [    Test worker] r.serviceUT.RewardsCentralServiceTest    : Started RewardsCentralServiceTest in 2.089 seconds (JVM running for 3.536)
]]></system-out>
  <system-err><![CDATA[]]></system-err>
</testsuite>
