<?xml version="1.0" encoding="UTF-8"?>
<testsuite name="rewardsCentral.serviceUT.RewardsCentralServiceTest" tests="2" skipped="0" failures="0" errors="0" timestamp="2022-04-26T10:01:34" hostname="DESKTOP-HBE7KI5" time="0.376">
  <properties/>
  <testcase name="getUserRewardsTest" classname="rewardsCentral.serviceUT.RewardsCentralServiceTest" time="0.269"/>
  <testcase name="getAttractionsRewardPointsTest" classname="rewardsCentral.serviceUT.RewardsCentralServiceTest" time="0.106"/>
  <system-out><![CDATA[2022-04-26 12:01:34.130  INFO 28056 --- [    Test worker] .b.t.c.SpringBootTestContextBootstrapper : Neither @ContextConfiguration nor @ContextHierarchy found for test class [rewardsCentral.serviceUT.RewardsCentralServiceTest], using SpringBootContextLoader
2022-04-26 12:01:34.131  INFO 28056 --- [    Test worker] o.s.t.c.support.AbstractContextLoader    : Could not detect default resource locations for test class [rewardsCentral.serviceUT.RewardsCentralServiceTest]: no resource found for suffixes {-context.xml, Context.groovy}.
2022-04-26 12:01:34.131  INFO 28056 --- [    Test worker] t.c.s.AnnotationConfigContextLoaderUtils : Could not detect default configuration classes for test class [rewardsCentral.serviceUT.RewardsCentralServiceTest]: RewardsCentralServiceTest does not declare any static, non-private, non-final, nested classes annotated with @Configuration.
2022-04-26 12:01:34.134  INFO 28056 --- [    Test worker] .b.t.c.SpringBootTestContextBootstrapper : Found @SpringBootConfiguration rewardsCentral.RewardsCentralApplication for test class rewardsCentral.serviceUT.RewardsCentralServiceTest
2022-04-26 12:01:34.135  INFO 28056 --- [    Test worker] .b.t.c.SpringBootTestContextBootstrapper : Loaded default TestExecutionListener class names from location [META-INF/spring.factories]: [org.springframework.boot.test.autoconfigure.restdocs.RestDocsTestExecutionListener, org.springframework.boot.test.autoconfigure.web.client.MockRestServiceServerResetTestExecutionListener, org.springframework.boot.test.autoconfigure.web.servlet.MockMvcPrintOnlyOnFailureTestExecutionListener, org.springframework.boot.test.autoconfigure.web.servlet.WebDriverTestExecutionListener, org.springframework.boot.test.mock.mockito.MockitoTestExecutionListener, org.springframework.boot.test.mock.mockito.ResetMocksTestExecutionListener, org.springframework.test.context.web.ServletTestExecutionListener, org.springframework.test.context.support.DirtiesContextBeforeModesTestExecutionListener, org.springframework.test.context.support.DependencyInjectionTestExecutionListener, org.springframework.test.context.support.DirtiesContextTestExecutionListener, org.springframework.test.context.transaction.TransactionalTestExecutionListener, org.springframework.test.context.jdbc.SqlScriptsTestExecutionListener]
2022-04-26 12:01:34.136  INFO 28056 --- [    Test worker] .b.t.c.SpringBootTestContextBootstrapper : Using TestExecutionListeners: [org.springframework.test.context.web.ServletTestExecutionListener@7a61adc6, org.springframework.test.context.support.DirtiesContextBeforeModesTestExecutionListener@42a8fc1e, org.springframework.boot.test.mock.mockito.MockitoTestExecutionListener@68118aa7, org.springframework.boot.test.autoconfigure.SpringBootDependencyInjectionTestExecutionListener@c7f648b, org.springframework.test.context.support.DirtiesContextTestExecutionListener@7b07e75f, org.springframework.boot.test.autoconfigure.restdocs.RestDocsTestExecutionListener@7e4abc2d, org.springframework.boot.test.autoconfigure.web.client.MockRestServiceServerResetTestExecutionListener@1a6a55f1, org.springframework.boot.test.autoconfigure.web.servlet.MockMvcPrintOnlyOnFailureTestExecutionListener@6d46210b, org.springframework.boot.test.autoconfigure.web.servlet.WebDriverTestExecutionListener@29bf1ee3, org.springframework.boot.test.mock.mockito.ResetMocksTestExecutionListener@2bf642d]

  .   ____          _            __ _ _
 /\\ / ___'_ __ _ _(_)_ __  __ _ \ \ \ \
( ( )\___ | '_ | '_| | '_ \/ _` | \ \ \ \
 \\/  ___)| |_)| | | | | || (_| |  ) ) ) )
  '  |____| .__|_| |_|_| |_\__, | / / / /
 =========|_|==============|___/=/_/_/_/
 :: Spring Boot ::        (v2.1.6.RELEASE)

2022-04-26 12:01:34.248  INFO 28056 --- [    Test worker] r.serviceUT.RewardsCentralServiceTest    : Starting RewardsCentralServiceTest on DESKTOP-HBE7KI5 with PID 28056 (started by guile in C:\Users\guile\OneDrive\Bureau\Formation\P8\JavaPathENProject8\rewardsCentral)
2022-04-26 12:01:34.249  INFO 28056 --- [    Test worker] r.serviceUT.RewardsCentralServiceTest    : No active profile set, falling back to default profiles: default
2022-04-26 12:01:34.574  INFO 28056 --- [    Test worker] o.s.s.concurrent.ThreadPoolTaskExecutor  : Initializing ExecutorService 'applicationTaskExecutor'
2022-04-26 12:01:34.804  INFO 28056 --- [    Test worker] o.s.b.a.e.web.EndpointLinksResolver      : Exposing 2 endpoint(s) beneath base path '/actuator'
2022-04-26 12:01:34.829  INFO 28056 --- [    Test worker] r.serviceUT.RewardsCentralServiceTest    : Started RewardsCentralServiceTest in 0.601 seconds (JVM running for 5.728)
]]></system-out>
  <system-err><![CDATA[]]></system-err>
</testsuite>
