<?xml version="1.0" encoding="UTF-8"?>
<testsuite name="tripPricer.controllerTest.TripPricerControllerTest" tests="1" skipped="0" failures="0" errors="0" timestamp="2022-04-19T10:50:28" hostname="DESKTOP-HBE7KI5" time="0.186">
  <properties/>
  <testcase name="getPriceTest" classname="tripPricer.controllerTest.TripPricerControllerTest" time="0.186"/>
  <system-out><![CDATA[12:50:25.875 [Test worker] DEBUG org.springframework.test.context.junit4.SpringJUnit4ClassRunner - SpringJUnit4ClassRunner constructor called with [class tripPricer.controllerTest.TripPricerControllerTest]
12:50:25.884 [Test worker] DEBUG org.springframework.test.context.BootstrapUtils - Instantiating CacheAwareContextLoaderDelegate from class [org.springframework.test.context.cache.DefaultCacheAwareContextLoaderDelegate]
12:50:25.896 [Test worker] DEBUG org.springframework.test.context.BootstrapUtils - Instantiating BootstrapContext using constructor [public org.springframework.test.context.support.DefaultBootstrapContext(java.lang.Class,org.springframework.test.context.CacheAwareContextLoaderDelegate)]
12:50:25.925 [Test worker] DEBUG org.springframework.test.context.BootstrapUtils - Instantiating TestContextBootstrapper for test class [tripPricer.controllerTest.TripPricerControllerTest] from class [org.springframework.boot.test.context.SpringBootTestContextBootstrapper]
12:50:25.938 [Test worker] INFO org.springframework.boot.test.context.SpringBootTestContextBootstrapper - Neither @ContextConfiguration nor @ContextHierarchy found for test class [tripPricer.controllerTest.TripPricerControllerTest], using SpringBootContextLoader
12:50:25.942 [Test worker] DEBUG org.springframework.test.context.support.AbstractContextLoader - Did not detect default resource location for test class [tripPricer.controllerTest.TripPricerControllerTest]: class path resource [tripPricer/controllerTest/TripPricerControllerTest-context.xml] does not exist
12:50:25.942 [Test worker] DEBUG org.springframework.test.context.support.AbstractContextLoader - Did not detect default resource location for test class [tripPricer.controllerTest.TripPricerControllerTest]: class path resource [tripPricer/controllerTest/TripPricerControllerTestContext.groovy] does not exist
12:50:25.943 [Test worker] INFO org.springframework.test.context.support.AbstractContextLoader - Could not detect default resource locations for test class [tripPricer.controllerTest.TripPricerControllerTest]: no resource found for suffixes {-context.xml, Context.groovy}.
12:50:25.943 [Test worker] INFO org.springframework.test.context.support.AnnotationConfigContextLoaderUtils - Could not detect default configuration classes for test class [tripPricer.controllerTest.TripPricerControllerTest]: TripPricerControllerTest does not declare any static, non-private, non-final, nested classes annotated with @Configuration.
12:50:26.006 [Test worker] DEBUG org.springframework.test.context.support.ActiveProfilesUtils - Could not find an 'annotation declaring class' for annotation type [org.springframework.test.context.ActiveProfiles] and class [tripPricer.controllerTest.TripPricerControllerTest]
12:50:26.079 [Test worker] DEBUG org.springframework.context.annotation.ClassPathScanningCandidateComponentProvider - Identified candidate component class: file [C:\Users\guile\OneDrive\Bureau\Formation\P8\JavaPathENProject8\tripPricer\build\classes\java\main\tripPricer\TripPricerApplication.class]
12:50:26.082 [Test worker] INFO org.springframework.boot.test.context.SpringBootTestContextBootstrapper - Found @SpringBootConfiguration tripPricer.TripPricerApplication for test class tripPricer.controllerTest.TripPricerControllerTest
12:50:26.179 [Test worker] DEBUG org.springframework.boot.test.context.SpringBootTestContextBootstrapper - @TestExecutionListeners is not present for class [tripPricer.controllerTest.TripPricerControllerTest]: using defaults.
12:50:26.180 [Test worker] INFO org.springframework.boot.test.context.SpringBootTestContextBootstrapper - Loaded default TestExecutionListener class names from location [META-INF/spring.factories]: [org.springframework.boot.test.autoconfigure.restdocs.RestDocsTestExecutionListener, org.springframework.boot.test.autoconfigure.web.client.MockRestServiceServerResetTestExecutionListener, org.springframework.boot.test.autoconfigure.web.servlet.MockMvcPrintOnlyOnFailureTestExecutionListener, org.springframework.boot.test.autoconfigure.web.servlet.WebDriverTestExecutionListener, org.springframework.boot.test.mock.mockito.MockitoTestExecutionListener, org.springframework.boot.test.mock.mockito.ResetMocksTestExecutionListener, org.springframework.test.context.web.ServletTestExecutionListener, org.springframework.test.context.support.DirtiesContextBeforeModesTestExecutionListener, org.springframework.test.context.support.DependencyInjectionTestExecutionListener, org.springframework.test.context.support.DirtiesContextTestExecutionListener, org.springframework.test.context.transaction.TransactionalTestExecutionListener, org.springframework.test.context.jdbc.SqlScriptsTestExecutionListener]
12:50:26.191 [Test worker] DEBUG org.springframework.boot.test.context.SpringBootTestContextBootstrapper - Skipping candidate TestExecutionListener [org.springframework.test.context.transaction.TransactionalTestExecutionListener] due to a missing dependency. Specify custom listener classes or make the default listener classes and their required dependencies available. Offending class: [org/springframework/transaction/TransactionDefinition]
12:50:26.192 [Test worker] DEBUG org.springframework.boot.test.context.SpringBootTestContextBootstrapper - Skipping candidate TestExecutionListener [org.springframework.test.context.jdbc.SqlScriptsTestExecutionListener] due to a missing dependency. Specify custom listener classes or make the default listener classes and their required dependencies available. Offending class: [org/springframework/transaction/interceptor/TransactionAttribute]
12:50:26.192 [Test worker] INFO org.springframework.boot.test.context.SpringBootTestContextBootstrapper - Using TestExecutionListeners: [org.springframework.test.context.web.ServletTestExecutionListener@5ae2e374, org.springframework.test.context.support.DirtiesContextBeforeModesTestExecutionListener@6bc4c7a5, org.springframework.boot.test.mock.mockito.MockitoTestExecutionListener@18b517df, org.springframework.boot.test.autoconfigure.SpringBootDependencyInjectionTestExecutionListener@42a55b55, org.springframework.test.context.support.DirtiesContextTestExecutionListener@f91e936, org.springframework.boot.test.autoconfigure.restdocs.RestDocsTestExecutionListener@4225ee8e, org.springframework.boot.test.autoconfigure.web.client.MockRestServiceServerResetTestExecutionListener@729e12fa, org.springframework.boot.test.autoconfigure.web.servlet.MockMvcPrintOnlyOnFailureTestExecutionListener@1a89900f, org.springframework.boot.test.autoconfigure.web.servlet.WebDriverTestExecutionListener@1a511231, org.springframework.boot.test.mock.mockito.ResetMocksTestExecutionListener@77edde6b]
12:50:26.197 [Test worker] DEBUG org.springframework.test.annotation.ProfileValueUtils - Retrieved @ProfileValueSourceConfiguration [null] for test class [tripPricer.controllerTest.TripPricerControllerTest]
12:50:26.197 [Test worker] DEBUG org.springframework.test.annotation.ProfileValueUtils - Retrieved ProfileValueSource type [class org.springframework.test.annotation.SystemProfileValueSource] for class [tripPricer.controllerTest.TripPricerControllerTest]
12:50:26.200 [Test worker] DEBUG org.springframework.test.annotation.ProfileValueUtils - Retrieved @ProfileValueSourceConfiguration [null] for test class [tripPricer.controllerTest.TripPricerControllerTest]
12:50:26.200 [Test worker] DEBUG org.springframework.test.annotation.ProfileValueUtils - Retrieved ProfileValueSource type [class org.springframework.test.annotation.SystemProfileValueSource] for class [tripPricer.controllerTest.TripPricerControllerTest]
12:50:26.201 [Test worker] DEBUG org.springframework.test.annotation.ProfileValueUtils - Retrieved @ProfileValueSourceConfiguration [null] for test class [tripPricer.controllerTest.TripPricerControllerTest]
12:50:26.201 [Test worker] DEBUG org.springframework.test.annotation.ProfileValueUtils - Retrieved ProfileValueSource type [class org.springframework.test.annotation.SystemProfileValueSource] for class [tripPricer.controllerTest.TripPricerControllerTest]
12:50:26.205 [Test worker] DEBUG org.springframework.test.context.support.AbstractDirtiesContextTestExecutionListener - Before test class: context [DefaultTestContext@5852c2b3 testClass = TripPricerControllerTest, testInstance = [null], testMethod = [null], testException = [null], mergedContextConfiguration = [WebMergedContextConfiguration@2d51bb20 testClass = TripPricerControllerTest, locations = '{}', classes = '{class tripPricer.TripPricerApplication}', contextInitializerClasses = '[]', activeProfiles = '{}', propertySourceLocations = '{}', propertySourceProperties = '{org.springframework.boot.test.context.SpringBootTestContextBootstrapper=true}', contextCustomizers = set[org.springframework.boot.test.autoconfigure.properties.PropertyMappingContextCustomizer@e7e8512, org.springframework.boot.test.autoconfigure.web.servlet.WebDriverContextCustomizerFactory$Customizer@23372939, [ImportsContextCustomizer@254bf6b8 key = [org.springframework.boot.test.autoconfigure.web.servlet.MockMvcAutoConfiguration, org.springframework.boot.test.autoconfigure.web.servlet.MockMvcSecurityAutoConfiguration, org.springframework.boot.test.autoconfigure.web.servlet.MockMvcWebClientAutoConfiguration, org.springframework.boot.test.autoconfigure.web.servlet.MockMvcWebDriverAutoConfiguration]], org.springframework.boot.test.context.filter.ExcludeFilterContextCustomizer@31a3f913, org.springframework.boot.test.json.DuplicateJsonObjectContextCustomizerFactory$DuplicateJsonObjectContextCustomizer@5229e0fe, org.springframework.boot.test.mock.mockito.MockitoContextCustomizer@ef0eb2ed, org.springframework.boot.test.web.client.TestRestTemplateContextCustomizer@2b05749], resourceBasePath = 'src/main/webapp', contextLoader = 'org.springframework.boot.test.context.SpringBootContextLoader', parent = [null]], attributes = map['org.springframework.test.context.web.ServletTestExecutionListener.activateListener' -> true]], class annotated with @DirtiesContext [false] with mode [null].
12:50:26.206 [Test worker] DEBUG org.springframework.test.annotation.ProfileValueUtils - Retrieved @ProfileValueSourceConfiguration [null] for test class [tripPricer.controllerTest.TripPricerControllerTest]
12:50:26.206 [Test worker] DEBUG org.springframework.test.annotation.ProfileValueUtils - Retrieved ProfileValueSource type [class org.springframework.test.annotation.SystemProfileValueSource] for class [tripPricer.controllerTest.TripPricerControllerTest]
12:50:26.228 [Test worker] DEBUG org.springframework.test.context.support.TestPropertySourceUtils - Adding inlined properties to environment: {spring.jmx.enabled=false, org.springframework.boot.test.context.SpringBootTestContextBootstrapper=true, server.port=-1}

  .   ____          _            __ _ _
 /\\ / ___'_ __ _ _(_)_ __  __ _ \ \ \ \
( ( )\___ | '_ | '_| | '_ \/ _` | \ \ \ \
 \\/  ___)| |_)| | | | | || (_| |  ) ) ) )
  '  |____| .__|_| |_|_| |_\__, | / / / /
 =========|_|==============|___/=/_/_/_/
 :: Spring Boot ::        (v2.1.6.RELEASE)

2022-04-19 12:50:26.488  INFO 34852 --- [    Test worker] t.c.TripPricerControllerTest             : Starting TripPricerControllerTest on DESKTOP-HBE7KI5 with PID 34852 (started by guile in C:\Users\guile\OneDrive\Bureau\Formation\P8\JavaPathENProject8\tripPricer)
2022-04-19 12:50:26.489  INFO 34852 --- [    Test worker] t.c.TripPricerControllerTest             : No active profile set, falling back to default profiles: default
2022-04-19 12:50:28.147  INFO 34852 --- [    Test worker] o.s.s.concurrent.ThreadPoolTaskExecutor  : Initializing ExecutorService 'applicationTaskExecutor'
2022-04-19 12:50:28.683  INFO 34852 --- [    Test worker] o.s.b.t.m.w.SpringBootMockServletContext : Initializing Spring TestDispatcherServlet ''
2022-04-19 12:50:28.683  INFO 34852 --- [    Test worker] o.s.t.web.servlet.TestDispatcherServlet  : Initializing Servlet ''
2022-04-19 12:50:28.696  INFO 34852 --- [    Test worker] o.s.b.a.e.web.EndpointLinksResolver      : Exposing 2 endpoint(s) beneath base path '/actuator'
2022-04-19 12:50:28.722  INFO 34852 --- [    Test worker] o.s.t.web.servlet.TestDispatcherServlet  : Completed initialization in 39 ms
2022-04-19 12:50:28.759  INFO 34852 --- [    Test worker] t.c.TripPricerControllerTest             : Started TripPricerControllerTest in 2.521 seconds (JVM running for 3.579)
]]></system-out>
  <system-err><![CDATA[]]></system-err>
</testsuite>
