<?xml version="1.0" encoding="UTF-8"?>
<testsuite name="tripPricer.serviceTest.TripPricerServiceTest" tests="2" skipped="0" failures="0" errors="0" timestamp="2022-04-26T10:02:20" hostname="DESKTOP-HBE7KI5" time="0.025">
  <properties/>
  <testcase name="getPriceTest" classname="tripPricer.serviceTest.TripPricerServiceTest" time="0.014"/>
  <testcase name="getTripDealsTest" classname="tripPricer.serviceTest.TripPricerServiceTest" time="0.011"/>
  <system-out><![CDATA[2022-04-26 12:02:20.058  INFO 14544 --- [    Test worker] .b.t.c.SpringBootTestContextBootstrapper : Neither @ContextConfiguration nor @ContextHierarchy found for test class [tripPricer.serviceTest.TripPricerServiceTest], using SpringBootContextLoader
2022-04-26 12:02:20.059  INFO 14544 --- [    Test worker] o.s.t.c.support.AbstractContextLoader    : Could not detect default resource locations for test class [tripPricer.serviceTest.TripPricerServiceTest]: no resource found for suffixes {-context.xml, Context.groovy}.
2022-04-26 12:02:20.059  INFO 14544 --- [    Test worker] t.c.s.AnnotationConfigContextLoaderUtils : Could not detect default configuration classes for test class [tripPricer.serviceTest.TripPricerServiceTest]: TripPricerServiceTest does not declare any static, non-private, non-final, nested classes annotated with @Configuration.
2022-04-26 12:02:20.065  INFO 14544 --- [    Test worker] .b.t.c.SpringBootTestContextBootstrapper : Found @SpringBootConfiguration tripPricer.TripPricerApplication for test class tripPricer.serviceTest.TripPricerServiceTest
2022-04-26 12:02:20.066  INFO 14544 --- [    Test worker] .b.t.c.SpringBootTestContextBootstrapper : Loaded default TestExecutionListener class names from location [META-INF/spring.factories]: [org.springframework.boot.test.autoconfigure.restdocs.RestDocsTestExecutionListener, org.springframework.boot.test.autoconfigure.web.client.MockRestServiceServerResetTestExecutionListener, org.springframework.boot.test.autoconfigure.web.servlet.MockMvcPrintOnlyOnFailureTestExecutionListener, org.springframework.boot.test.autoconfigure.web.servlet.WebDriverTestExecutionListener, org.springframework.boot.test.mock.mockito.MockitoTestExecutionListener, org.springframework.boot.test.mock.mockito.ResetMocksTestExecutionListener, org.springframework.test.context.web.ServletTestExecutionListener, org.springframework.test.context.support.DirtiesContextBeforeModesTestExecutionListener, org.springframework.test.context.support.DependencyInjectionTestExecutionListener, org.springframework.test.context.support.DirtiesContextTestExecutionListener, org.springframework.test.context.transaction.TransactionalTestExecutionListener, org.springframework.test.context.jdbc.SqlScriptsTestExecutionListener]
2022-04-26 12:02:20.067  INFO 14544 --- [    Test worker] .b.t.c.SpringBootTestContextBootstrapper : Using TestExecutionListeners: [org.springframework.test.context.web.ServletTestExecutionListener@4783943e, org.springframework.test.context.support.DirtiesContextBeforeModesTestExecutionListener@51bc3e5d, org.springframework.boot.test.mock.mockito.MockitoTestExecutionListener@5b82148e, org.springframework.boot.test.autoconfigure.SpringBootDependencyInjectionTestExecutionListener@5576adf1, org.springframework.test.context.support.DirtiesContextTestExecutionListener@e0fe105, org.springframework.boot.test.autoconfigure.restdocs.RestDocsTestExecutionListener@3ef1784f, org.springframework.boot.test.autoconfigure.web.client.MockRestServiceServerResetTestExecutionListener@751c2d7b, org.springframework.boot.test.autoconfigure.web.servlet.MockMvcPrintOnlyOnFailureTestExecutionListener@15e51f0c, org.springframework.boot.test.autoconfigure.web.servlet.WebDriverTestExecutionListener@6493c37c, org.springframework.boot.test.mock.mockito.ResetMocksTestExecutionListener@5195eca1]

  .   ____          _            __ _ _
 /\\ / ___'_ __ _ _(_)_ __  __ _ \ \ \ \
( ( )\___ | '_ | '_| | '_ \/ _` | \ \ \ \
 \\/  ___)| |_)| | | | | || (_| |  ) ) ) )
  '  |____| .__|_| |_|_| |_\__, | / / / /
 =========|_|==============|___/=/_/_/_/
 :: Spring Boot ::        (v2.1.6.RELEASE)

2022-04-26 12:02:20.157  INFO 14544 --- [    Test worker] t.serviceTest.TripPricerServiceTest      : Starting TripPricerServiceTest on DESKTOP-HBE7KI5 with PID 14544 (started by guile in C:\Users\guile\OneDrive\Bureau\Formation\P8\JavaPathENProject8\tripPricer)
2022-04-26 12:02:20.157  INFO 14544 --- [    Test worker] t.serviceTest.TripPricerServiceTest      : No active profile set, falling back to default profiles: default
2022-04-26 12:02:20.485  INFO 14544 --- [    Test worker] o.s.s.concurrent.ThreadPoolTaskExecutor  : Initializing ExecutorService 'applicationTaskExecutor'
2022-04-26 12:02:20.722  INFO 14544 --- [    Test worker] o.s.b.a.e.web.EndpointLinksResolver      : Exposing 2 endpoint(s) beneath base path '/actuator'
2022-04-26 12:02:20.753  INFO 14544 --- [    Test worker] t.serviceTest.TripPricerServiceTest      : Started TripPricerServiceTest in 0.61 seconds (JVM running for 5.687)
]]></system-out>
  <system-err><![CDATA[]]></system-err>
</testsuite>
