<?xml version="1.0" encoding="UTF-8"?>
<testsuite name="tripPricer.serviceTest.TripPricerServiceTest" tests="2" skipped="0" failures="0" errors="0" timestamp="2022-07-26T07:47:03" hostname="DESKTOP-HBE7KI5" time="0.077">
  <properties/>
  <testcase name="getPriceTest" classname="tripPricer.serviceTest.TripPricerServiceTest" time="0.048"/>
  <testcase name="getTripDealsTest" classname="tripPricer.serviceTest.TripPricerServiceTest" time="0.029"/>
  <system-out><![CDATA[2022-07-26 09:47:03.071  INFO 33604 --- [    Test worker] .b.t.c.SpringBootTestContextBootstrapper : Neither @ContextConfiguration nor @ContextHierarchy found for test class [tripPricer.serviceTest.TripPricerServiceTest], using SpringBootContextLoader
2022-07-26 09:47:03.072  INFO 33604 --- [    Test worker] o.s.t.c.support.AbstractContextLoader    : Could not detect default resource locations for test class [tripPricer.serviceTest.TripPricerServiceTest]: no resource found for suffixes {-context.xml, Context.groovy}.
2022-07-26 09:47:03.072  INFO 33604 --- [    Test worker] t.c.s.AnnotationConfigContextLoaderUtils : Could not detect default configuration classes for test class [tripPricer.serviceTest.TripPricerServiceTest]: TripPricerServiceTest does not declare any static, non-private, non-final, nested classes annotated with @Configuration.
2022-07-26 09:47:03.078  INFO 33604 --- [    Test worker] .b.t.c.SpringBootTestContextBootstrapper : Found @SpringBootConfiguration tripPricer.TripPricerApplication for test class tripPricer.serviceTest.TripPricerServiceTest
2022-07-26 09:47:03.079  INFO 33604 --- [    Test worker] .b.t.c.SpringBootTestContextBootstrapper : Loaded default TestExecutionListener class names from location [META-INF/spring.factories]: [org.springframework.boot.test.autoconfigure.restdocs.RestDocsTestExecutionListener, org.springframework.boot.test.autoconfigure.web.client.MockRestServiceServerResetTestExecutionListener, org.springframework.boot.test.autoconfigure.web.servlet.MockMvcPrintOnlyOnFailureTestExecutionListener, org.springframework.boot.test.autoconfigure.web.servlet.WebDriverTestExecutionListener, org.springframework.boot.test.mock.mockito.MockitoTestExecutionListener, org.springframework.boot.test.mock.mockito.ResetMocksTestExecutionListener, org.springframework.test.context.web.ServletTestExecutionListener, org.springframework.test.context.support.DirtiesContextBeforeModesTestExecutionListener, org.springframework.test.context.support.DependencyInjectionTestExecutionListener, org.springframework.test.context.support.DirtiesContextTestExecutionListener, org.springframework.test.context.transaction.TransactionalTestExecutionListener, org.springframework.test.context.jdbc.SqlScriptsTestExecutionListener]
2022-07-26 09:47:03.080  INFO 33604 --- [    Test worker] .b.t.c.SpringBootTestContextBootstrapper : Using TestExecutionListeners: [org.springframework.test.context.web.ServletTestExecutionListener@653adb7f, org.springframework.test.context.support.DirtiesContextBeforeModesTestExecutionListener@4cafc4e6, org.springframework.boot.test.mock.mockito.MockitoTestExecutionListener@6ecca4e7, org.springframework.boot.test.autoconfigure.SpringBootDependencyInjectionTestExecutionListener@36c879d6, org.springframework.test.context.support.DirtiesContextTestExecutionListener@59abd53, org.springframework.boot.test.autoconfigure.restdocs.RestDocsTestExecutionListener@3720d1f2, org.springframework.boot.test.autoconfigure.web.client.MockRestServiceServerResetTestExecutionListener@3c40b06d, org.springframework.boot.test.autoconfigure.web.servlet.MockMvcPrintOnlyOnFailureTestExecutionListener@493378fa, org.springframework.boot.test.autoconfigure.web.servlet.WebDriverTestExecutionListener@191324aa, org.springframework.boot.test.mock.mockito.ResetMocksTestExecutionListener@280dc93b]

  .   ____          _            __ _ _
 /\\ / ___'_ __ _ _(_)_ __  __ _ \ \ \ \
( ( )\___ | '_ | '_| | '_ \/ _` | \ \ \ \
 \\/  ___)| |_)| | | | | || (_| |  ) ) ) )
  '  |____| .__|_| |_|_| |_\__, | / / / /
 =========|_|==============|___/=/_/_/_/
 :: Spring Boot ::        (v2.1.6.RELEASE)

2022-07-26 09:47:03.179  INFO 33604 --- [    Test worker] t.serviceTest.TripPricerServiceTest      : Starting TripPricerServiceTest on DESKTOP-HBE7KI5 with PID 33604 (started by guile in C:\Users\guile\OneDrive\Bureau\Formation\P8\JavaPathENProject8\tripPricer)
2022-07-26 09:47:03.179  INFO 33604 --- [    Test worker] t.serviceTest.TripPricerServiceTest      : No active profile set, falling back to default profiles: default
2022-07-26 09:47:03.512  INFO 33604 --- [    Test worker] o.s.s.concurrent.ThreadPoolTaskExecutor  : Initializing ExecutorService 'applicationTaskExecutor'
2022-07-26 09:47:03.744  INFO 33604 --- [    Test worker] o.s.b.a.e.web.EndpointLinksResolver      : Exposing 2 endpoint(s) beneath base path '/actuator'
2022-07-26 09:47:03.777  INFO 33604 --- [    Test worker] t.serviceTest.TripPricerServiceTest      : Started TripPricerServiceTest in 0.618 seconds (JVM running for 5.77)
]]></system-out>
  <system-err><![CDATA[]]></system-err>
</testsuite>
