<?xml version="1.0" encoding="UTF-8"?>
<testsuite name="tripPricer.controllerTest.TripPricerControllerTest" tests="1" skipped="0" failures="0" errors="0" timestamp="2022-07-26T07:47:02" hostname="DESKTOP-HBE7KI5" time="0.277">
  <properties/>
  <testcase name="getPriceTest" classname="tripPricer.controllerTest.TripPricerControllerTest" time="0.277"/>
  <system-out><![CDATA[09:46:59.087 [Test worker] DEBUG org.springframework.test.context.junit4.SpringJUnit4ClassRunner - SpringJUnit4ClassRunner constructor called with [class tripPricer.controllerTest.TripPricerControllerTest]
09:46:59.099 [Test worker] DEBUG org.springframework.test.context.BootstrapUtils - Instantiating CacheAwareContextLoaderDelegate from class [org.springframework.test.context.cache.DefaultCacheAwareContextLoaderDelegate]
09:46:59.114 [Test worker] DEBUG org.springframework.test.context.BootstrapUtils - Instantiating BootstrapContext using constructor [public org.springframework.test.context.support.DefaultBootstrapContext(java.lang.Class,org.springframework.test.context.CacheAwareContextLoaderDelegate)]
09:46:59.154 [Test worker] DEBUG org.springframework.test.context.BootstrapUtils - Instantiating TestContextBootstrapper for test class [tripPricer.controllerTest.TripPricerControllerTest] from class [org.springframework.boot.test.context.SpringBootTestContextBootstrapper]
09:46:59.170 [Test worker] INFO org.springframework.boot.test.context.SpringBootTestContextBootstrapper - Neither @ContextConfiguration nor @ContextHierarchy found for test class [tripPricer.controllerTest.TripPricerControllerTest], using SpringBootContextLoader
09:46:59.175 [Test worker] DEBUG org.springframework.test.context.support.AbstractContextLoader - Did not detect default resource location for test class [tripPricer.controllerTest.TripPricerControllerTest]: class path resource [tripPricer/controllerTest/TripPricerControllerTest-context.xml] does not exist
09:46:59.175 [Test worker] DEBUG org.springframework.test.context.support.AbstractContextLoader - Did not detect default resource location for test class [tripPricer.controllerTest.TripPricerControllerTest]: class path resource [tripPricer/controllerTest/TripPricerControllerTestContext.groovy] does not exist
09:46:59.175 [Test worker] INFO org.springframework.test.context.support.AbstractContextLoader - Could not detect default resource locations for test class [tripPricer.controllerTest.TripPricerControllerTest]: no resource found for suffixes {-context.xml, Context.groovy}.
09:46:59.176 [Test worker] INFO org.springframework.test.context.support.AnnotationConfigContextLoaderUtils - Could not detect default configuration classes for test class [tripPricer.controllerTest.TripPricerControllerTest]: TripPricerControllerTest does not declare any static, non-private, non-final, nested classes annotated with @Configuration.
09:46:59.242 [Test worker] DEBUG org.springframework.test.context.support.ActiveProfilesUtils - Could not find an 'annotation declaring class' for annotation type [org.springframework.test.context.ActiveProfiles] and class [tripPricer.controllerTest.TripPricerControllerTest]
09:46:59.337 [Test worker] DEBUG org.springframework.context.annotation.ClassPathScanningCandidateComponentProvider - Identified candidate component class: file [C:\Users\guile\OneDrive\Bureau\Formation\P8\JavaPathENProject8\tripPricer\build\classes\java\main\tripPricer\TripPricerApplication.class]
09:46:59.344 [Test worker] INFO org.springframework.boot.test.context.SpringBootTestContextBootstrapper - Found @SpringBootConfiguration tripPricer.TripPricerApplication for test class tripPricer.controllerTest.TripPricerControllerTest
09:46:59.470 [Test worker] DEBUG org.springframework.boot.test.context.SpringBootTestContextBootstrapper - @TestExecutionListeners is not present for class [tripPricer.controllerTest.TripPricerControllerTest]: using defaults.
09:46:59.470 [Test worker] INFO org.springframework.boot.test.context.SpringBootTestContextBootstrapper - Loaded default TestExecutionListener class names from location [META-INF/spring.factories]: [org.springframework.boot.test.autoconfigure.restdocs.RestDocsTestExecutionListener, org.springframework.boot.test.autoconfigure.web.client.MockRestServiceServerResetTestExecutionListener, org.springframework.boot.test.autoconfigure.web.servlet.MockMvcPrintOnlyOnFailureTestExecutionListener, org.springframework.boot.test.autoconfigure.web.servlet.WebDriverTestExecutionListener, org.springframework.boot.test.mock.mockito.MockitoTestExecutionListener, org.springframework.boot.test.mock.mockito.ResetMocksTestExecutionListener, org.springframework.test.context.web.ServletTestExecutionListener, org.springframework.test.context.support.DirtiesContextBeforeModesTestExecutionListener, org.springframework.test.context.support.DependencyInjectionTestExecutionListener, org.springframework.test.context.support.DirtiesContextTestExecutionListener, org.springframework.test.context.transaction.TransactionalTestExecutionListener, org.springframework.test.context.jdbc.SqlScriptsTestExecutionListener]
09:46:59.486 [Test worker] DEBUG org.springframework.boot.test.context.SpringBootTestContextBootstrapper - Skipping candidate TestExecutionListener [org.springframework.test.context.transaction.TransactionalTestExecutionListener] due to a missing dependency. Specify custom listener classes or make the default listener classes and their required dependencies available. Offending class: [org/springframework/transaction/interceptor/TransactionAttributeSource]
09:46:59.487 [Test worker] DEBUG org.springframework.boot.test.context.SpringBootTestContextBootstrapper - Skipping candidate TestExecutionListener [org.springframework.test.context.jdbc.SqlScriptsTestExecutionListener] due to a missing dependency. Specify custom listener classes or make the default listener classes and their required dependencies available. Offending class: [org/springframework/transaction/interceptor/TransactionAttribute]
09:46:59.487 [Test worker] INFO org.springframework.boot.test.context.SpringBootTestContextBootstrapper - Using TestExecutionListeners: [org.springframework.test.context.web.ServletTestExecutionListener@66f11d5b, org.springframework.test.context.support.DirtiesContextBeforeModesTestExecutionListener@784d4e09, org.springframework.boot.test.mock.mockito.MockitoTestExecutionListener@51b4cc30, org.springframework.boot.test.autoconfigure.SpringBootDependencyInjectionTestExecutionListener@26f2be1a, org.springframework.test.context.support.DirtiesContextTestExecutionListener@4887645a, org.springframework.boot.test.autoconfigure.restdocs.RestDocsTestExecutionListener@5aa85645, org.springframework.boot.test.autoconfigure.web.client.MockRestServiceServerResetTestExecutionListener@2d8ac46c, org.springframework.boot.test.autoconfigure.web.servlet.MockMvcPrintOnlyOnFailureTestExecutionListener@1e3bbda9, org.springframework.boot.test.autoconfigure.web.servlet.WebDriverTestExecutionListener@6dedaf80, org.springframework.boot.test.mock.mockito.ResetMocksTestExecutionListener@75efc606]
09:46:59.492 [Test worker] DEBUG org.springframework.test.annotation.ProfileValueUtils - Retrieved @ProfileValueSourceConfiguration [null] for test class [tripPricer.controllerTest.TripPricerControllerTest]
09:46:59.493 [Test worker] DEBUG org.springframework.test.annotation.ProfileValueUtils - Retrieved ProfileValueSource type [class org.springframework.test.annotation.SystemProfileValueSource] for class [tripPricer.controllerTest.TripPricerControllerTest]
09:46:59.495 [Test worker] DEBUG org.springframework.test.annotation.ProfileValueUtils - Retrieved @ProfileValueSourceConfiguration [null] for test class [tripPricer.controllerTest.TripPricerControllerTest]
09:46:59.495 [Test worker] DEBUG org.springframework.test.annotation.ProfileValueUtils - Retrieved ProfileValueSource type [class org.springframework.test.annotation.SystemProfileValueSource] for class [tripPricer.controllerTest.TripPricerControllerTest]
09:46:59.495 [Test worker] DEBUG org.springframework.test.annotation.ProfileValueUtils - Retrieved @ProfileValueSourceConfiguration [null] for test class [tripPricer.controllerTest.TripPricerControllerTest]
09:46:59.495 [Test worker] DEBUG org.springframework.test.annotation.ProfileValueUtils - Retrieved ProfileValueSource type [class org.springframework.test.annotation.SystemProfileValueSource] for class [tripPricer.controllerTest.TripPricerControllerTest]
09:46:59.500 [Test worker] DEBUG org.springframework.test.context.support.AbstractDirtiesContextTestExecutionListener - Before test class: context [DefaultTestContext@2f29e98a testClass = TripPricerControllerTest, testInstance = [null], testMethod = [null], testException = [null], mergedContextConfiguration = [WebMergedContextConfiguration@2b4c9a41 testClass = TripPricerControllerTest, locations = '{}', classes = '{class tripPricer.TripPricerApplication}', contextInitializerClasses = '[]', activeProfiles = '{}', propertySourceLocations = '{}', propertySourceProperties = '{org.springframework.boot.test.context.SpringBootTestContextBootstrapper=true}', contextCustomizers = set[org.springframework.boot.test.autoconfigure.properties.PropertyMappingContextCustomizer@e7e8512, org.springframework.boot.test.autoconfigure.web.servlet.WebDriverContextCustomizerFactory$Customizer@67f6e27b, [ImportsContextCustomizer@4cda7d7f key = [org.springframework.boot.test.autoconfigure.web.servlet.MockMvcAutoConfiguration, org.springframework.boot.test.autoconfigure.web.servlet.MockMvcSecurityAutoConfiguration, org.springframework.boot.test.autoconfigure.web.servlet.MockMvcWebClientAutoConfiguration, org.springframework.boot.test.autoconfigure.web.servlet.MockMvcWebDriverAutoConfiguration]], org.springframework.boot.test.context.filter.ExcludeFilterContextCustomizer@21991121, org.springframework.boot.test.json.DuplicateJsonObjectContextCustomizerFactory$DuplicateJsonObjectContextCustomizer@2026ebfa, org.springframework.boot.test.mock.mockito.MockitoContextCustomizer@a6c5ba99, org.springframework.boot.test.web.client.TestRestTemplateContextCustomizer@4502030a], resourceBasePath = 'src/main/webapp', contextLoader = 'org.springframework.boot.test.context.SpringBootContextLoader', parent = [null]], attributes = map['org.springframework.test.context.web.ServletTestExecutionListener.activateListener' -> true]], class annotated with @DirtiesContext [false] with mode [null].
09:46:59.501 [Test worker] DEBUG org.springframework.test.annotation.ProfileValueUtils - Retrieved @ProfileValueSourceConfiguration [null] for test class [tripPricer.controllerTest.TripPricerControllerTest]
09:46:59.501 [Test worker] DEBUG org.springframework.test.annotation.ProfileValueUtils - Retrieved ProfileValueSource type [class org.springframework.test.annotation.SystemProfileValueSource] for class [tripPricer.controllerTest.TripPricerControllerTest]
09:46:59.533 [Test worker] DEBUG org.springframework.test.context.support.TestPropertySourceUtils - Adding inlined properties to environment: {spring.jmx.enabled=false, org.springframework.boot.test.context.SpringBootTestContextBootstrapper=true, server.port=-1}

  .   ____          _            __ _ _
 /\\ / ___'_ __ _ _(_)_ __  __ _ \ \ \ \
( ( )\___ | '_ | '_| | '_ \/ _` | \ \ \ \
 \\/  ___)| |_)| | | | | || (_| |  ) ) ) )
  '  |____| .__|_| |_|_| |_\__, | / / / /
 =========|_|==============|___/=/_/_/_/
 :: Spring Boot ::        (v2.1.6.RELEASE)

2022-07-26 09:46:59.888  INFO 33604 --- [    Test worker] t.c.TripPricerControllerTest             : Starting TripPricerControllerTest on DESKTOP-HBE7KI5 with PID 33604 (started by guile in C:\Users\guile\OneDrive\Bureau\Formation\P8\JavaPathENProject8\tripPricer)
2022-07-26 09:46:59.890  INFO 33604 --- [    Test worker] t.c.TripPricerControllerTest             : No active profile set, falling back to default profiles: default
2022-07-26 09:47:02.093  INFO 33604 --- [    Test worker] o.s.s.concurrent.ThreadPoolTaskExecutor  : Initializing ExecutorService 'applicationTaskExecutor'
2022-07-26 09:47:02.665  INFO 33604 --- [    Test worker] o.s.b.t.m.w.SpringBootMockServletContext : Initializing Spring TestDispatcherServlet ''
2022-07-26 09:47:02.665  INFO 33604 --- [    Test worker] o.s.t.web.servlet.TestDispatcherServlet  : Initializing Servlet ''
2022-07-26 09:47:02.680  INFO 33604 --- [    Test worker] o.s.b.a.e.web.EndpointLinksResolver      : Exposing 2 endpoint(s) beneath base path '/actuator'
2022-07-26 09:47:02.705  INFO 33604 --- [    Test worker] o.s.t.web.servlet.TestDispatcherServlet  : Completed initialization in 39 ms
2022-07-26 09:47:02.750  INFO 33604 --- [    Test worker] t.c.TripPricerControllerTest             : Started TripPricerControllerTest in 3.202 seconds (JVM running for 4.743)
]]></system-out>
  <system-err><![CDATA[]]></system-err>
</testsuite>
