<?xml version="1.0" encoding="UTF-8"?>
<testsuite name="tripPricer.controllerTest.TripPricerControllerTest" tests="1" skipped="0" failures="0" errors="0" timestamp="2022-04-26T10:02:19" hostname="DESKTOP-HBE7KI5" time="0.257">
  <properties/>
  <testcase name="getPriceTest" classname="tripPricer.controllerTest.TripPricerControllerTest" time="0.257"/>
  <system-out><![CDATA[12:02:16.130 [Test worker] DEBUG org.springframework.test.context.junit4.SpringJUnit4ClassRunner - SpringJUnit4ClassRunner constructor called with [class tripPricer.controllerTest.TripPricerControllerTest]
12:02:16.142 [Test worker] DEBUG org.springframework.test.context.BootstrapUtils - Instantiating CacheAwareContextLoaderDelegate from class [org.springframework.test.context.cache.DefaultCacheAwareContextLoaderDelegate]
12:02:16.160 [Test worker] DEBUG org.springframework.test.context.BootstrapUtils - Instantiating BootstrapContext using constructor [public org.springframework.test.context.support.DefaultBootstrapContext(java.lang.Class,org.springframework.test.context.CacheAwareContextLoaderDelegate)]
12:02:16.205 [Test worker] DEBUG org.springframework.test.context.BootstrapUtils - Instantiating TestContextBootstrapper for test class [tripPricer.controllerTest.TripPricerControllerTest] from class [org.springframework.boot.test.context.SpringBootTestContextBootstrapper]
12:02:16.220 [Test worker] INFO org.springframework.boot.test.context.SpringBootTestContextBootstrapper - Neither @ContextConfiguration nor @ContextHierarchy found for test class [tripPricer.controllerTest.TripPricerControllerTest], using SpringBootContextLoader
12:02:16.224 [Test worker] DEBUG org.springframework.test.context.support.AbstractContextLoader - Did not detect default resource location for test class [tripPricer.controllerTest.TripPricerControllerTest]: class path resource [tripPricer/controllerTest/TripPricerControllerTest-context.xml] does not exist
12:02:16.225 [Test worker] DEBUG org.springframework.test.context.support.AbstractContextLoader - Did not detect default resource location for test class [tripPricer.controllerTest.TripPricerControllerTest]: class path resource [tripPricer/controllerTest/TripPricerControllerTestContext.groovy] does not exist
12:02:16.225 [Test worker] INFO org.springframework.test.context.support.AbstractContextLoader - Could not detect default resource locations for test class [tripPricer.controllerTest.TripPricerControllerTest]: no resource found for suffixes {-context.xml, Context.groovy}.
12:02:16.226 [Test worker] INFO org.springframework.test.context.support.AnnotationConfigContextLoaderUtils - Could not detect default configuration classes for test class [tripPricer.controllerTest.TripPricerControllerTest]: TripPricerControllerTest does not declare any static, non-private, non-final, nested classes annotated with @Configuration.
12:02:16.289 [Test worker] DEBUG org.springframework.test.context.support.ActiveProfilesUtils - Could not find an 'annotation declaring class' for annotation type [org.springframework.test.context.ActiveProfiles] and class [tripPricer.controllerTest.TripPricerControllerTest]
12:02:16.381 [Test worker] DEBUG org.springframework.context.annotation.ClassPathScanningCandidateComponentProvider - Identified candidate component class: file [C:\Users\guile\OneDrive\Bureau\Formation\P8\JavaPathENProject8\tripPricer\build\classes\java\main\tripPricer\TripPricerApplication.class]
12:02:16.389 [Test worker] INFO org.springframework.boot.test.context.SpringBootTestContextBootstrapper - Found @SpringBootConfiguration tripPricer.TripPricerApplication for test class tripPricer.controllerTest.TripPricerControllerTest
12:02:16.515 [Test worker] DEBUG org.springframework.boot.test.context.SpringBootTestContextBootstrapper - @TestExecutionListeners is not present for class [tripPricer.controllerTest.TripPricerControllerTest]: using defaults.
12:02:16.516 [Test worker] INFO org.springframework.boot.test.context.SpringBootTestContextBootstrapper - Loaded default TestExecutionListener class names from location [META-INF/spring.factories]: [org.springframework.boot.test.autoconfigure.restdocs.RestDocsTestExecutionListener, org.springframework.boot.test.autoconfigure.web.client.MockRestServiceServerResetTestExecutionListener, org.springframework.boot.test.autoconfigure.web.servlet.MockMvcPrintOnlyOnFailureTestExecutionListener, org.springframework.boot.test.autoconfigure.web.servlet.WebDriverTestExecutionListener, org.springframework.boot.test.mock.mockito.MockitoTestExecutionListener, org.springframework.boot.test.mock.mockito.ResetMocksTestExecutionListener, org.springframework.test.context.web.ServletTestExecutionListener, org.springframework.test.context.support.DirtiesContextBeforeModesTestExecutionListener, org.springframework.test.context.support.DependencyInjectionTestExecutionListener, org.springframework.test.context.support.DirtiesContextTestExecutionListener, org.springframework.test.context.transaction.TransactionalTestExecutionListener, org.springframework.test.context.jdbc.SqlScriptsTestExecutionListener]
12:02:16.531 [Test worker] DEBUG org.springframework.boot.test.context.SpringBootTestContextBootstrapper - Skipping candidate TestExecutionListener [org.springframework.test.context.transaction.TransactionalTestExecutionListener] due to a missing dependency. Specify custom listener classes or make the default listener classes and their required dependencies available. Offending class: [org/springframework/transaction/interceptor/TransactionAttributeSource]
12:02:16.532 [Test worker] DEBUG org.springframework.boot.test.context.SpringBootTestContextBootstrapper - Skipping candidate TestExecutionListener [org.springframework.test.context.jdbc.SqlScriptsTestExecutionListener] due to a missing dependency. Specify custom listener classes or make the default listener classes and their required dependencies available. Offending class: [org/springframework/transaction/interceptor/TransactionAttribute]
12:02:16.532 [Test worker] INFO org.springframework.boot.test.context.SpringBootTestContextBootstrapper - Using TestExecutionListeners: [org.springframework.test.context.web.ServletTestExecutionListener@4c7132bb, org.springframework.test.context.support.DirtiesContextBeforeModesTestExecutionListener@1af2c28d, org.springframework.boot.test.mock.mockito.MockitoTestExecutionListener@184b23b1, org.springframework.boot.test.autoconfigure.SpringBootDependencyInjectionTestExecutionListener@60b045a2, org.springframework.test.context.support.DirtiesContextTestExecutionListener@251147e5, org.springframework.boot.test.autoconfigure.restdocs.RestDocsTestExecutionListener@29fb0f60, org.springframework.boot.test.autoconfigure.web.client.MockRestServiceServerResetTestExecutionListener@68ecf745, org.springframework.boot.test.autoconfigure.web.servlet.MockMvcPrintOnlyOnFailureTestExecutionListener@a9332af, org.springframework.boot.test.autoconfigure.web.servlet.WebDriverTestExecutionListener@25126277, org.springframework.boot.test.mock.mockito.ResetMocksTestExecutionListener@5463e9ba]
12:02:16.536 [Test worker] DEBUG org.springframework.test.annotation.ProfileValueUtils - Retrieved @ProfileValueSourceConfiguration [null] for test class [tripPricer.controllerTest.TripPricerControllerTest]
12:02:16.536 [Test worker] DEBUG org.springframework.test.annotation.ProfileValueUtils - Retrieved ProfileValueSource type [class org.springframework.test.annotation.SystemProfileValueSource] for class [tripPricer.controllerTest.TripPricerControllerTest]
12:02:16.537 [Test worker] DEBUG org.springframework.test.annotation.ProfileValueUtils - Retrieved @ProfileValueSourceConfiguration [null] for test class [tripPricer.controllerTest.TripPricerControllerTest]
12:02:16.537 [Test worker] DEBUG org.springframework.test.annotation.ProfileValueUtils - Retrieved ProfileValueSource type [class org.springframework.test.annotation.SystemProfileValueSource] for class [tripPricer.controllerTest.TripPricerControllerTest]
12:02:16.542 [Test worker] DEBUG org.springframework.test.context.support.AbstractDirtiesContextTestExecutionListener - Before test class: context [DefaultTestContext@e702bde testClass = TripPricerControllerTest, testInstance = [null], testMethod = [null], testException = [null], mergedContextConfiguration = [WebMergedContextConfiguration@4a700e9b testClass = TripPricerControllerTest, locations = '{}', classes = '{class tripPricer.TripPricerApplication}', contextInitializerClasses = '[]', activeProfiles = '{}', propertySourceLocations = '{}', propertySourceProperties = '{org.springframework.boot.test.context.SpringBootTestContextBootstrapper=true}', contextCustomizers = set[org.springframework.boot.test.autoconfigure.properties.PropertyMappingContextCustomizer@e7e8512, org.springframework.boot.test.autoconfigure.web.servlet.WebDriverContextCustomizerFactory$Customizer@3de8e428, [ImportsContextCustomizer@54f5638e key = [org.springframework.boot.test.autoconfigure.web.servlet.MockMvcAutoConfiguration, org.springframework.boot.test.autoconfigure.web.servlet.MockMvcSecurityAutoConfiguration, org.springframework.boot.test.autoconfigure.web.servlet.MockMvcWebClientAutoConfiguration, org.springframework.boot.test.autoconfigure.web.servlet.MockMvcWebDriverAutoConfiguration]], org.springframework.boot.test.context.filter.ExcludeFilterContextCustomizer@5a426c1f, org.springframework.boot.test.json.DuplicateJsonObjectContextCustomizerFactory$DuplicateJsonObjectContextCustomizer@3313dc01, org.springframework.boot.test.mock.mockito.MockitoContextCustomizer@490cdc, org.springframework.boot.test.web.client.TestRestTemplateContextCustomizer@4c54eba7], resourceBasePath = 'src/main/webapp', contextLoader = 'org.springframework.boot.test.context.SpringBootContextLoader', parent = [null]], attributes = map['org.springframework.test.context.web.ServletTestExecutionListener.activateListener' -> true]], class annotated with @DirtiesContext [false] with mode [null].
12:02:16.543 [Test worker] DEBUG org.springframework.test.annotation.ProfileValueUtils - Retrieved @ProfileValueSourceConfiguration [null] for test class [tripPricer.controllerTest.TripPricerControllerTest]
12:02:16.543 [Test worker] DEBUG org.springframework.test.annotation.ProfileValueUtils - Retrieved ProfileValueSource type [class org.springframework.test.annotation.SystemProfileValueSource] for class [tripPricer.controllerTest.TripPricerControllerTest]
12:02:16.571 [Test worker] DEBUG org.springframework.test.context.support.TestPropertySourceUtils - Adding inlined properties to environment: {spring.jmx.enabled=false, org.springframework.boot.test.context.SpringBootTestContextBootstrapper=true, server.port=-1}

  .   ____          _            __ _ _
 /\\ / ___'_ __ _ _(_)_ __  __ _ \ \ \ \
( ( )\___ | '_ | '_| | '_ \/ _` | \ \ \ \
 \\/  ___)| |_)| | | | | || (_| |  ) ) ) )
  '  |____| .__|_| |_|_| |_\__, | / / / /
 =========|_|==============|___/=/_/_/_/
 :: Spring Boot ::        (v2.1.6.RELEASE)

2022-04-26 12:02:16.929  INFO 14544 --- [    Test worker] t.c.TripPricerControllerTest             : Starting TripPricerControllerTest on DESKTOP-HBE7KI5 with PID 14544 (started by guile in C:\Users\guile\OneDrive\Bureau\Formation\P8\JavaPathENProject8\tripPricer)
2022-04-26 12:02:16.931  INFO 14544 --- [    Test worker] t.c.TripPricerControllerTest             : No active profile set, falling back to default profiles: default
2022-04-26 12:02:19.105  INFO 14544 --- [    Test worker] o.s.s.concurrent.ThreadPoolTaskExecutor  : Initializing ExecutorService 'applicationTaskExecutor'
2022-04-26 12:02:19.676  INFO 14544 --- [    Test worker] o.s.b.t.m.w.SpringBootMockServletContext : Initializing Spring TestDispatcherServlet ''
2022-04-26 12:02:19.677  INFO 14544 --- [    Test worker] o.s.t.web.servlet.TestDispatcherServlet  : Initializing Servlet ''
2022-04-26 12:02:19.690  INFO 14544 --- [    Test worker] o.s.b.a.e.web.EndpointLinksResolver      : Exposing 2 endpoint(s) beneath base path '/actuator'
2022-04-26 12:02:19.715  INFO 14544 --- [    Test worker] o.s.t.web.servlet.TestDispatcherServlet  : Completed initialization in 38 ms
2022-04-26 12:02:19.754  INFO 14544 --- [    Test worker] t.c.TripPricerControllerTest             : Started TripPricerControllerTest in 3.168 seconds (JVM running for 4.688)
]]></system-out>
  <system-err><![CDATA[]]></system-err>
</testsuite>
