<?xml version="1.0" encoding="UTF-8"?>
<testsuite name="tripPricer.TripPricerApplicationTests" tests="1" skipped="0" failures="0" errors="0" timestamp="2022-07-26T07:47:03" hostname="DESKTOP-HBE7KI5" time="0.0">
  <properties/>
  <testcase name="contextLoads" classname="tripPricer.TripPricerApplicationTests" time="0.0"/>
  <system-out><![CDATA[]]></system-out>
  <system-err><![CDATA[]]></system-err>
</testsuite>
