<?xml version="1.0" encoding="UTF-8"?>
<testsuite name="tripPricer.serviceTest.TripPricerServiceTest" tests="2" skipped="0" failures="0" errors="0" timestamp="2022-04-25T08:12:35" hostname="DESKTOP-HBE7KI5" time="0.103">
  <properties/>
  <testcase name="getPriceTest" classname="tripPricer.serviceTest.TripPricerServiceTest" time="0.055"/>
  <testcase name="getTripDealsTest" classname="tripPricer.serviceTest.TripPricerServiceTest" time="0.047"/>
  <system-out><![CDATA[10:12:32.457 [Test worker] DEBUG org.springframework.test.context.junit4.SpringJUnit4ClassRunner - SpringJUnit4ClassRunner constructor called with [class tripPricer.serviceTest.TripPricerServiceTest]
10:12:32.466 [Test worker] DEBUG org.springframework.test.context.BootstrapUtils - Instantiating CacheAwareContextLoaderDelegate from class [org.springframework.test.context.cache.DefaultCacheAwareContextLoaderDelegate]
10:12:32.480 [Test worker] DEBUG org.springframework.test.context.BootstrapUtils - Instantiating BootstrapContext using constructor [public org.springframework.test.context.support.DefaultBootstrapContext(java.lang.Class,org.springframework.test.context.CacheAwareContextLoaderDelegate)]
10:12:32.505 [Test worker] DEBUG org.springframework.test.context.BootstrapUtils - Instantiating TestContextBootstrapper for test class [tripPricer.serviceTest.TripPricerServiceTest] from class [org.springframework.boot.test.context.SpringBootTestContextBootstrapper]
10:12:32.522 [Test worker] INFO org.springframework.boot.test.context.SpringBootTestContextBootstrapper - Neither @ContextConfiguration nor @ContextHierarchy found for test class [tripPricer.serviceTest.TripPricerServiceTest], using SpringBootContextLoader
10:12:32.526 [Test worker] DEBUG org.springframework.test.context.support.AbstractContextLoader - Did not detect default resource location for test class [tripPricer.serviceTest.TripPricerServiceTest]: class path resource [tripPricer/serviceTest/TripPricerServiceTest-context.xml] does not exist
10:12:32.526 [Test worker] DEBUG org.springframework.test.context.support.AbstractContextLoader - Did not detect default resource location for test class [tripPricer.serviceTest.TripPricerServiceTest]: class path resource [tripPricer/serviceTest/TripPricerServiceTestContext.groovy] does not exist
10:12:32.526 [Test worker] INFO org.springframework.test.context.support.AbstractContextLoader - Could not detect default resource locations for test class [tripPricer.serviceTest.TripPricerServiceTest]: no resource found for suffixes {-context.xml, Context.groovy}.
10:12:32.527 [Test worker] INFO org.springframework.test.context.support.AnnotationConfigContextLoaderUtils - Could not detect default configuration classes for test class [tripPricer.serviceTest.TripPricerServiceTest]: TripPricerServiceTest does not declare any static, non-private, non-final, nested classes annotated with @Configuration.
10:12:32.569 [Test worker] DEBUG org.springframework.test.context.support.ActiveProfilesUtils - Could not find an 'annotation declaring class' for annotation type [org.springframework.test.context.ActiveProfiles] and class [tripPricer.serviceTest.TripPricerServiceTest]
10:12:32.653 [Test worker] DEBUG org.springframework.context.annotation.ClassPathScanningCandidateComponentProvider - Identified candidate component class: file [C:\Users\guile\OneDrive\Bureau\Formation\P8\JavaPathENProject8\tripPricer\build\classes\java\main\tripPricer\TripPricerApplication.class]
10:12:32.656 [Test worker] INFO org.springframework.boot.test.context.SpringBootTestContextBootstrapper - Found @SpringBootConfiguration tripPricer.TripPricerApplication for test class tripPricer.serviceTest.TripPricerServiceTest
10:12:32.757 [Test worker] DEBUG org.springframework.boot.test.context.SpringBootTestContextBootstrapper - @TestExecutionListeners is not present for class [tripPricer.serviceTest.TripPricerServiceTest]: using defaults.
10:12:32.757 [Test worker] INFO org.springframework.boot.test.context.SpringBootTestContextBootstrapper - Loaded default TestExecutionListener class names from location [META-INF/spring.factories]: [org.springframework.boot.test.autoconfigure.restdocs.RestDocsTestExecutionListener, org.springframework.boot.test.autoconfigure.web.client.MockRestServiceServerResetTestExecutionListener, org.springframework.boot.test.autoconfigure.web.servlet.MockMvcPrintOnlyOnFailureTestExecutionListener, org.springframework.boot.test.autoconfigure.web.servlet.WebDriverTestExecutionListener, org.springframework.boot.test.mock.mockito.MockitoTestExecutionListener, org.springframework.boot.test.mock.mockito.ResetMocksTestExecutionListener, org.springframework.test.context.web.ServletTestExecutionListener, org.springframework.test.context.support.DirtiesContextBeforeModesTestExecutionListener, org.springframework.test.context.support.DependencyInjectionTestExecutionListener, org.springframework.test.context.support.DirtiesContextTestExecutionListener, org.springframework.test.context.transaction.TransactionalTestExecutionListener, org.springframework.test.context.jdbc.SqlScriptsTestExecutionListener]
10:12:32.770 [Test worker] DEBUG org.springframework.boot.test.context.SpringBootTestContextBootstrapper - Skipping candidate TestExecutionListener [org.springframework.test.context.transaction.TransactionalTestExecutionListener] due to a missing dependency. Specify custom listener classes or make the default listener classes and their required dependencies available. Offending class: [org/springframework/transaction/interceptor/TransactionAttributeSource]
10:12:32.770 [Test worker] DEBUG org.springframework.boot.test.context.SpringBootTestContextBootstrapper - Skipping candidate TestExecutionListener [org.springframework.test.context.jdbc.SqlScriptsTestExecutionListener] due to a missing dependency. Specify custom listener classes or make the default listener classes and their required dependencies available. Offending class: [org/springframework/transaction/interceptor/TransactionAttribute]
10:12:32.770 [Test worker] INFO org.springframework.boot.test.context.SpringBootTestContextBootstrapper - Using TestExecutionListeners: [org.springframework.test.context.web.ServletTestExecutionListener@4d7cced7, org.springframework.test.context.support.DirtiesContextBeforeModesTestExecutionListener@b94d925, org.springframework.boot.test.mock.mockito.MockitoTestExecutionListener@701a1b61, org.springframework.boot.test.autoconfigure.SpringBootDependencyInjectionTestExecutionListener@6a9cbbc8, org.springframework.test.context.support.DirtiesContextTestExecutionListener@413dda3a, org.springframework.boot.test.autoconfigure.restdocs.RestDocsTestExecutionListener@6c4d7ec9, org.springframework.boot.test.autoconfigure.web.client.MockRestServiceServerResetTestExecutionListener@4c2ca132, org.springframework.boot.test.autoconfigure.web.servlet.MockMvcPrintOnlyOnFailureTestExecutionListener@43610184, org.springframework.boot.test.autoconfigure.web.servlet.WebDriverTestExecutionListener@6c22ffd8, org.springframework.boot.test.mock.mockito.ResetMocksTestExecutionListener@6b9e7fa3]
10:12:32.774 [Test worker] DEBUG org.springframework.test.annotation.ProfileValueUtils - Retrieved @ProfileValueSourceConfiguration [null] for test class [tripPricer.serviceTest.TripPricerServiceTest]
10:12:32.775 [Test worker] DEBUG org.springframework.test.annotation.ProfileValueUtils - Retrieved ProfileValueSource type [class org.springframework.test.annotation.SystemProfileValueSource] for class [tripPricer.serviceTest.TripPricerServiceTest]
10:12:32.776 [Test worker] DEBUG org.springframework.test.annotation.ProfileValueUtils - Retrieved @ProfileValueSourceConfiguration [null] for test class [tripPricer.serviceTest.TripPricerServiceTest]
10:12:32.777 [Test worker] DEBUG org.springframework.test.annotation.ProfileValueUtils - Retrieved ProfileValueSource type [class org.springframework.test.annotation.SystemProfileValueSource] for class [tripPricer.serviceTest.TripPricerServiceTest]
10:12:32.777 [Test worker] DEBUG org.springframework.test.annotation.ProfileValueUtils - Retrieved @ProfileValueSourceConfiguration [null] for test class [tripPricer.serviceTest.TripPricerServiceTest]
10:12:32.777 [Test worker] DEBUG org.springframework.test.annotation.ProfileValueUtils - Retrieved ProfileValueSource type [class org.springframework.test.annotation.SystemProfileValueSource] for class [tripPricer.serviceTest.TripPricerServiceTest]
10:12:32.781 [Test worker] DEBUG org.springframework.test.context.support.AbstractDirtiesContextTestExecutionListener - Before test class: context [DefaultTestContext@493a662e testClass = TripPricerServiceTest, testInstance = [null], testMethod = [null], testException = [null], mergedContextConfiguration = [WebMergedContextConfiguration@64e2833a testClass = TripPricerServiceTest, locations = '{}', classes = '{class tripPricer.TripPricerApplication}', contextInitializerClasses = '[]', activeProfiles = '{}', propertySourceLocations = '{}', propertySourceProperties = '{org.springframework.boot.test.context.SpringBootTestContextBootstrapper=true}', contextCustomizers = set[org.springframework.boot.test.autoconfigure.properties.PropertyMappingContextCustomizer@0, org.springframework.boot.test.autoconfigure.web.servlet.WebDriverContextCustomizerFactory$Customizer@ba15139, org.springframework.boot.test.context.filter.ExcludeFilterContextCustomizer@402ddc82, org.springframework.boot.test.json.DuplicateJsonObjectContextCustomizerFactory$DuplicateJsonObjectContextCustomizer@65860ac5, org.springframework.boot.test.mock.mockito.MockitoContextCustomizer@0, org.springframework.boot.test.web.client.TestRestTemplateContextCustomizer@280e8462], resourceBasePath = 'src/main/webapp', contextLoader = 'org.springframework.boot.test.context.SpringBootContextLoader', parent = [null]], attributes = map['org.springframework.test.context.web.ServletTestExecutionListener.activateListener' -> true]], class annotated with @DirtiesContext [false] with mode [null].
10:12:32.782 [Test worker] DEBUG org.springframework.test.annotation.ProfileValueUtils - Retrieved @ProfileValueSourceConfiguration [null] for test class [tripPricer.serviceTest.TripPricerServiceTest]
10:12:32.782 [Test worker] DEBUG org.springframework.test.annotation.ProfileValueUtils - Retrieved ProfileValueSource type [class org.springframework.test.annotation.SystemProfileValueSource] for class [tripPricer.serviceTest.TripPricerServiceTest]
10:12:33.241 [Test worker] DEBUG org.springframework.test.context.support.TestPropertySourceUtils - Adding inlined properties to environment: {spring.jmx.enabled=false, org.springframework.boot.test.context.SpringBootTestContextBootstrapper=true, server.port=-1}

  .   ____          _            __ _ _
 /\\ / ___'_ __ _ _(_)_ __  __ _ \ \ \ \
( ( )\___ | '_ | '_| | '_ \/ _` | \ \ \ \
 \\/  ___)| |_)| | | | | || (_| |  ) ) ) )
  '  |____| .__|_| |_|_| |_\__, | / / / /
 =========|_|==============|___/=/_/_/_/
 :: Spring Boot ::        (v2.1.6.RELEASE)

2022-04-25 10:12:33.467  INFO 25656 --- [    Test worker] t.serviceTest.TripPricerServiceTest      : Starting TripPricerServiceTest on DESKTOP-HBE7KI5 with PID 25656 (started by guile in C:\Users\guile\OneDrive\Bureau\Formation\P8\JavaPathENProject8\tripPricer)
2022-04-25 10:12:33.469  INFO 25656 --- [    Test worker] t.serviceTest.TripPricerServiceTest      : No active profile set, falling back to default profiles: default
2022-04-25 10:12:34.822  INFO 25656 --- [    Test worker] o.s.s.concurrent.ThreadPoolTaskExecutor  : Initializing ExecutorService 'applicationTaskExecutor'
2022-04-25 10:12:35.359  INFO 25656 --- [    Test worker] o.s.b.a.e.web.EndpointLinksResolver      : Exposing 2 endpoint(s) beneath base path '/actuator'
2022-04-25 10:12:35.408  INFO 25656 --- [    Test worker] t.serviceTest.TripPricerServiceTest      : Started TripPricerServiceTest in 2.137 seconds (JVM running for 3.616)
]]></system-out>
  <system-err><![CDATA[]]></system-err>
</testsuite>
