<?xml version="1.0" encoding="UTF-8"?>
<testsuite name="tourGuide.TestRewardsService" tests="2" skipped="0" failures="0" errors="0" timestamp="2022-04-21T10:39:20" hostname="DESKTOP-HBE7KI5" time="3.852">
  <properties/>
  <testcase name="nearAllAttractions" classname="tourGuide.TestRewardsService" time="3.757"/>
  <testcase name="userGetRewards" classname="tourGuide.TestRewardsService" time="0.095"/>
  <system-out><![CDATA[12:39:15.948 [Test worker] DEBUG org.springframework.test.context.junit4.SpringJUnit4ClassRunner - SpringJUnit4ClassRunner constructor called with [class tourGuide.TestRewardsService]
12:39:15.957 [Test worker] DEBUG org.springframework.test.context.BootstrapUtils - Instantiating CacheAwareContextLoaderDelegate from class [org.springframework.test.context.cache.DefaultCacheAwareContextLoaderDelegate]
12:39:15.970 [Test worker] DEBUG org.springframework.test.context.BootstrapUtils - Instantiating BootstrapContext using constructor [public org.springframework.test.context.support.DefaultBootstrapContext(java.lang.Class,org.springframework.test.context.CacheAwareContextLoaderDelegate)]
12:39:15.995 [Test worker] DEBUG org.springframework.test.context.BootstrapUtils - Instantiating TestContextBootstrapper for test class [tourGuide.TestRewardsService] from class [org.springframework.boot.test.context.SpringBootTestContextBootstrapper]
12:39:16.009 [Test worker] INFO org.springframework.boot.test.context.SpringBootTestContextBootstrapper - Neither @ContextConfiguration nor @ContextHierarchy found for test class [tourGuide.TestRewardsService], using SpringBootContextLoader
12:39:16.012 [Test worker] DEBUG org.springframework.test.context.support.AbstractContextLoader - Did not detect default resource location for test class [tourGuide.TestRewardsService]: class path resource [tourGuide/TestRewardsService-context.xml] does not exist
12:39:16.013 [Test worker] DEBUG org.springframework.test.context.support.AbstractContextLoader - Did not detect default resource location for test class [tourGuide.TestRewardsService]: class path resource [tourGuide/TestRewardsServiceContext.groovy] does not exist
12:39:16.013 [Test worker] INFO org.springframework.test.context.support.AbstractContextLoader - Could not detect default resource locations for test class [tourGuide.TestRewardsService]: no resource found for suffixes {-context.xml, Context.groovy}.
12:39:16.014 [Test worker] INFO org.springframework.test.context.support.AnnotationConfigContextLoaderUtils - Could not detect default configuration classes for test class [tourGuide.TestRewardsService]: TestRewardsService does not declare any static, non-private, non-final, nested classes annotated with @Configuration.
12:39:16.067 [Test worker] DEBUG org.springframework.test.context.support.ActiveProfilesUtils - Could not find an 'annotation declaring class' for annotation type [org.springframework.test.context.ActiveProfiles] and class [tourGuide.TestRewardsService]
12:39:16.148 [Test worker] DEBUG org.springframework.context.annotation.ClassPathScanningCandidateComponentProvider - Identified candidate component class: file [C:\Users\guile\OneDrive\Bureau\Formation\P8\JavaPathENProject8\TourGuide\build\classes\java\main\tourGuide\Application.class]
12:39:16.149 [Test worker] INFO org.springframework.boot.test.context.SpringBootTestContextBootstrapper - Found @SpringBootConfiguration tourGuide.Application for test class tourGuide.TestRewardsService
12:39:16.253 [Test worker] DEBUG org.springframework.boot.test.context.SpringBootTestContextBootstrapper - @TestExecutionListeners is not present for class [tourGuide.TestRewardsService]: using defaults.
12:39:16.254 [Test worker] INFO org.springframework.boot.test.context.SpringBootTestContextBootstrapper - Loaded default TestExecutionListener class names from location [META-INF/spring.factories]: [org.springframework.boot.test.autoconfigure.restdocs.RestDocsTestExecutionListener, org.springframework.boot.test.autoconfigure.web.client.MockRestServiceServerResetTestExecutionListener, org.springframework.boot.test.autoconfigure.web.servlet.MockMvcPrintOnlyOnFailureTestExecutionListener, org.springframework.boot.test.autoconfigure.web.servlet.WebDriverTestExecutionListener, org.springframework.boot.test.mock.mockito.MockitoTestExecutionListener, org.springframework.boot.test.mock.mockito.ResetMocksTestExecutionListener, org.springframework.test.context.web.ServletTestExecutionListener, org.springframework.test.context.support.DirtiesContextBeforeModesTestExecutionListener, org.springframework.test.context.support.DependencyInjectionTestExecutionListener, org.springframework.test.context.support.DirtiesContextTestExecutionListener, org.springframework.test.context.transaction.TransactionalTestExecutionListener, org.springframework.test.context.jdbc.SqlScriptsTestExecutionListener]
12:39:16.267 [Test worker] DEBUG org.springframework.boot.test.context.SpringBootTestContextBootstrapper - Skipping candidate TestExecutionListener [org.springframework.test.context.transaction.TransactionalTestExecutionListener] due to a missing dependency. Specify custom listener classes or make the default listener classes and their required dependencies available. Offending class: [org/springframework/transaction/interceptor/TransactionAttributeSource]
12:39:16.267 [Test worker] DEBUG org.springframework.boot.test.context.SpringBootTestContextBootstrapper - Skipping candidate TestExecutionListener [org.springframework.test.context.jdbc.SqlScriptsTestExecutionListener] due to a missing dependency. Specify custom listener classes or make the default listener classes and their required dependencies available. Offending class: [org/springframework/transaction/interceptor/TransactionAttribute]
12:39:16.267 [Test worker] INFO org.springframework.boot.test.context.SpringBootTestContextBootstrapper - Using TestExecutionListeners: [org.springframework.test.context.web.ServletTestExecutionListener@3dfe59d7, org.springframework.test.context.support.DirtiesContextBeforeModesTestExecutionListener@1be8c122, org.springframework.boot.test.mock.mockito.MockitoTestExecutionListener@5d08976a, org.springframework.boot.test.autoconfigure.SpringBootDependencyInjectionTestExecutionListener@59a2d756, org.springframework.test.context.support.DirtiesContextTestExecutionListener@165d1d54, org.springframework.boot.test.autoconfigure.restdocs.RestDocsTestExecutionListener@4be12f6c, org.springframework.boot.test.autoconfigure.web.client.MockRestServiceServerResetTestExecutionListener@52cb52bd, org.springframework.boot.test.autoconfigure.web.servlet.MockMvcPrintOnlyOnFailureTestExecutionListener@1d1c37d5, org.springframework.boot.test.autoconfigure.web.servlet.WebDriverTestExecutionListener@63553e9f, org.springframework.boot.test.mock.mockito.ResetMocksTestExecutionListener@218df7d6]
12:39:16.271 [Test worker] DEBUG org.springframework.test.annotation.ProfileValueUtils - Retrieved @ProfileValueSourceConfiguration [null] for test class [tourGuide.TestRewardsService]
12:39:16.272 [Test worker] DEBUG org.springframework.test.annotation.ProfileValueUtils - Retrieved ProfileValueSource type [class org.springframework.test.annotation.SystemProfileValueSource] for class [tourGuide.TestRewardsService]
12:39:16.274 [Test worker] DEBUG org.springframework.test.annotation.ProfileValueUtils - Retrieved @ProfileValueSourceConfiguration [null] for test class [tourGuide.TestRewardsService]
12:39:16.274 [Test worker] DEBUG org.springframework.test.annotation.ProfileValueUtils - Retrieved ProfileValueSource type [class org.springframework.test.annotation.SystemProfileValueSource] for class [tourGuide.TestRewardsService]
12:39:16.274 [Test worker] DEBUG org.springframework.test.annotation.ProfileValueUtils - Retrieved @ProfileValueSourceConfiguration [null] for test class [tourGuide.TestRewardsService]
12:39:16.274 [Test worker] DEBUG org.springframework.test.annotation.ProfileValueUtils - Retrieved ProfileValueSource type [class org.springframework.test.annotation.SystemProfileValueSource] for class [tourGuide.TestRewardsService]
12:39:16.278 [Test worker] DEBUG org.springframework.test.context.support.AbstractDirtiesContextTestExecutionListener - Before test class: context [DefaultTestContext@35e07e19 testClass = TestRewardsService, testInstance = [null], testMethod = [null], testException = [null], mergedContextConfiguration = [WebMergedContextConfiguration@a1e912f testClass = TestRewardsService, locations = '{}', classes = '{class tourGuide.Application}', contextInitializerClasses = '[]', activeProfiles = '{}', propertySourceLocations = '{}', propertySourceProperties = '{org.springframework.boot.test.context.SpringBootTestContextBootstrapper=true}', contextCustomizers = set[org.springframework.boot.test.autoconfigure.properties.PropertyMappingContextCustomizer@0, org.springframework.boot.test.autoconfigure.web.servlet.WebDriverContextCustomizerFactory$Customizer@6a87026, org.springframework.boot.test.context.filter.ExcludeFilterContextCustomizer@6296474f, org.springframework.boot.test.json.DuplicateJsonObjectContextCustomizerFactory$DuplicateJsonObjectContextCustomizer@597f0937, org.springframework.boot.test.mock.mockito.MockitoContextCustomizer@0, org.springframework.boot.test.web.client.TestRestTemplateContextCustomizer@244418a], resourceBasePath = 'src/main/webapp', contextLoader = 'org.springframework.boot.test.context.SpringBootContextLoader', parent = [null]], attributes = map['org.springframework.test.context.web.ServletTestExecutionListener.activateListener' -> true]], class annotated with @DirtiesContext [false] with mode [null].
12:39:16.279 [Test worker] DEBUG org.springframework.test.annotation.ProfileValueUtils - Retrieved @ProfileValueSourceConfiguration [null] for test class [tourGuide.TestRewardsService]
12:39:16.279 [Test worker] DEBUG org.springframework.test.annotation.ProfileValueUtils - Retrieved ProfileValueSource type [class org.springframework.test.annotation.SystemProfileValueSource] for class [tourGuide.TestRewardsService]
12:39:16.304 [Test worker] DEBUG org.springframework.test.context.support.TestPropertySourceUtils - Adding inlined properties to environment: {spring.jmx.enabled=false, org.springframework.boot.test.context.SpringBootTestContextBootstrapper=true, server.port=-1}

  .   ____          _            __ _ _
 /\\ / ___'_ __ _ _(_)_ __  __ _ \ \ \ \
( ( )\___ | '_ | '_| | '_ \/ _` | \ \ \ \
 \\/  ___)| |_)| | | | | || (_| |  ) ) ) )
  '  |____| .__|_| |_|_| |_\__, | / / / /
 =========|_|==============|___/=/_/_/_/
 :: Spring Boot ::        (v2.1.6.RELEASE)

2022-04-21 12:39:17.210  INFO 23612 --- [    Test worker] tourGuide.TestRewardsService             : No active profile set, falling back to default profiles: default
2022-04-21 12:39:18.007  INFO 23612 --- [    Test worker] o.s.cloud.context.scope.GenericScope     : BeanFactory id=799bd1f0-11ea-3e55-828e-c2fc222d9970
2022-04-21 12:39:18.065  INFO 23612 --- [    Test worker] trationDelegate$BeanPostProcessorChecker : Bean 'tourGuide.proxy.GpsUtilProxy' of type [org.springframework.cloud.openfeign.FeignClientFactoryBean] is not eligible for getting processed by all BeanPostProcessors (for example: not eligible for auto-proxying)
2022-04-21 12:39:18.066  INFO 23612 --- [    Test worker] trationDelegate$BeanPostProcessorChecker : Bean 'tourGuide.proxy.RewardsCentralProxy' of type [org.springframework.cloud.openfeign.FeignClientFactoryBean] is not eligible for getting processed by all BeanPostProcessors (for example: not eligible for auto-proxying)
2022-04-21 12:39:18.067  INFO 23612 --- [    Test worker] trationDelegate$BeanPostProcessorChecker : Bean 'tourGuide.proxy.TripPricerProxy' of type [org.springframework.cloud.openfeign.FeignClientFactoryBean] is not eligible for getting processed by all BeanPostProcessors (for example: not eligible for auto-proxying)
2022-04-21 12:39:18.449  INFO 23612 --- [    Test worker] tourGuide.service.TourGuideService       : TestMode enabled
2022-04-21 12:39:18.450 DEBUG 23612 --- [    Test worker] tourGuide.service.TourGuideService       : Initializing users
2022-04-21 12:39:18.452 DEBUG 23612 --- [    Test worker] tourGuide.service.TourGuideService       : Created 100 internal test users.
2022-04-21 12:39:18.452 DEBUG 23612 --- [    Test worker] tourGuide.service.TourGuideService       : Finished initializing users
2022-04-21 12:39:18.456 DEBUG 23612 --- [pool-1-thread-1] tourGuide.tracker.Tracker                : Begin Tracker. Tracking 100 users.
2022-04-21 12:39:19.142  INFO 23612 --- [    Test worker] o.s.b.a.e.web.EndpointLinksResolver      : Exposing 2 endpoint(s) beneath base path '/actuator'
2022-04-21 12:39:19.271  INFO 23612 --- [    Test worker] pertySourcedRequestMappingHandlerMapping : Mapped URL path [/v2/api-docs] onto method [public org.springframework.http.ResponseEntity<springfox.documentation.spring.web.json.Json> springfox.documentation.swagger2.web.Swagger2Controller.getDocumentation(java.lang.String,javax.servlet.http.HttpServletRequest)]
2022-04-21 12:39:19.427  WARN 23612 --- [    Test worker] c.n.c.sources.URLConfigurationSource     : No URLs will be polled as dynamic configuration sources.
2022-04-21 12:39:19.427  INFO 23612 --- [    Test worker] c.n.c.sources.URLConfigurationSource     : To enable URLs as dynamic configuration sources, define System property archaius.configurationSource.additionalUrls or make config.properties available on classpath.
2022-04-21 12:39:19.433  WARN 23612 --- [    Test worker] c.n.c.sources.URLConfigurationSource     : No URLs will be polled as dynamic configuration sources.
2022-04-21 12:39:19.433  INFO 23612 --- [    Test worker] c.n.c.sources.URLConfigurationSource     : To enable URLs as dynamic configuration sources, define System property archaius.configurationSource.additionalUrls or make config.properties available on classpath.
2022-04-21 12:39:19.547  INFO 23612 --- [    Test worker] o.s.s.concurrent.ThreadPoolTaskExecutor  : Initializing ExecutorService 'applicationTaskExecutor'
2022-04-21 12:39:20.060  INFO 23612 --- [    Test worker] d.s.w.p.DocumentationPluginsBootstrapper : Context refreshed
2022-04-21 12:39:20.082  INFO 23612 --- [    Test worker] d.s.w.p.DocumentationPluginsBootstrapper : Found 1 custom documentation plugin(s)
2022-04-21 12:39:20.113  INFO 23612 --- [    Test worker] s.d.s.w.s.ApiListingReferenceScanner     : Scanning for api listing references
2022-04-21 12:39:20.222  INFO 23612 --- [    Test worker] .d.s.w.r.o.CachingOperationNameGenerator : Generating unique operation named: handleUsingGET_1
2022-04-21 12:39:20.224  INFO 23612 --- [    Test worker] .d.s.w.r.o.CachingOperationNameGenerator : Generating unique operation named: handleUsingGET_2
2022-04-21 12:39:20.226  INFO 23612 --- [    Test worker] .d.s.w.r.o.CachingOperationNameGenerator : Generating unique operation named: handleUsingGET_3
2022-04-21 12:39:20.271  INFO 23612 --- [    Test worker] tourGuide.TestRewardsService             : Started TestRewardsService in 3.956 seconds (JVM running for 5.029)
2022-04-21 12:39:20.435  INFO 23612 --- [    Test worker] tourGuide.service.TourGuideService       : TestMode enabled
2022-04-21 12:39:20.435 DEBUG 23612 --- [    Test worker] tourGuide.service.TourGuideService       : Initializing users
2022-04-21 12:39:20.436 DEBUG 23612 --- [    Test worker] tourGuide.service.TourGuideService       : Created 100 internal test users.
2022-04-21 12:39:20.436 DEBUG 23612 --- [    Test worker] tourGuide.service.TourGuideService       : Finished initializing users
2022-04-21 12:39:20.436 DEBUG 23612 --- [pool-2-thread-1] tourGuide.tracker.Tracker                : Begin Tracker. Tracking 100 users.
2022-04-21 12:39:24.049  INFO 23612 --- [    Test worker] tourGuide.service.TourGuideService       : TestMode enabled
2022-04-21 12:39:24.049 DEBUG 23612 --- [    Test worker] tourGuide.service.TourGuideService       : Initializing users
2022-04-21 12:39:24.049 DEBUG 23612 --- [    Test worker] tourGuide.service.TourGuideService       : Created 0 internal test users.
2022-04-21 12:39:24.049 DEBUG 23612 --- [    Test worker] tourGuide.service.TourGuideService       : Finished initializing users
2022-04-21 12:39:24.049 DEBUG 23612 --- [pool-3-thread-1] tourGuide.tracker.Tracker                : Begin Tracker. Tracking 0 users.
2022-04-21 12:39:24.050 DEBUG 23612 --- [pool-3-thread-1] tourGuide.tracker.Tracker                : Tracker Time Elapsed: 0 seconds.
2022-04-21 12:39:24.050 DEBUG 23612 --- [pool-3-thread-1] tourGuide.tracker.Tracker                : Tracker sleeping
]]></system-out>
  <system-err><![CDATA[]]></system-err>
</testsuite>
