<?xml version="1.0" encoding="UTF-8"?>
<testsuite name="tourGuide.TestTourGuideService" tests="9" skipped="0" failures="0" errors="0" timestamp="2022-04-25T14:11:18" hostname="DESKTOP-HBE7KI5" time="13.558">
  <properties/>
  <testcase name="getUserLocation" classname="tourGuide.TestTourGuideService" time="0.045"/>
  <testcase name="addUser" classname="tourGuide.TestTourGuideService" time="10.676"/>
  <testcase name="getTripDeals" classname="tourGuide.TestTourGuideService" time="0.047"/>
  <testcase name="getAllUsers" classname="tourGuide.TestTourGuideService" time="0.002"/>
  <testcase name="getAttractions" classname="tourGuide.TestTourGuideService" time="0.023"/>
  <testcase name="trackUser" classname="tourGuide.TestTourGuideService" time="0.069"/>
  <testcase name="getNearbyAttractions" classname="tourGuide.TestTourGuideService" time="2.673"/>
  <testcase name="getAllCurrentLocation" classname="tourGuide.TestTourGuideService" time="0.001"/>
  <testcase name="getRewards" classname="tourGuide.TestTourGuideService" time="0.019"/>
  <system-out><![CDATA[2022-04-25 16:11:18.751  INFO 23184 --- [    Test worker] .b.t.c.SpringBootTestContextBootstrapper : Neither @ContextConfiguration nor @ContextHierarchy found for test class [tourGuide.TestTourGuideService], using SpringBootContextLoader
2022-04-25 16:11:18.752  INFO 23184 --- [    Test worker] o.s.t.c.support.AbstractContextLoader    : Could not detect default resource locations for test class [tourGuide.TestTourGuideService]: no resource found for suffixes {-context.xml, Context.groovy}.
2022-04-25 16:11:18.752  INFO 23184 --- [    Test worker] t.c.s.AnnotationConfigContextLoaderUtils : Could not detect default configuration classes for test class [tourGuide.TestTourGuideService]: TestTourGuideService does not declare any static, non-private, non-final, nested classes annotated with @Configuration.
2022-04-25 16:11:18.753  INFO 23184 --- [    Test worker] .b.t.c.SpringBootTestContextBootstrapper : Found @SpringBootConfiguration tourGuide.Application for test class tourGuide.TestTourGuideService
2022-04-25 16:11:18.754  INFO 23184 --- [    Test worker] .b.t.c.SpringBootTestContextBootstrapper : Loaded default TestExecutionListener class names from location [META-INF/spring.factories]: [org.springframework.boot.test.autoconfigure.restdocs.RestDocsTestExecutionListener, org.springframework.boot.test.autoconfigure.web.client.MockRestServiceServerResetTestExecutionListener, org.springframework.boot.test.autoconfigure.web.servlet.MockMvcPrintOnlyOnFailureTestExecutionListener, org.springframework.boot.test.autoconfigure.web.servlet.WebDriverTestExecutionListener, org.springframework.boot.test.mock.mockito.MockitoTestExecutionListener, org.springframework.boot.test.mock.mockito.ResetMocksTestExecutionListener, org.springframework.test.context.web.ServletTestExecutionListener, org.springframework.test.context.support.DirtiesContextBeforeModesTestExecutionListener, org.springframework.test.context.support.DependencyInjectionTestExecutionListener, org.springframework.test.context.support.DirtiesContextTestExecutionListener, org.springframework.test.context.transaction.TransactionalTestExecutionListener, org.springframework.test.context.jdbc.SqlScriptsTestExecutionListener]
2022-04-25 16:11:18.754  INFO 23184 --- [    Test worker] .b.t.c.SpringBootTestContextBootstrapper : Using TestExecutionListeners: [org.springframework.test.context.web.ServletTestExecutionListener@7447e4aa, org.springframework.test.context.support.DirtiesContextBeforeModesTestExecutionListener@12b4f3a6, org.springframework.boot.test.mock.mockito.MockitoTestExecutionListener@39db0f18, org.springframework.boot.test.autoconfigure.SpringBootDependencyInjectionTestExecutionListener@69dc1291, org.springframework.test.context.support.DirtiesContextTestExecutionListener@2275d9b4, org.springframework.boot.test.autoconfigure.restdocs.RestDocsTestExecutionListener@17e9379f, org.springframework.boot.test.autoconfigure.web.client.MockRestServiceServerResetTestExecutionListener@76ab49b5, org.springframework.boot.test.autoconfigure.web.servlet.MockMvcPrintOnlyOnFailureTestExecutionListener@7fea956b, org.springframework.boot.test.autoconfigure.web.servlet.WebDriverTestExecutionListener@73de5b5b, org.springframework.boot.test.mock.mockito.ResetMocksTestExecutionListener@2d55df70]
2022-04-25 16:11:18.757  INFO 23184 --- [    Test worker] tourGuide.service.TourGuideService       : TestMode enabled
2022-04-25 16:11:18.757 DEBUG 23184 --- [    Test worker] tourGuide.service.TourGuideService       : Initializing users
2022-04-25 16:11:18.757 DEBUG 23184 --- [    Test worker] tourGuide.service.TourGuideService       : Created 0 internal test users.
2022-04-25 16:11:18.757 DEBUG 23184 --- [    Test worker] tourGuide.service.TourGuideService       : Finished initializing users
2022-04-25 16:11:18.758 DEBUG 23184 --- [ool-12-thread-1] tourGuide.tracker.Tracker                : Begin Tracker. Tracking 0 users.
2022-04-25 16:11:18.758 DEBUG 23184 --- [ool-12-thread-1] tourGuide.tracker.Tracker                : Tracker Time Elapsed: 0 seconds.
2022-04-25 16:11:18.758 DEBUG 23184 --- [ool-12-thread-1] tourGuide.tracker.Tracker                : Tracker sleeping
2022-04-25 16:11:18.802  INFO 23184 --- [    Test worker] tourGuide.service.TourGuideService       : TestMode enabled
2022-04-25 16:11:18.803 DEBUG 23184 --- [    Test worker] tourGuide.service.TourGuideService       : Initializing users
2022-04-25 16:11:18.803 DEBUG 23184 --- [    Test worker] tourGuide.service.TourGuideService       : Created 0 internal test users.
2022-04-25 16:11:18.803 DEBUG 23184 --- [    Test worker] tourGuide.service.TourGuideService       : Finished initializing users
2022-04-25 16:11:18.803 DEBUG 23184 --- [ool-13-thread-1] tourGuide.tracker.Tracker                : Begin Tracker. Tracking 2 users.
2022-04-25 16:11:18.906 DEBUG 23184 --- [ool-13-thread-1] tourGuide.tracker.Tracker                : Tracker Time Elapsed: 0 seconds.
2022-04-25 16:11:18.906 DEBUG 23184 --- [ool-13-thread-1] tourGuide.tracker.Tracker                : Tracker sleeping
2022-04-25 16:11:29.478  INFO 23184 --- [    Test worker] tourGuide.service.TourGuideService       : TestMode enabled
2022-04-25 16:11:29.478 DEBUG 23184 --- [    Test worker] tourGuide.service.TourGuideService       : Initializing users
2022-04-25 16:11:29.478 DEBUG 23184 --- [    Test worker] tourGuide.service.TourGuideService       : Created 0 internal test users.
2022-04-25 16:11:29.478 DEBUG 23184 --- [    Test worker] tourGuide.service.TourGuideService       : Finished initializing users
2022-04-25 16:11:29.478 DEBUG 23184 --- [ool-14-thread-1] tourGuide.tracker.Tracker                : Begin Tracker. Tracking 0 users.
2022-04-25 16:11:29.479 DEBUG 23184 --- [ool-14-thread-1] tourGuide.tracker.Tracker                : Tracker Time Elapsed: 0 seconds.
2022-04-25 16:11:29.479 DEBUG 23184 --- [ool-14-thread-1] tourGuide.tracker.Tracker                : Tracker sleeping
2022-04-25 16:11:29.526  INFO 23184 --- [    Test worker] tourGuide.service.TourGuideService       : TestMode enabled
2022-04-25 16:11:29.526 DEBUG 23184 --- [    Test worker] tourGuide.service.TourGuideService       : Initializing users
2022-04-25 16:11:29.526 DEBUG 23184 --- [    Test worker] tourGuide.service.TourGuideService       : Created 0 internal test users.
2022-04-25 16:11:29.526 DEBUG 23184 --- [    Test worker] tourGuide.service.TourGuideService       : Finished initializing users
2022-04-25 16:11:29.526 DEBUG 23184 --- [ool-15-thread-1] tourGuide.tracker.Tracker                : Tracker stopping
2022-04-25 16:11:29.528  INFO 23184 --- [    Test worker] tourGuide.service.TourGuideService       : TestMode enabled
2022-04-25 16:11:29.528 DEBUG 23184 --- [    Test worker] tourGuide.service.TourGuideService       : Initializing users
2022-04-25 16:11:29.528 DEBUG 23184 --- [    Test worker] tourGuide.service.TourGuideService       : Created 0 internal test users.
2022-04-25 16:11:29.528 DEBUG 23184 --- [    Test worker] tourGuide.service.TourGuideService       : Finished initializing users
2022-04-25 16:11:29.528 DEBUG 23184 --- [ool-16-thread-1] tourGuide.tracker.Tracker                : Begin Tracker. Tracking 0 users.
2022-04-25 16:11:29.528 DEBUG 23184 --- [ool-16-thread-1] tourGuide.tracker.Tracker                : Tracker Time Elapsed: 0 seconds.
2022-04-25 16:11:29.528 DEBUG 23184 --- [ool-16-thread-1] tourGuide.tracker.Tracker                : Tracker sleeping
2022-04-25 16:11:29.551  INFO 23184 --- [    Test worker] tourGuide.service.TourGuideService       : TestMode enabled
2022-04-25 16:11:29.551 DEBUG 23184 --- [    Test worker] tourGuide.service.TourGuideService       : Initializing users
2022-04-25 16:11:29.551 DEBUG 23184 --- [    Test worker] tourGuide.service.TourGuideService       : Created 0 internal test users.
2022-04-25 16:11:29.551 DEBUG 23184 --- [    Test worker] tourGuide.service.TourGuideService       : Finished initializing users
2022-04-25 16:11:29.552 DEBUG 23184 --- [ool-17-thread-1] tourGuide.tracker.Tracker                : Begin Tracker. Tracking 0 users.
2022-04-25 16:11:29.552 DEBUG 23184 --- [ool-17-thread-1] tourGuide.tracker.Tracker                : Tracker Time Elapsed: 0 seconds.
2022-04-25 16:11:29.552 DEBUG 23184 --- [ool-17-thread-1] tourGuide.tracker.Tracker                : Tracker sleeping
2022-04-25 16:11:29.620  INFO 23184 --- [    Test worker] tourGuide.service.TourGuideService       : TestMode enabled
2022-04-25 16:11:29.620 DEBUG 23184 --- [    Test worker] tourGuide.service.TourGuideService       : Initializing users
2022-04-25 16:11:29.620 DEBUG 23184 --- [    Test worker] tourGuide.service.TourGuideService       : Created 0 internal test users.
2022-04-25 16:11:29.620 DEBUG 23184 --- [    Test worker] tourGuide.service.TourGuideService       : Finished initializing users
2022-04-25 16:11:29.621 DEBUG 23184 --- [ool-18-thread-1] tourGuide.tracker.Tracker                : Begin Tracker. Tracking 0 users.
2022-04-25 16:11:29.621 DEBUG 23184 --- [ool-18-thread-1] tourGuide.tracker.Tracker                : Tracker Time Elapsed: 0 seconds.
2022-04-25 16:11:29.621 DEBUG 23184 --- [ool-18-thread-1] tourGuide.tracker.Tracker                : Tracker sleeping
2022-04-25 16:11:32.294  INFO 23184 --- [    Test worker] tourGuide.service.TourGuideService       : TestMode enabled
2022-04-25 16:11:32.294 DEBUG 23184 --- [    Test worker] tourGuide.service.TourGuideService       : Initializing users
2022-04-25 16:11:32.294 DEBUG 23184 --- [    Test worker] tourGuide.service.TourGuideService       : Created 0 internal test users.
2022-04-25 16:11:32.294 DEBUG 23184 --- [    Test worker] tourGuide.service.TourGuideService       : Finished initializing users
2022-04-25 16:11:32.294 DEBUG 23184 --- [ool-19-thread-1] tourGuide.tracker.Tracker                : Begin Tracker. Tracking 0 users.
2022-04-25 16:11:32.294 DEBUG 23184 --- [ool-19-thread-1] tourGuide.tracker.Tracker                : Tracker Time Elapsed: 0 seconds.
2022-04-25 16:11:32.294 DEBUG 23184 --- [ool-19-thread-1] tourGuide.tracker.Tracker                : Tracker sleeping
2022-04-25 16:11:32.296  INFO 23184 --- [    Test worker] tourGuide.service.TourGuideService       : TestMode enabled
2022-04-25 16:11:32.296 DEBUG 23184 --- [    Test worker] tourGuide.service.TourGuideService       : Initializing users
2022-04-25 16:11:32.296 DEBUG 23184 --- [    Test worker] tourGuide.service.TourGuideService       : Created 0 internal test users.
2022-04-25 16:11:32.296 DEBUG 23184 --- [    Test worker] tourGuide.service.TourGuideService       : Finished initializing users
2022-04-25 16:11:32.296 DEBUG 23184 --- [ool-20-thread-1] tourGuide.tracker.Tracker                : Begin Tracker. Tracking 0 users.
2022-04-25 16:11:32.296 DEBUG 23184 --- [ool-20-thread-1] tourGuide.tracker.Tracker                : Tracker Time Elapsed: 0 seconds.
2022-04-25 16:11:32.296 DEBUG 23184 --- [ool-20-thread-1] tourGuide.tracker.Tracker                : Tracker sleeping
]]></system-out>
  <system-err><![CDATA[]]></system-err>
</testsuite>
