<?xml version="1.0" encoding="UTF-8"?>
<testsuite name="tourGuide.TestRewardsService" tests="2" skipped="0" failures="0" errors="0" timestamp="2022-04-25T14:11:09" hostname="DESKTOP-HBE7KI5" time="9.426">
  <properties/>
  <testcase name="nearAllAttractions" classname="tourGuide.TestRewardsService" time="9.346"/>
  <testcase name="userGetRewards" classname="tourGuide.TestRewardsService" time="0.08"/>
  <system-out><![CDATA[2022-04-25 16:11:09.317  INFO 23184 --- [    Test worker] .b.t.c.SpringBootTestContextBootstrapper : Neither @ContextConfiguration nor @ContextHierarchy found for test class [tourGuide.TestRewardsService], using SpringBootContextLoader
2022-04-25 16:11:09.317  INFO 23184 --- [    Test worker] o.s.t.c.support.AbstractContextLoader    : Could not detect default resource locations for test class [tourGuide.TestRewardsService]: no resource found for suffixes {-context.xml, Context.groovy}.
2022-04-25 16:11:09.317  INFO 23184 --- [    Test worker] t.c.s.AnnotationConfigContextLoaderUtils : Could not detect default configuration classes for test class [tourGuide.TestRewardsService]: TestRewardsService does not declare any static, non-private, non-final, nested classes annotated with @Configuration.
2022-04-25 16:11:09.320  INFO 23184 --- [    Test worker] .b.t.c.SpringBootTestContextBootstrapper : Found @SpringBootConfiguration tourGuide.Application for test class tourGuide.TestRewardsService
2022-04-25 16:11:09.321  INFO 23184 --- [    Test worker] .b.t.c.SpringBootTestContextBootstrapper : Loaded default TestExecutionListener class names from location [META-INF/spring.factories]: [org.springframework.boot.test.autoconfigure.restdocs.RestDocsTestExecutionListener, org.springframework.boot.test.autoconfigure.web.client.MockRestServiceServerResetTestExecutionListener, org.springframework.boot.test.autoconfigure.web.servlet.MockMvcPrintOnlyOnFailureTestExecutionListener, org.springframework.boot.test.autoconfigure.web.servlet.WebDriverTestExecutionListener, org.springframework.boot.test.mock.mockito.MockitoTestExecutionListener, org.springframework.boot.test.mock.mockito.ResetMocksTestExecutionListener, org.springframework.test.context.web.ServletTestExecutionListener, org.springframework.test.context.support.DirtiesContextBeforeModesTestExecutionListener, org.springframework.test.context.support.DependencyInjectionTestExecutionListener, org.springframework.test.context.support.DirtiesContextTestExecutionListener, org.springframework.test.context.transaction.TransactionalTestExecutionListener, org.springframework.test.context.jdbc.SqlScriptsTestExecutionListener]
2022-04-25 16:11:09.322  INFO 23184 --- [    Test worker] .b.t.c.SpringBootTestContextBootstrapper : Using TestExecutionListeners: [org.springframework.test.context.web.ServletTestExecutionListener@2c4088c2, org.springframework.test.context.support.DirtiesContextBeforeModesTestExecutionListener@20b9dc53, org.springframework.boot.test.mock.mockito.MockitoTestExecutionListener@2935c968, org.springframework.boot.test.autoconfigure.SpringBootDependencyInjectionTestExecutionListener@7b0b55ad, org.springframework.test.context.support.DirtiesContextTestExecutionListener@5325c496, org.springframework.boot.test.autoconfigure.restdocs.RestDocsTestExecutionListener@3d90d1e5, org.springframework.boot.test.autoconfigure.web.client.MockRestServiceServerResetTestExecutionListener@3ae931b6, org.springframework.boot.test.autoconfigure.web.servlet.MockMvcPrintOnlyOnFailureTestExecutionListener@1b6ebd7b, org.springframework.boot.test.autoconfigure.web.servlet.WebDriverTestExecutionListener@6612dbf4, org.springframework.boot.test.mock.mockito.ResetMocksTestExecutionListener@5d36212a]
2022-04-25 16:11:09.325  INFO 23184 --- [    Test worker] tourGuide.service.TourGuideService       : TestMode enabled
2022-04-25 16:11:09.325 DEBUG 23184 --- [    Test worker] tourGuide.service.TourGuideService       : Initializing users
2022-04-25 16:11:09.325 DEBUG 23184 --- [    Test worker] tourGuide.service.TourGuideService       : Created 100 internal test users.
2022-04-25 16:11:09.325 DEBUG 23184 --- [    Test worker] tourGuide.service.TourGuideService       : Finished initializing users
2022-04-25 16:11:09.326 DEBUG 23184 --- [ool-10-thread-1] tourGuide.tracker.Tracker                : Begin Tracker. Tracking 100 users.
2022-04-25 16:11:14.029 DEBUG 23184 --- [pool-1-thread-1] tourGuide.tracker.Tracker                : Tracker Time Elapsed: 6 seconds.
2022-04-25 16:11:14.029 DEBUG 23184 --- [pool-1-thread-1] tourGuide.tracker.Tracker                : Tracker sleeping
2022-04-25 16:11:15.413 DEBUG 23184 --- [ool-10-thread-1] tourGuide.tracker.Tracker                : Tracker Time Elapsed: 6 seconds.
2022-04-25 16:11:15.413 DEBUG 23184 --- [ool-10-thread-1] tourGuide.tracker.Tracker                : Tracker sleeping
2022-04-25 16:11:18.671  INFO 23184 --- [    Test worker] tourGuide.service.TourGuideService       : TestMode enabled
2022-04-25 16:11:18.671 DEBUG 23184 --- [    Test worker] tourGuide.service.TourGuideService       : Initializing users
2022-04-25 16:11:18.671 DEBUG 23184 --- [    Test worker] tourGuide.service.TourGuideService       : Created 0 internal test users.
2022-04-25 16:11:18.671 DEBUG 23184 --- [    Test worker] tourGuide.service.TourGuideService       : Finished initializing users
2022-04-25 16:11:18.671 DEBUG 23184 --- [ool-11-thread-1] tourGuide.tracker.Tracker                : Begin Tracker. Tracking 0 users.
2022-04-25 16:11:18.672 DEBUG 23184 --- [ool-11-thread-1] tourGuide.tracker.Tracker                : Tracker Time Elapsed: 0 seconds.
2022-04-25 16:11:18.672 DEBUG 23184 --- [ool-11-thread-1] tourGuide.tracker.Tracker                : Tracker sleeping
]]></system-out>
  <system-err><![CDATA[]]></system-err>
</testsuite>
