<?xml version="1.0" encoding="UTF-8"?>
<testsuite name="tourGuide.controllerTest.TourGuideControllerUT" tests="5" skipped="0" failures="0" errors="0" timestamp="2022-04-26T10:04:55" hostname="DESKTOP-HBE7KI5" time="0.093">
  <properties/>
  <testcase name="getNearByAttractionsTest" classname="tourGuide.controllerTest.TourGuideControllerUT" time="0.076"/>
  <testcase name="getAllCurrentLocationsTest" classname="tourGuide.controllerTest.TourGuideControllerUT" time="0.004"/>
  <testcase name="getTripDeals" classname="tourGuide.controllerTest.TourGuideControllerUT" time="0.003"/>
  <testcase name="getRewardsTest" classname="tourGuide.controllerTest.TourGuideControllerUT" time="0.003"/>
  <testcase name="getLocationTest" classname="tourGuide.controllerTest.TourGuideControllerUT" time="0.003"/>
  <system-out><![CDATA[2022-04-26 12:04:54.006  INFO 21892 --- [    Test worker] .b.t.c.SpringBootTestContextBootstrapper : Neither @ContextConfiguration nor @ContextHierarchy found for test class [tourGuide.controllerTest.TourGuideControllerUT], using SpringBootContextLoader
2022-04-26 12:04:54.007  INFO 21892 --- [    Test worker] o.s.t.c.support.AbstractContextLoader    : Could not detect default resource locations for test class [tourGuide.controllerTest.TourGuideControllerUT]: no resource found for suffixes {-context.xml, Context.groovy}.
2022-04-26 12:04:54.007  INFO 21892 --- [    Test worker] t.c.s.AnnotationConfigContextLoaderUtils : Could not detect default configuration classes for test class [tourGuide.controllerTest.TourGuideControllerUT]: TourGuideControllerUT does not declare any static, non-private, non-final, nested classes annotated with @Configuration.
2022-04-26 12:04:54.017  INFO 21892 --- [    Test worker] .b.t.c.SpringBootTestContextBootstrapper : Found @SpringBootConfiguration tourGuide.Application for test class tourGuide.controllerTest.TourGuideControllerUT
2022-04-26 12:04:54.018  INFO 21892 --- [    Test worker] .b.t.c.SpringBootTestContextBootstrapper : Loaded default TestExecutionListener class names from location [META-INF/spring.factories]: [org.springframework.boot.test.autoconfigure.restdocs.RestDocsTestExecutionListener, org.springframework.boot.test.autoconfigure.web.client.MockRestServiceServerResetTestExecutionListener, org.springframework.boot.test.autoconfigure.web.servlet.MockMvcPrintOnlyOnFailureTestExecutionListener, org.springframework.boot.test.autoconfigure.web.servlet.WebDriverTestExecutionListener, org.springframework.boot.test.mock.mockito.MockitoTestExecutionListener, org.springframework.boot.test.mock.mockito.ResetMocksTestExecutionListener, org.springframework.test.context.web.ServletTestExecutionListener, org.springframework.test.context.support.DirtiesContextBeforeModesTestExecutionListener, org.springframework.test.context.support.DependencyInjectionTestExecutionListener, org.springframework.test.context.support.DirtiesContextTestExecutionListener, org.springframework.test.context.transaction.TransactionalTestExecutionListener, org.springframework.test.context.jdbc.SqlScriptsTestExecutionListener]
2022-04-26 12:04:54.018  INFO 21892 --- [    Test worker] .b.t.c.SpringBootTestContextBootstrapper : Using TestExecutionListeners: [org.springframework.test.context.web.ServletTestExecutionListener@686266aa, org.springframework.test.context.support.DirtiesContextBeforeModesTestExecutionListener@72ecd5ce, org.springframework.boot.test.mock.mockito.MockitoTestExecutionListener@42150b17, org.springframework.boot.test.autoconfigure.SpringBootDependencyInjectionTestExecutionListener@2f31b227, org.springframework.test.context.support.DirtiesContextTestExecutionListener@541dd65d, org.springframework.boot.test.autoconfigure.restdocs.RestDocsTestExecutionListener@404b3bb5, org.springframework.boot.test.autoconfigure.web.client.MockRestServiceServerResetTestExecutionListener@2a6ccd18, org.springframework.boot.test.autoconfigure.web.servlet.MockMvcPrintOnlyOnFailureTestExecutionListener@86ee2f8, org.springframework.boot.test.autoconfigure.web.servlet.WebDriverTestExecutionListener@327b6296, org.springframework.boot.test.mock.mockito.ResetMocksTestExecutionListener@2bf461ff]

  .   ____          _            __ _ _
 /\\ / ___'_ __ _ _(_)_ __  __ _ \ \ \ \
( ( )\___ | '_ | '_| | '_ \/ _` | \ \ \ \
 \\/  ___)| |_)| | | | | || (_| |  ) ) ) )
  '  |____| .__|_| |_|_| |_\__, | / / / /
 =========|_|==============|___/=/_/_/_/
 :: Spring Boot ::        (v2.1.6.RELEASE)

2022-04-26 12:04:54.336  INFO 21892 --- [    Test worker] t.controllerTest.TourGuideControllerUT   : No active profile set, falling back to default profiles: default
2022-04-26 12:04:54.615  INFO 21892 --- [    Test worker] o.s.cloud.context.scope.GenericScope     : BeanFactory id=ce1971ca-7165-3f3c-949b-e2b89fff8afa
2022-04-26 12:04:54.990  INFO 21892 --- [    Test worker] o.s.b.a.e.web.EndpointLinksResolver      : Exposing 2 endpoint(s) beneath base path '/actuator'
2022-04-26 12:04:55.060  INFO 21892 --- [    Test worker] pertySourcedRequestMappingHandlerMapping : Mapped URL path [/v2/api-docs] onto method [public org.springframework.http.ResponseEntity<springfox.documentation.spring.web.json.Json> springfox.documentation.swagger2.web.Swagger2Controller.getDocumentation(java.lang.String,javax.servlet.http.HttpServletRequest)]
2022-04-26 12:04:55.119  WARN 21892 --- [    Test worker] o.s.c.n.a.ArchaiusAutoConfiguration      : Netflix ConfigurationManager has already been installed, unable to re-install
2022-04-26 12:04:55.195  INFO 21892 --- [    Test worker] o.s.s.concurrent.ThreadPoolTaskExecutor  : Initializing ExecutorService 'applicationTaskExecutor'
2022-04-26 12:04:55.354  INFO 21892 --- [    Test worker] o.s.b.t.m.w.SpringBootMockServletContext : Initializing Spring TestDispatcherServlet ''
2022-04-26 12:04:55.354  INFO 21892 --- [    Test worker] o.s.t.web.servlet.TestDispatcherServlet  : Initializing Servlet ''
2022-04-26 12:04:55.364  INFO 21892 --- [    Test worker] o.s.t.web.servlet.TestDispatcherServlet  : Completed initialization in 10 ms
2022-04-26 12:04:55.543  INFO 21892 --- [    Test worker] d.s.w.p.DocumentationPluginsBootstrapper : Context refreshed
2022-04-26 12:04:55.543  INFO 21892 --- [    Test worker] d.s.w.p.DocumentationPluginsBootstrapper : Found 1 custom documentation plugin(s)
2022-04-26 12:04:55.547  INFO 21892 --- [    Test worker] s.d.s.w.s.ApiListingReferenceScanner     : Scanning for api listing references
2022-04-26 12:04:55.568  INFO 21892 --- [    Test worker] .d.s.w.r.o.CachingOperationNameGenerator : Generating unique operation named: handleUsingGET_1
2022-04-26 12:04:55.569  INFO 21892 --- [    Test worker] .d.s.w.r.o.CachingOperationNameGenerator : Generating unique operation named: handleUsingGET_2
2022-04-26 12:04:55.570  INFO 21892 --- [    Test worker] .d.s.w.r.o.CachingOperationNameGenerator : Generating unique operation named: handleUsingGET_3
2022-04-26 12:04:55.593  INFO 21892 --- [    Test worker] t.controllerTest.TourGuideControllerUT   : Started TourGuideControllerUT in 1.574 seconds (JVM running for 30.056)
2022-04-26 12:04:55.634  INFO 21892 --- [    Test worker] o.j.m.DefaultMonetaryContextFactory      : Using custom MathContext: precision=256, roundingMode=HALF_EVEN
]]></system-out>
  <system-err><![CDATA[]]></system-err>
</testsuite>
