<?xml version="1.0" encoding="UTF-8"?>
<testsuite name="tourGuide.TestTourGuideService" tests="9" skipped="0" failures="0" errors="0" timestamp="2022-04-26T10:04:39" hostname="DESKTOP-HBE7KI5" time="14.939">
  <properties/>
  <testcase name="getUserLocation" classname="tourGuide.TestTourGuideService" time="0.065"/>
  <testcase name="addUser" classname="tourGuide.TestTourGuideService" time="10.273"/>
  <testcase name="getTripDeals" classname="tourGuide.TestTourGuideService" time="0.045"/>
  <testcase name="getAllUsers" classname="tourGuide.TestTourGuideService" time="0.002"/>
  <testcase name="getAttractions" classname="tourGuide.TestTourGuideService" time="0.026"/>
  <testcase name="trackUser" classname="tourGuide.TestTourGuideService" time="0.045"/>
  <testcase name="getNearbyAttractions" classname="tourGuide.TestTourGuideService" time="4.462"/>
  <testcase name="getAllCurrentLocation" classname="tourGuide.TestTourGuideService" time="0.002"/>
  <testcase name="getRewards" classname="tourGuide.TestTourGuideService" time="0.017"/>
  <system-out><![CDATA[2022-04-26 12:04:39.058  INFO 21892 --- [    Test worker] .b.t.c.SpringBootTestContextBootstrapper : Neither @ContextConfiguration nor @ContextHierarchy found for test class [tourGuide.TestTourGuideService], using SpringBootContextLoader
2022-04-26 12:04:39.058  INFO 21892 --- [    Test worker] o.s.t.c.support.AbstractContextLoader    : Could not detect default resource locations for test class [tourGuide.TestTourGuideService]: no resource found for suffixes {-context.xml, Context.groovy}.
2022-04-26 12:04:39.058  INFO 21892 --- [    Test worker] t.c.s.AnnotationConfigContextLoaderUtils : Could not detect default configuration classes for test class [tourGuide.TestTourGuideService]: TestTourGuideService does not declare any static, non-private, non-final, nested classes annotated with @Configuration.
2022-04-26 12:04:39.059  INFO 21892 --- [    Test worker] .b.t.c.SpringBootTestContextBootstrapper : Found @SpringBootConfiguration tourGuide.Application for test class tourGuide.TestTourGuideService
2022-04-26 12:04:39.061  INFO 21892 --- [    Test worker] .b.t.c.SpringBootTestContextBootstrapper : Loaded default TestExecutionListener class names from location [META-INF/spring.factories]: [org.springframework.boot.test.autoconfigure.restdocs.RestDocsTestExecutionListener, org.springframework.boot.test.autoconfigure.web.client.MockRestServiceServerResetTestExecutionListener, org.springframework.boot.test.autoconfigure.web.servlet.MockMvcPrintOnlyOnFailureTestExecutionListener, org.springframework.boot.test.autoconfigure.web.servlet.WebDriverTestExecutionListener, org.springframework.boot.test.mock.mockito.MockitoTestExecutionListener, org.springframework.boot.test.mock.mockito.ResetMocksTestExecutionListener, org.springframework.test.context.web.ServletTestExecutionListener, org.springframework.test.context.support.DirtiesContextBeforeModesTestExecutionListener, org.springframework.test.context.support.DependencyInjectionTestExecutionListener, org.springframework.test.context.support.DirtiesContextTestExecutionListener, org.springframework.test.context.transaction.TransactionalTestExecutionListener, org.springframework.test.context.jdbc.SqlScriptsTestExecutionListener]
2022-04-26 12:04:39.061  INFO 21892 --- [    Test worker] .b.t.c.SpringBootTestContextBootstrapper : Using TestExecutionListeners: [org.springframework.test.context.web.ServletTestExecutionListener@9efe18b, org.springframework.test.context.support.DirtiesContextBeforeModesTestExecutionListener@40486321, org.springframework.boot.test.mock.mockito.MockitoTestExecutionListener@526b052a, org.springframework.boot.test.autoconfigure.SpringBootDependencyInjectionTestExecutionListener@6f6e3748, org.springframework.test.context.support.DirtiesContextTestExecutionListener@19fb7097, org.springframework.boot.test.autoconfigure.restdocs.RestDocsTestExecutionListener@1aa959e2, org.springframework.boot.test.autoconfigure.web.client.MockRestServiceServerResetTestExecutionListener@10615dc8, org.springframework.boot.test.autoconfigure.web.servlet.MockMvcPrintOnlyOnFailureTestExecutionListener@e2bfcfb, org.springframework.boot.test.autoconfigure.web.servlet.WebDriverTestExecutionListener@4c165a61, org.springframework.boot.test.mock.mockito.ResetMocksTestExecutionListener@1ca06c48]
2022-04-26 12:04:39.063  INFO 21892 --- [    Test worker] tourGuide.service.TourGuideService       : TestMode enabled
2022-04-26 12:04:39.063 DEBUG 21892 --- [    Test worker] tourGuide.service.TourGuideService       : Initializing users
2022-04-26 12:04:39.063 DEBUG 21892 --- [    Test worker] tourGuide.service.TourGuideService       : Created 0 internal test users.
2022-04-26 12:04:39.063 DEBUG 21892 --- [    Test worker] tourGuide.service.TourGuideService       : Finished initializing users
2022-04-26 12:04:39.064 DEBUG 21892 --- [ool-12-thread-1] tourGuide.tracker.Tracker                : Begin Tracker. Tracking 0 users.
2022-04-26 12:04:39.064 DEBUG 21892 --- [ool-12-thread-1] tourGuide.tracker.Tracker                : Tracker Time Elapsed: 0 seconds.
2022-04-26 12:04:39.064 DEBUG 21892 --- [ool-12-thread-1] tourGuide.tracker.Tracker                : Tracker sleeping
2022-04-26 12:04:39.128  INFO 21892 --- [    Test worker] tourGuide.service.TourGuideService       : TestMode enabled
2022-04-26 12:04:39.129 DEBUG 21892 --- [    Test worker] tourGuide.service.TourGuideService       : Initializing users
2022-04-26 12:04:39.129 DEBUG 21892 --- [    Test worker] tourGuide.service.TourGuideService       : Created 0 internal test users.
2022-04-26 12:04:39.129 DEBUG 21892 --- [    Test worker] tourGuide.service.TourGuideService       : Finished initializing users
2022-04-26 12:04:39.129 DEBUG 21892 --- [ool-13-thread-1] tourGuide.tracker.Tracker                : Begin Tracker. Tracking 2 users.
2022-04-26 12:04:39.263 DEBUG 21892 --- [ool-13-thread-1] tourGuide.tracker.Tracker                : Tracker Time Elapsed: 0 seconds.
2022-04-26 12:04:39.264 DEBUG 21892 --- [ool-13-thread-1] tourGuide.tracker.Tracker                : Tracker sleeping
2022-04-26 12:04:49.401  INFO 21892 --- [    Test worker] tourGuide.service.TourGuideService       : TestMode enabled
2022-04-26 12:04:49.401 DEBUG 21892 --- [    Test worker] tourGuide.service.TourGuideService       : Initializing users
2022-04-26 12:04:49.401 DEBUG 21892 --- [    Test worker] tourGuide.service.TourGuideService       : Created 0 internal test users.
2022-04-26 12:04:49.401 DEBUG 21892 --- [    Test worker] tourGuide.service.TourGuideService       : Finished initializing users
2022-04-26 12:04:49.402 DEBUG 21892 --- [ool-14-thread-1] tourGuide.tracker.Tracker                : Begin Tracker. Tracking 0 users.
2022-04-26 12:04:49.402 DEBUG 21892 --- [ool-14-thread-1] tourGuide.tracker.Tracker                : Tracker Time Elapsed: 0 seconds.
2022-04-26 12:04:49.402 DEBUG 21892 --- [ool-14-thread-1] tourGuide.tracker.Tracker                : Tracker sleeping
2022-04-26 12:04:49.447  INFO 21892 --- [    Test worker] tourGuide.service.TourGuideService       : TestMode enabled
2022-04-26 12:04:49.447 DEBUG 21892 --- [    Test worker] tourGuide.service.TourGuideService       : Initializing users
2022-04-26 12:04:49.447 DEBUG 21892 --- [    Test worker] tourGuide.service.TourGuideService       : Created 0 internal test users.
2022-04-26 12:04:49.447 DEBUG 21892 --- [    Test worker] tourGuide.service.TourGuideService       : Finished initializing users
2022-04-26 12:04:49.447 DEBUG 21892 --- [ool-15-thread-1] tourGuide.tracker.Tracker                : Tracker stopping
2022-04-26 12:04:49.449  INFO 21892 --- [    Test worker] tourGuide.service.TourGuideService       : TestMode enabled
2022-04-26 12:04:49.449 DEBUG 21892 --- [    Test worker] tourGuide.service.TourGuideService       : Initializing users
2022-04-26 12:04:49.449 DEBUG 21892 --- [    Test worker] tourGuide.service.TourGuideService       : Created 0 internal test users.
2022-04-26 12:04:49.449 DEBUG 21892 --- [    Test worker] tourGuide.service.TourGuideService       : Finished initializing users
2022-04-26 12:04:49.449 DEBUG 21892 --- [ool-16-thread-1] tourGuide.tracker.Tracker                : Begin Tracker. Tracking 0 users.
2022-04-26 12:04:49.449 DEBUG 21892 --- [ool-16-thread-1] tourGuide.tracker.Tracker                : Tracker Time Elapsed: 0 seconds.
2022-04-26 12:04:49.449 DEBUG 21892 --- [ool-16-thread-1] tourGuide.tracker.Tracker                : Tracker sleeping
2022-04-26 12:04:49.475  INFO 21892 --- [    Test worker] tourGuide.service.TourGuideService       : TestMode enabled
2022-04-26 12:04:49.475 DEBUG 21892 --- [    Test worker] tourGuide.service.TourGuideService       : Initializing users
2022-04-26 12:04:49.475 DEBUG 21892 --- [    Test worker] tourGuide.service.TourGuideService       : Created 0 internal test users.
2022-04-26 12:04:49.475 DEBUG 21892 --- [    Test worker] tourGuide.service.TourGuideService       : Finished initializing users
2022-04-26 12:04:49.476 DEBUG 21892 --- [ool-17-thread-1] tourGuide.tracker.Tracker                : Begin Tracker. Tracking 0 users.
2022-04-26 12:04:49.476 DEBUG 21892 --- [ool-17-thread-1] tourGuide.tracker.Tracker                : Tracker Time Elapsed: 0 seconds.
2022-04-26 12:04:49.476 DEBUG 21892 --- [ool-17-thread-1] tourGuide.tracker.Tracker                : Tracker sleeping
2022-04-26 12:04:49.521  INFO 21892 --- [    Test worker] tourGuide.service.TourGuideService       : TestMode enabled
2022-04-26 12:04:49.521 DEBUG 21892 --- [    Test worker] tourGuide.service.TourGuideService       : Initializing users
2022-04-26 12:04:49.521 DEBUG 21892 --- [    Test worker] tourGuide.service.TourGuideService       : Created 0 internal test users.
2022-04-26 12:04:49.521 DEBUG 21892 --- [    Test worker] tourGuide.service.TourGuideService       : Finished initializing users
2022-04-26 12:04:49.522 DEBUG 21892 --- [ool-18-thread-1] tourGuide.tracker.Tracker                : Begin Tracker. Tracking 0 users.
2022-04-26 12:04:49.522 DEBUG 21892 --- [ool-18-thread-1] tourGuide.tracker.Tracker                : Tracker Time Elapsed: 0 seconds.
2022-04-26 12:04:49.522 DEBUG 21892 --- [ool-18-thread-1] tourGuide.tracker.Tracker                : Tracker sleeping
2022-04-26 12:04:53.983  INFO 21892 --- [    Test worker] tourGuide.service.TourGuideService       : TestMode enabled
2022-04-26 12:04:53.983 DEBUG 21892 --- [    Test worker] tourGuide.service.TourGuideService       : Initializing users
2022-04-26 12:04:53.983 DEBUG 21892 --- [    Test worker] tourGuide.service.TourGuideService       : Created 0 internal test users.
2022-04-26 12:04:53.983 DEBUG 21892 --- [    Test worker] tourGuide.service.TourGuideService       : Finished initializing users
2022-04-26 12:04:53.984 DEBUG 21892 --- [ool-19-thread-1] tourGuide.tracker.Tracker                : Begin Tracker. Tracking 0 users.
2022-04-26 12:04:53.984 DEBUG 21892 --- [ool-19-thread-1] tourGuide.tracker.Tracker                : Tracker Time Elapsed: 0 seconds.
2022-04-26 12:04:53.984 DEBUG 21892 --- [ool-19-thread-1] tourGuide.tracker.Tracker                : Tracker sleeping
2022-04-26 12:04:53.985  INFO 21892 --- [    Test worker] tourGuide.service.TourGuideService       : TestMode enabled
2022-04-26 12:04:53.985 DEBUG 21892 --- [    Test worker] tourGuide.service.TourGuideService       : Initializing users
2022-04-26 12:04:53.985 DEBUG 21892 --- [    Test worker] tourGuide.service.TourGuideService       : Created 0 internal test users.
2022-04-26 12:04:53.985 DEBUG 21892 --- [    Test worker] tourGuide.service.TourGuideService       : Finished initializing users
2022-04-26 12:04:53.986 DEBUG 21892 --- [ool-20-thread-1] tourGuide.tracker.Tracker                : Begin Tracker. Tracking 0 users.
2022-04-26 12:04:53.986 DEBUG 21892 --- [ool-20-thread-1] tourGuide.tracker.Tracker                : Tracker Time Elapsed: 0 seconds.
2022-04-26 12:04:53.986 DEBUG 21892 --- [ool-20-thread-1] tourGuide.tracker.Tracker                : Tracker sleeping
]]></system-out>
  <system-err><![CDATA[]]></system-err>
</testsuite>
