<?xml version="1.0" encoding="UTF-8"?>
<testsuite name="tourGuide.TestRewardsService" tests="2" skipped="0" failures="0" errors="0" timestamp="2022-04-26T10:04:32" hostname="DESKTOP-HBE7KI5" time="6.563">
  <properties/>
  <testcase name="nearAllAttractions" classname="tourGuide.TestRewardsService" time="6.5"/>
  <testcase name="userGetRewards" classname="tourGuide.TestRewardsService" time="0.063"/>
  <system-out><![CDATA[2022-04-26 12:04:32.483  INFO 21892 --- [    Test worker] .b.t.c.SpringBootTestContextBootstrapper : Neither @ContextConfiguration nor @ContextHierarchy found for test class [tourGuide.TestRewardsService], using SpringBootContextLoader
2022-04-26 12:04:32.484  INFO 21892 --- [    Test worker] o.s.t.c.support.AbstractContextLoader    : Could not detect default resource locations for test class [tourGuide.TestRewardsService]: no resource found for suffixes {-context.xml, Context.groovy}.
2022-04-26 12:04:32.484  INFO 21892 --- [    Test worker] t.c.s.AnnotationConfigContextLoaderUtils : Could not detect default configuration classes for test class [tourGuide.TestRewardsService]: TestRewardsService does not declare any static, non-private, non-final, nested classes annotated with @Configuration.
2022-04-26 12:04:32.488  INFO 21892 --- [    Test worker] .b.t.c.SpringBootTestContextBootstrapper : Found @SpringBootConfiguration tourGuide.Application for test class tourGuide.TestRewardsService
2022-04-26 12:04:32.488  INFO 21892 --- [    Test worker] .b.t.c.SpringBootTestContextBootstrapper : Loaded default TestExecutionListener class names from location [META-INF/spring.factories]: [org.springframework.boot.test.autoconfigure.restdocs.RestDocsTestExecutionListener, org.springframework.boot.test.autoconfigure.web.client.MockRestServiceServerResetTestExecutionListener, org.springframework.boot.test.autoconfigure.web.servlet.MockMvcPrintOnlyOnFailureTestExecutionListener, org.springframework.boot.test.autoconfigure.web.servlet.WebDriverTestExecutionListener, org.springframework.boot.test.mock.mockito.MockitoTestExecutionListener, org.springframework.boot.test.mock.mockito.ResetMocksTestExecutionListener, org.springframework.test.context.web.ServletTestExecutionListener, org.springframework.test.context.support.DirtiesContextBeforeModesTestExecutionListener, org.springframework.test.context.support.DependencyInjectionTestExecutionListener, org.springframework.test.context.support.DirtiesContextTestExecutionListener, org.springframework.test.context.transaction.TransactionalTestExecutionListener, org.springframework.test.context.jdbc.SqlScriptsTestExecutionListener]
2022-04-26 12:04:32.489  INFO 21892 --- [    Test worker] .b.t.c.SpringBootTestContextBootstrapper : Using TestExecutionListeners: [org.springframework.test.context.web.ServletTestExecutionListener@733ca3e8, org.springframework.test.context.support.DirtiesContextBeforeModesTestExecutionListener@1a8da29a, org.springframework.boot.test.mock.mockito.MockitoTestExecutionListener@31240ef6, org.springframework.boot.test.autoconfigure.SpringBootDependencyInjectionTestExecutionListener@2864d48d, org.springframework.test.context.support.DirtiesContextTestExecutionListener@3ed1118a, org.springframework.boot.test.autoconfigure.restdocs.RestDocsTestExecutionListener@493fedb8, org.springframework.boot.test.autoconfigure.web.client.MockRestServiceServerResetTestExecutionListener@587d19d7, org.springframework.boot.test.autoconfigure.web.servlet.MockMvcPrintOnlyOnFailureTestExecutionListener@56b37ee9, org.springframework.boot.test.autoconfigure.web.servlet.WebDriverTestExecutionListener@60d878f4, org.springframework.boot.test.mock.mockito.ResetMocksTestExecutionListener@56bc1b7a]
2022-04-26 12:04:32.493  INFO 21892 --- [    Test worker] tourGuide.service.TourGuideService       : TestMode enabled
2022-04-26 12:04:32.493 DEBUG 21892 --- [    Test worker] tourGuide.service.TourGuideService       : Initializing users
2022-04-26 12:04:32.493 DEBUG 21892 --- [    Test worker] tourGuide.service.TourGuideService       : Created 100 internal test users.
2022-04-26 12:04:32.493 DEBUG 21892 --- [    Test worker] tourGuide.service.TourGuideService       : Finished initializing users
2022-04-26 12:04:32.494 DEBUG 21892 --- [ool-10-thread-1] tourGuide.tracker.Tracker                : Begin Tracker. Tracking 100 users.
2022-04-26 12:04:37.325 DEBUG 21892 --- [pool-1-thread-1] tourGuide.tracker.Tracker                : Tracker Time Elapsed: 6 seconds.
2022-04-26 12:04:37.325 DEBUG 21892 --- [pool-1-thread-1] tourGuide.tracker.Tracker                : Tracker sleeping
2022-04-26 12:04:38.768 DEBUG 21892 --- [ool-10-thread-1] tourGuide.tracker.Tracker                : Tracker Time Elapsed: 6 seconds.
2022-04-26 12:04:38.768 DEBUG 21892 --- [ool-10-thread-1] tourGuide.tracker.Tracker                : Tracker sleeping
2022-04-26 12:04:38.993  INFO 21892 --- [    Test worker] tourGuide.service.TourGuideService       : TestMode enabled
2022-04-26 12:04:38.994 DEBUG 21892 --- [    Test worker] tourGuide.service.TourGuideService       : Initializing users
2022-04-26 12:04:38.994 DEBUG 21892 --- [    Test worker] tourGuide.service.TourGuideService       : Created 0 internal test users.
2022-04-26 12:04:38.994 DEBUG 21892 --- [    Test worker] tourGuide.service.TourGuideService       : Finished initializing users
2022-04-26 12:04:38.994 DEBUG 21892 --- [ool-11-thread-1] tourGuide.tracker.Tracker                : Begin Tracker. Tracking 0 users.
2022-04-26 12:04:38.994 DEBUG 21892 --- [ool-11-thread-1] tourGuide.tracker.Tracker                : Tracker Time Elapsed: 0 seconds.
2022-04-26 12:04:38.994 DEBUG 21892 --- [ool-11-thread-1] tourGuide.tracker.Tracker                : Tracker sleeping
]]></system-out>
  <system-err><![CDATA[]]></system-err>
</testsuite>
