<?xml version="1.0" encoding="UTF-8"?>
<testsuite name="tourGuide.TestTourGuideService" tests="9" skipped="0" failures="0" errors="0" timestamp="2022-04-20T13:03:44" hostname="DESKTOP-HBE7KI5" time="5.102">
  <properties/>
  <testcase name="getUserLocation" classname="tourGuide.TestTourGuideService" time="0.239"/>
  <testcase name="addUser" classname="tourGuide.TestTourGuideService" time="4.603"/>
  <testcase name="getTripDeals" classname="tourGuide.TestTourGuideService" time="0.036"/>
  <testcase name="getAllUsers" classname="tourGuide.TestTourGuideService" time="0.002"/>
  <testcase name="getAttractions" classname="tourGuide.TestTourGuideService" time="0.02"/>
  <testcase name="trackUser" classname="tourGuide.TestTourGuideService" time="0.1"/>
  <testcase name="getNearbyAttractions" classname="tourGuide.TestTourGuideService" time="0.089"/>
  <testcase name="getAllCurrentLocation" classname="tourGuide.TestTourGuideService" time="0.002"/>
  <testcase name="getRewards" classname="tourGuide.TestTourGuideService" time="0.009"/>
  <system-out><![CDATA[15:03:39.777 [Test worker] DEBUG org.springframework.test.context.junit4.SpringJUnit4ClassRunner - SpringJUnit4ClassRunner constructor called with [class tourGuide.TestTourGuideService]
15:03:39.788 [Test worker] DEBUG org.springframework.test.context.BootstrapUtils - Instantiating CacheAwareContextLoaderDelegate from class [org.springframework.test.context.cache.DefaultCacheAwareContextLoaderDelegate]
15:03:39.800 [Test worker] DEBUG org.springframework.test.context.BootstrapUtils - Instantiating BootstrapContext using constructor [public org.springframework.test.context.support.DefaultBootstrapContext(java.lang.Class,org.springframework.test.context.CacheAwareContextLoaderDelegate)]
15:03:39.824 [Test worker] DEBUG org.springframework.test.context.BootstrapUtils - Instantiating TestContextBootstrapper for test class [tourGuide.TestTourGuideService] from class [org.springframework.boot.test.context.SpringBootTestContextBootstrapper]
15:03:39.839 [Test worker] INFO org.springframework.boot.test.context.SpringBootTestContextBootstrapper - Neither @ContextConfiguration nor @ContextHierarchy found for test class [tourGuide.TestTourGuideService], using SpringBootContextLoader
15:03:39.843 [Test worker] DEBUG org.springframework.test.context.support.AbstractContextLoader - Did not detect default resource location for test class [tourGuide.TestTourGuideService]: class path resource [tourGuide/TestTourGuideService-context.xml] does not exist
15:03:39.843 [Test worker] DEBUG org.springframework.test.context.support.AbstractContextLoader - Did not detect default resource location for test class [tourGuide.TestTourGuideService]: class path resource [tourGuide/TestTourGuideServiceContext.groovy] does not exist
15:03:39.844 [Test worker] INFO org.springframework.test.context.support.AbstractContextLoader - Could not detect default resource locations for test class [tourGuide.TestTourGuideService]: no resource found for suffixes {-context.xml, Context.groovy}.
15:03:39.845 [Test worker] INFO org.springframework.test.context.support.AnnotationConfigContextLoaderUtils - Could not detect default configuration classes for test class [tourGuide.TestTourGuideService]: TestTourGuideService does not declare any static, non-private, non-final, nested classes annotated with @Configuration.
15:03:39.897 [Test worker] DEBUG org.springframework.test.context.support.ActiveProfilesUtils - Could not find an 'annotation declaring class' for annotation type [org.springframework.test.context.ActiveProfiles] and class [tourGuide.TestTourGuideService]
15:03:39.980 [Test worker] DEBUG org.springframework.context.annotation.ClassPathScanningCandidateComponentProvider - Identified candidate component class: file [C:\Users\guile\OneDrive\Bureau\Formation\P8\JavaPathENProject8\TourGuide\build\classes\java\main\tourGuide\Application.class]
15:03:39.982 [Test worker] INFO org.springframework.boot.test.context.SpringBootTestContextBootstrapper - Found @SpringBootConfiguration tourGuide.Application for test class tourGuide.TestTourGuideService
15:03:40.089 [Test worker] DEBUG org.springframework.boot.test.context.SpringBootTestContextBootstrapper - @TestExecutionListeners is not present for class [tourGuide.TestTourGuideService]: using defaults.
15:03:40.090 [Test worker] INFO org.springframework.boot.test.context.SpringBootTestContextBootstrapper - Loaded default TestExecutionListener class names from location [META-INF/spring.factories]: [org.springframework.boot.test.autoconfigure.restdocs.RestDocsTestExecutionListener, org.springframework.boot.test.autoconfigure.web.client.MockRestServiceServerResetTestExecutionListener, org.springframework.boot.test.autoconfigure.web.servlet.MockMvcPrintOnlyOnFailureTestExecutionListener, org.springframework.boot.test.autoconfigure.web.servlet.WebDriverTestExecutionListener, org.springframework.boot.test.mock.mockito.MockitoTestExecutionListener, org.springframework.boot.test.mock.mockito.ResetMocksTestExecutionListener, org.springframework.test.context.web.ServletTestExecutionListener, org.springframework.test.context.support.DirtiesContextBeforeModesTestExecutionListener, org.springframework.test.context.support.DependencyInjectionTestExecutionListener, org.springframework.test.context.support.DirtiesContextTestExecutionListener, org.springframework.test.context.transaction.TransactionalTestExecutionListener, org.springframework.test.context.jdbc.SqlScriptsTestExecutionListener]
15:03:40.103 [Test worker] DEBUG org.springframework.boot.test.context.SpringBootTestContextBootstrapper - Skipping candidate TestExecutionListener [org.springframework.test.context.transaction.TransactionalTestExecutionListener] due to a missing dependency. Specify custom listener classes or make the default listener classes and their required dependencies available. Offending class: [org/springframework/transaction/interceptor/TransactionAttributeSource]
15:03:40.104 [Test worker] DEBUG org.springframework.boot.test.context.SpringBootTestContextBootstrapper - Skipping candidate TestExecutionListener [org.springframework.test.context.jdbc.SqlScriptsTestExecutionListener] due to a missing dependency. Specify custom listener classes or make the default listener classes and their required dependencies available. Offending class: [org/springframework/transaction/interceptor/TransactionAttribute]
15:03:40.104 [Test worker] INFO org.springframework.boot.test.context.SpringBootTestContextBootstrapper - Using TestExecutionListeners: [org.springframework.test.context.web.ServletTestExecutionListener@7adae08e, org.springframework.test.context.support.DirtiesContextBeforeModesTestExecutionListener@49c83262, org.springframework.boot.test.mock.mockito.MockitoTestExecutionListener@273aaab7, org.springframework.boot.test.autoconfigure.SpringBootDependencyInjectionTestExecutionListener@77bb916f, org.springframework.test.context.support.DirtiesContextTestExecutionListener@5a48d186, org.springframework.boot.test.autoconfigure.restdocs.RestDocsTestExecutionListener@521ba38f, org.springframework.boot.test.autoconfigure.web.client.MockRestServiceServerResetTestExecutionListener@2086d469, org.springframework.boot.test.autoconfigure.web.servlet.MockMvcPrintOnlyOnFailureTestExecutionListener@b1d19ff, org.springframework.boot.test.autoconfigure.web.servlet.WebDriverTestExecutionListener@17c53dfb, org.springframework.boot.test.mock.mockito.ResetMocksTestExecutionListener@184de357]
15:03:40.108 [Test worker] DEBUG org.springframework.test.annotation.ProfileValueUtils - Retrieved @ProfileValueSourceConfiguration [null] for test class [tourGuide.TestTourGuideService]
15:03:40.108 [Test worker] DEBUG org.springframework.test.annotation.ProfileValueUtils - Retrieved ProfileValueSource type [class org.springframework.test.annotation.SystemProfileValueSource] for class [tourGuide.TestTourGuideService]
15:03:40.110 [Test worker] DEBUG org.springframework.test.annotation.ProfileValueUtils - Retrieved @ProfileValueSourceConfiguration [null] for test class [tourGuide.TestTourGuideService]
15:03:40.110 [Test worker] DEBUG org.springframework.test.annotation.ProfileValueUtils - Retrieved ProfileValueSource type [class org.springframework.test.annotation.SystemProfileValueSource] for class [tourGuide.TestTourGuideService]
15:03:40.111 [Test worker] DEBUG org.springframework.test.annotation.ProfileValueUtils - Retrieved @ProfileValueSourceConfiguration [null] for test class [tourGuide.TestTourGuideService]
15:03:40.111 [Test worker] DEBUG org.springframework.test.annotation.ProfileValueUtils - Retrieved ProfileValueSource type [class org.springframework.test.annotation.SystemProfileValueSource] for class [tourGuide.TestTourGuideService]
15:03:40.115 [Test worker] DEBUG org.springframework.test.context.support.AbstractDirtiesContextTestExecutionListener - Before test class: context [DefaultTestContext@39851c5 testClass = TestTourGuideService, testInstance = [null], testMethod = [null], testException = [null], mergedContextConfiguration = [WebMergedContextConfiguration@2c7ad4f3 testClass = TestTourGuideService, locations = '{}', classes = '{class tourGuide.Application}', contextInitializerClasses = '[]', activeProfiles = '{}', propertySourceLocations = '{}', propertySourceProperties = '{org.springframework.boot.test.context.SpringBootTestContextBootstrapper=true}', contextCustomizers = set[org.springframework.boot.test.autoconfigure.properties.PropertyMappingContextCustomizer@0, org.springframework.boot.test.autoconfigure.web.servlet.WebDriverContextCustomizerFactory$Customizer@4fa822ad, org.springframework.boot.test.context.filter.ExcludeFilterContextCustomizer@2149594a, org.springframework.boot.test.json.DuplicateJsonObjectContextCustomizerFactory$DuplicateJsonObjectContextCustomizer@6af5bbd0, org.springframework.boot.test.mock.mockito.MockitoContextCustomizer@0, org.springframework.boot.test.web.client.TestRestTemplateContextCustomizer@7593ea79], resourceBasePath = 'src/main/webapp', contextLoader = 'org.springframework.boot.test.context.SpringBootContextLoader', parent = [null]], attributes = map['org.springframework.test.context.web.ServletTestExecutionListener.activateListener' -> true]], class annotated with @DirtiesContext [false] with mode [null].
15:03:40.116 [Test worker] DEBUG org.springframework.test.annotation.ProfileValueUtils - Retrieved @ProfileValueSourceConfiguration [null] for test class [tourGuide.TestTourGuideService]
15:03:40.116 [Test worker] DEBUG org.springframework.test.annotation.ProfileValueUtils - Retrieved ProfileValueSource type [class org.springframework.test.annotation.SystemProfileValueSource] for class [tourGuide.TestTourGuideService]
15:03:40.143 [Test worker] DEBUG org.springframework.test.context.support.TestPropertySourceUtils - Adding inlined properties to environment: {spring.jmx.enabled=false, org.springframework.boot.test.context.SpringBootTestContextBootstrapper=true, server.port=-1}

  .   ____          _            __ _ _
 /\\ / ___'_ __ _ _(_)_ __  __ _ \ \ \ \
( ( )\___ | '_ | '_| | '_ \/ _` | \ \ \ \
 \\/  ___)| |_)| | | | | || (_| |  ) ) ) )
  '  |____| .__|_| |_|_| |_\__, | / / / /
 =========|_|==============|___/=/_/_/_/
 :: Spring Boot ::        (v2.1.6.RELEASE)

2022-04-20 15:03:41.064  INFO 6040 --- [    Test worker] tourGuide.TestTourGuideService           : No active profile set, falling back to default profiles: default
2022-04-20 15:03:41.880  INFO 6040 --- [    Test worker] o.s.cloud.context.scope.GenericScope     : BeanFactory id=799bd1f0-11ea-3e55-828e-c2fc222d9970
2022-04-20 15:03:41.934  INFO 6040 --- [    Test worker] trationDelegate$BeanPostProcessorChecker : Bean 'tourGuide.proxy.GpsUtilProxy' of type [org.springframework.cloud.openfeign.FeignClientFactoryBean] is not eligible for getting processed by all BeanPostProcessors (for example: not eligible for auto-proxying)
2022-04-20 15:03:41.935  INFO 6040 --- [    Test worker] trationDelegate$BeanPostProcessorChecker : Bean 'tourGuide.proxy.RewardsCentralProxy' of type [org.springframework.cloud.openfeign.FeignClientFactoryBean] is not eligible for getting processed by all BeanPostProcessors (for example: not eligible for auto-proxying)
2022-04-20 15:03:41.935  INFO 6040 --- [    Test worker] trationDelegate$BeanPostProcessorChecker : Bean 'tourGuide.proxy.TripPricerProxy' of type [org.springframework.cloud.openfeign.FeignClientFactoryBean] is not eligible for getting processed by all BeanPostProcessors (for example: not eligible for auto-proxying)
2022-04-20 15:03:42.320  INFO 6040 --- [    Test worker] tourGuide.service.TourGuideService       : TestMode enabled
2022-04-20 15:03:42.320 DEBUG 6040 --- [    Test worker] tourGuide.service.TourGuideService       : Initializing users
2022-04-20 15:03:42.323 DEBUG 6040 --- [    Test worker] tourGuide.service.TourGuideService       : Created 100 internal test users.
2022-04-20 15:03:42.323 DEBUG 6040 --- [    Test worker] tourGuide.service.TourGuideService       : Finished initializing users
2022-04-20 15:03:42.327 DEBUG 6040 --- [pool-1-thread-1] tourGuide.tracker.Tracker                : Begin Tracker. Tracking 100 users.
2022-04-20 15:03:42.900  INFO 6040 --- [    Test worker] o.s.b.a.e.web.EndpointLinksResolver      : Exposing 2 endpoint(s) beneath base path '/actuator'
2022-04-20 15:03:43.128  INFO 6040 --- [    Test worker] pertySourcedRequestMappingHandlerMapping : Mapped URL path [/v2/api-docs] onto method [public org.springframework.http.ResponseEntity<springfox.documentation.spring.web.json.Json> springfox.documentation.swagger2.web.Swagger2Controller.getDocumentation(java.lang.String,javax.servlet.http.HttpServletRequest)]
2022-04-20 15:03:43.295  WARN 6040 --- [    Test worker] c.n.c.sources.URLConfigurationSource     : No URLs will be polled as dynamic configuration sources.
2022-04-20 15:03:43.295  INFO 6040 --- [    Test worker] c.n.c.sources.URLConfigurationSource     : To enable URLs as dynamic configuration sources, define System property archaius.configurationSource.additionalUrls or make config.properties available on classpath.
2022-04-20 15:03:43.301  WARN 6040 --- [    Test worker] c.n.c.sources.URLConfigurationSource     : No URLs will be polled as dynamic configuration sources.
2022-04-20 15:03:43.301  INFO 6040 --- [    Test worker] c.n.c.sources.URLConfigurationSource     : To enable URLs as dynamic configuration sources, define System property archaius.configurationSource.additionalUrls or make config.properties available on classpath.
2022-04-20 15:03:43.417  INFO 6040 --- [    Test worker] o.s.s.concurrent.ThreadPoolTaskExecutor  : Initializing ExecutorService 'applicationTaskExecutor'
2022-04-20 15:03:43.931  INFO 6040 --- [    Test worker] d.s.w.p.DocumentationPluginsBootstrapper : Context refreshed
2022-04-20 15:03:43.954  INFO 6040 --- [    Test worker] d.s.w.p.DocumentationPluginsBootstrapper : Found 1 custom documentation plugin(s)
2022-04-20 15:03:43.986  INFO 6040 --- [    Test worker] s.d.s.w.s.ApiListingReferenceScanner     : Scanning for api listing references
2022-04-20 15:03:44.096  INFO 6040 --- [    Test worker] .d.s.w.r.o.CachingOperationNameGenerator : Generating unique operation named: handleUsingGET_1
2022-04-20 15:03:44.098  INFO 6040 --- [    Test worker] .d.s.w.r.o.CachingOperationNameGenerator : Generating unique operation named: handleUsingGET_2
2022-04-20 15:03:44.099  INFO 6040 --- [    Test worker] .d.s.w.r.o.CachingOperationNameGenerator : Generating unique operation named: handleUsingGET_3
2022-04-20 15:03:44.144  INFO 6040 --- [    Test worker] tourGuide.TestTourGuideService           : Started TestTourGuideService in 3.989 seconds (JVM running for 5.078)
2022-04-20 15:03:44.314  INFO 6040 --- [    Test worker] tourGuide.service.TourGuideService       : TestMode enabled
2022-04-20 15:03:44.315 DEBUG 6040 --- [    Test worker] tourGuide.service.TourGuideService       : Initializing users
2022-04-20 15:03:44.315 DEBUG 6040 --- [    Test worker] tourGuide.service.TourGuideService       : Created 0 internal test users.
2022-04-20 15:03:44.315 DEBUG 6040 --- [    Test worker] tourGuide.service.TourGuideService       : Finished initializing users
2022-04-20 15:03:44.315 DEBUG 6040 --- [pool-2-thread-1] tourGuide.tracker.Tracker                : Begin Tracker. Tracking 0 users.
2022-04-20 15:03:44.315 DEBUG 6040 --- [pool-2-thread-1] tourGuide.tracker.Tracker                : Tracker Time Elapsed: 0 seconds.
2022-04-20 15:03:44.316 DEBUG 6040 --- [pool-2-thread-1] tourGuide.tracker.Tracker                : Tracker sleeping
2022-04-20 15:03:44.406  INFO 6040 --- [    Test worker] tourGuide.service.TourGuideService       : TestMode enabled
2022-04-20 15:03:44.406 DEBUG 6040 --- [    Test worker] tourGuide.service.TourGuideService       : Initializing users
2022-04-20 15:03:44.406 DEBUG 6040 --- [    Test worker] tourGuide.service.TourGuideService       : Created 0 internal test users.
2022-04-20 15:03:44.406 DEBUG 6040 --- [    Test worker] tourGuide.service.TourGuideService       : Finished initializing users
2022-04-20 15:03:44.406 DEBUG 6040 --- [pool-3-thread-1] tourGuide.tracker.Tracker                : Begin Tracker. Tracking 2 users.
2022-04-20 15:03:44.492 DEBUG 6040 --- [pool-3-thread-1] tourGuide.tracker.Tracker                : Tracker Time Elapsed: 0 seconds.
2022-04-20 15:03:44.493 DEBUG 6040 --- [pool-3-thread-1] tourGuide.tracker.Tracker                : Tracker sleeping
2022-04-20 15:03:49.008  INFO 6040 --- [    Test worker] tourGuide.service.TourGuideService       : TestMode enabled
2022-04-20 15:03:49.008 DEBUG 6040 --- [    Test worker] tourGuide.service.TourGuideService       : Initializing users
2022-04-20 15:03:49.008 DEBUG 6040 --- [    Test worker] tourGuide.service.TourGuideService       : Created 0 internal test users.
2022-04-20 15:03:49.008 DEBUG 6040 --- [    Test worker] tourGuide.service.TourGuideService       : Finished initializing users
2022-04-20 15:03:49.009 DEBUG 6040 --- [pool-4-thread-1] tourGuide.tracker.Tracker                : Begin Tracker. Tracking 0 users.
2022-04-20 15:03:49.009 DEBUG 6040 --- [pool-4-thread-1] tourGuide.tracker.Tracker                : Tracker Time Elapsed: 0 seconds.
2022-04-20 15:03:49.009 DEBUG 6040 --- [pool-4-thread-1] tourGuide.tracker.Tracker                : Tracker sleeping
2022-04-20 15:03:49.045  INFO 6040 --- [    Test worker] tourGuide.service.TourGuideService       : TestMode enabled
2022-04-20 15:03:49.045 DEBUG 6040 --- [    Test worker] tourGuide.service.TourGuideService       : Initializing users
2022-04-20 15:03:49.045 DEBUG 6040 --- [    Test worker] tourGuide.service.TourGuideService       : Created 0 internal test users.
2022-04-20 15:03:49.045 DEBUG 6040 --- [    Test worker] tourGuide.service.TourGuideService       : Finished initializing users
2022-04-20 15:03:49.045 DEBUG 6040 --- [pool-5-thread-1] tourGuide.tracker.Tracker                : Tracker stopping
2022-04-20 15:03:49.047  INFO 6040 --- [    Test worker] tourGuide.service.TourGuideService       : TestMode enabled
2022-04-20 15:03:49.047 DEBUG 6040 --- [    Test worker] tourGuide.service.TourGuideService       : Initializing users
2022-04-20 15:03:49.047 DEBUG 6040 --- [    Test worker] tourGuide.service.TourGuideService       : Created 0 internal test users.
2022-04-20 15:03:49.047 DEBUG 6040 --- [    Test worker] tourGuide.service.TourGuideService       : Finished initializing users
2022-04-20 15:03:49.047 DEBUG 6040 --- [pool-6-thread-1] tourGuide.tracker.Tracker                : Begin Tracker. Tracking 0 users.
2022-04-20 15:03:49.047 DEBUG 6040 --- [pool-6-thread-1] tourGuide.tracker.Tracker                : Tracker Time Elapsed: 0 seconds.
2022-04-20 15:03:49.047 DEBUG 6040 --- [pool-6-thread-1] tourGuide.tracker.Tracker                : Tracker sleeping
2022-04-20 15:03:49.068  INFO 6040 --- [    Test worker] tourGuide.service.TourGuideService       : TestMode enabled
2022-04-20 15:03:49.068 DEBUG 6040 --- [    Test worker] tourGuide.service.TourGuideService       : Initializing users
2022-04-20 15:03:49.068 DEBUG 6040 --- [    Test worker] tourGuide.service.TourGuideService       : Created 0 internal test users.
2022-04-20 15:03:49.068 DEBUG 6040 --- [    Test worker] tourGuide.service.TourGuideService       : Finished initializing users
2022-04-20 15:03:49.068 DEBUG 6040 --- [pool-7-thread-1] tourGuide.tracker.Tracker                : Begin Tracker. Tracking 0 users.
2022-04-20 15:03:49.068 DEBUG 6040 --- [pool-7-thread-1] tourGuide.tracker.Tracker                : Tracker Time Elapsed: 0 seconds.
2022-04-20 15:03:49.069 DEBUG 6040 --- [pool-7-thread-1] tourGuide.tracker.Tracker                : Tracker sleeping
2022-04-20 15:03:49.168  INFO 6040 --- [    Test worker] tourGuide.service.TourGuideService       : TestMode enabled
2022-04-20 15:03:49.168 DEBUG 6040 --- [    Test worker] tourGuide.service.TourGuideService       : Initializing users
2022-04-20 15:03:49.169 DEBUG 6040 --- [    Test worker] tourGuide.service.TourGuideService       : Created 0 internal test users.
2022-04-20 15:03:49.169 DEBUG 6040 --- [    Test worker] tourGuide.service.TourGuideService       : Finished initializing users
2022-04-20 15:03:49.169 DEBUG 6040 --- [pool-8-thread-1] tourGuide.tracker.Tracker                : Begin Tracker. Tracking 0 users.
2022-04-20 15:03:49.169 DEBUG 6040 --- [pool-8-thread-1] tourGuide.tracker.Tracker                : Tracker Time Elapsed: 0 seconds.
2022-04-20 15:03:49.169 DEBUG 6040 --- [pool-8-thread-1] tourGuide.tracker.Tracker                : Tracker sleeping
2022-04-20 15:03:49.257  INFO 6040 --- [    Test worker] tourGuide.service.TourGuideService       : TestMode enabled
2022-04-20 15:03:49.257 DEBUG 6040 --- [    Test worker] tourGuide.service.TourGuideService       : Initializing users
2022-04-20 15:03:49.257 DEBUG 6040 --- [    Test worker] tourGuide.service.TourGuideService       : Created 0 internal test users.
2022-04-20 15:03:49.257 DEBUG 6040 --- [    Test worker] tourGuide.service.TourGuideService       : Finished initializing users
2022-04-20 15:03:49.258 DEBUG 6040 --- [pool-9-thread-1] tourGuide.tracker.Tracker                : Begin Tracker. Tracking 0 users.
2022-04-20 15:03:49.258 DEBUG 6040 --- [pool-9-thread-1] tourGuide.tracker.Tracker                : Tracker Time Elapsed: 0 seconds.
2022-04-20 15:03:49.258 DEBUG 6040 --- [pool-9-thread-1] tourGuide.tracker.Tracker                : Tracker sleeping
2022-04-20 15:03:49.259  INFO 6040 --- [    Test worker] tourGuide.service.TourGuideService       : TestMode enabled
2022-04-20 15:03:49.259 DEBUG 6040 --- [    Test worker] tourGuide.service.TourGuideService       : Initializing users
2022-04-20 15:03:49.259 DEBUG 6040 --- [    Test worker] tourGuide.service.TourGuideService       : Created 0 internal test users.
2022-04-20 15:03:49.259 DEBUG 6040 --- [    Test worker] tourGuide.service.TourGuideService       : Finished initializing users
2022-04-20 15:03:49.260 DEBUG 6040 --- [ool-10-thread-1] tourGuide.tracker.Tracker                : Begin Tracker. Tracking 0 users.
2022-04-20 15:03:49.260 DEBUG 6040 --- [ool-10-thread-1] tourGuide.tracker.Tracker                : Tracker Time Elapsed: 0 seconds.
2022-04-20 15:03:49.260 DEBUG 6040 --- [ool-10-thread-1] tourGuide.tracker.Tracker                : Tracker sleeping
]]></system-out>
  <system-err><![CDATA[]]></system-err>
</testsuite>
