<?xml version="1.0" encoding="UTF-8"?>
<testsuite name="tourGuide.controllerTest.TourGuideControllerUT" tests="5" skipped="0" failures="0" errors="0" timestamp="2022-04-21T10:27:28" hostname="DESKTOP-HBE7KI5" time="0.116">
  <properties/>
  <testcase name="getNearByAttractionsTest" classname="tourGuide.controllerTest.TourGuideControllerUT" time="0.092"/>
  <testcase name="getAllCurrentLocationsTest" classname="tourGuide.controllerTest.TourGuideControllerUT" time="0.006"/>
  <testcase name="getTripDeals" classname="tourGuide.controllerTest.TourGuideControllerUT" time="0.003"/>
  <testcase name="getRewardsTest" classname="tourGuide.controllerTest.TourGuideControllerUT" time="0.003"/>
  <testcase name="getLocationTest" classname="tourGuide.controllerTest.TourGuideControllerUT" time="0.005"/>
  <system-out><![CDATA[12:27:23.926 [Test worker] DEBUG org.springframework.test.context.junit4.SpringJUnit4ClassRunner - SpringJUnit4ClassRunner constructor called with [class tourGuide.controllerTest.TourGuideControllerUT]
12:27:23.936 [Test worker] DEBUG org.springframework.test.context.BootstrapUtils - Instantiating CacheAwareContextLoaderDelegate from class [org.springframework.test.context.cache.DefaultCacheAwareContextLoaderDelegate]
12:27:23.948 [Test worker] DEBUG org.springframework.test.context.BootstrapUtils - Instantiating BootstrapContext using constructor [public org.springframework.test.context.support.DefaultBootstrapContext(java.lang.Class,org.springframework.test.context.CacheAwareContextLoaderDelegate)]
12:27:23.985 [Test worker] DEBUG org.springframework.test.context.BootstrapUtils - Instantiating TestContextBootstrapper for test class [tourGuide.controllerTest.TourGuideControllerUT] from class [org.springframework.boot.test.context.SpringBootTestContextBootstrapper]
12:27:24.000 [Test worker] INFO org.springframework.boot.test.context.SpringBootTestContextBootstrapper - Neither @ContextConfiguration nor @ContextHierarchy found for test class [tourGuide.controllerTest.TourGuideControllerUT], using SpringBootContextLoader
12:27:24.004 [Test worker] DEBUG org.springframework.test.context.support.AbstractContextLoader - Did not detect default resource location for test class [tourGuide.controllerTest.TourGuideControllerUT]: class path resource [tourGuide/controllerTest/TourGuideControllerUT-context.xml] does not exist
12:27:24.005 [Test worker] DEBUG org.springframework.test.context.support.AbstractContextLoader - Did not detect default resource location for test class [tourGuide.controllerTest.TourGuideControllerUT]: class path resource [tourGuide/controllerTest/TourGuideControllerUTContext.groovy] does not exist
12:27:24.005 [Test worker] INFO org.springframework.test.context.support.AbstractContextLoader - Could not detect default resource locations for test class [tourGuide.controllerTest.TourGuideControllerUT]: no resource found for suffixes {-context.xml, Context.groovy}.
12:27:24.006 [Test worker] INFO org.springframework.test.context.support.AnnotationConfigContextLoaderUtils - Could not detect default configuration classes for test class [tourGuide.controllerTest.TourGuideControllerUT]: TourGuideControllerUT does not declare any static, non-private, non-final, nested classes annotated with @Configuration.
12:27:24.077 [Test worker] DEBUG org.springframework.test.context.support.ActiveProfilesUtils - Could not find an 'annotation declaring class' for annotation type [org.springframework.test.context.ActiveProfiles] and class [tourGuide.controllerTest.TourGuideControllerUT]
12:27:24.153 [Test worker] DEBUG org.springframework.context.annotation.ClassPathScanningCandidateComponentProvider - Identified candidate component class: file [C:\Users\guile\OneDrive\Bureau\Formation\P8\JavaPathENProject8\TourGuide\build\classes\java\main\tourGuide\Application.class]
12:27:24.154 [Test worker] INFO org.springframework.boot.test.context.SpringBootTestContextBootstrapper - Found @SpringBootConfiguration tourGuide.Application for test class tourGuide.controllerTest.TourGuideControllerUT
12:27:24.255 [Test worker] DEBUG org.springframework.boot.test.context.SpringBootTestContextBootstrapper - @TestExecutionListeners is not present for class [tourGuide.controllerTest.TourGuideControllerUT]: using defaults.
12:27:24.256 [Test worker] INFO org.springframework.boot.test.context.SpringBootTestContextBootstrapper - Loaded default TestExecutionListener class names from location [META-INF/spring.factories]: [org.springframework.boot.test.autoconfigure.restdocs.RestDocsTestExecutionListener, org.springframework.boot.test.autoconfigure.web.client.MockRestServiceServerResetTestExecutionListener, org.springframework.boot.test.autoconfigure.web.servlet.MockMvcPrintOnlyOnFailureTestExecutionListener, org.springframework.boot.test.autoconfigure.web.servlet.WebDriverTestExecutionListener, org.springframework.boot.test.mock.mockito.MockitoTestExecutionListener, org.springframework.boot.test.mock.mockito.ResetMocksTestExecutionListener, org.springframework.test.context.web.ServletTestExecutionListener, org.springframework.test.context.support.DirtiesContextBeforeModesTestExecutionListener, org.springframework.test.context.support.DependencyInjectionTestExecutionListener, org.springframework.test.context.support.DirtiesContextTestExecutionListener, org.springframework.test.context.transaction.TransactionalTestExecutionListener, org.springframework.test.context.jdbc.SqlScriptsTestExecutionListener]
12:27:24.268 [Test worker] DEBUG org.springframework.boot.test.context.SpringBootTestContextBootstrapper - Skipping candidate TestExecutionListener [org.springframework.test.context.transaction.TransactionalTestExecutionListener] due to a missing dependency. Specify custom listener classes or make the default listener classes and their required dependencies available. Offending class: [org/springframework/transaction/interceptor/TransactionAttributeSource]
12:27:24.268 [Test worker] DEBUG org.springframework.boot.test.context.SpringBootTestContextBootstrapper - Skipping candidate TestExecutionListener [org.springframework.test.context.jdbc.SqlScriptsTestExecutionListener] due to a missing dependency. Specify custom listener classes or make the default listener classes and their required dependencies available. Offending class: [org/springframework/transaction/interceptor/TransactionAttribute]
12:27:24.268 [Test worker] INFO org.springframework.boot.test.context.SpringBootTestContextBootstrapper - Using TestExecutionListeners: [org.springframework.test.context.web.ServletTestExecutionListener@4d8056bf, org.springframework.test.context.support.DirtiesContextBeforeModesTestExecutionListener@42211e04, org.springframework.boot.test.mock.mockito.MockitoTestExecutionListener@6233c6c2, org.springframework.boot.test.autoconfigure.SpringBootDependencyInjectionTestExecutionListener@312a738d, org.springframework.test.context.support.DirtiesContextTestExecutionListener@7e50eeb9, org.springframework.boot.test.autoconfigure.restdocs.RestDocsTestExecutionListener@34cb0e49, org.springframework.boot.test.autoconfigure.web.client.MockRestServiceServerResetTestExecutionListener@48b2dbc4, org.springframework.boot.test.autoconfigure.web.servlet.MockMvcPrintOnlyOnFailureTestExecutionListener@2a667f44, org.springframework.boot.test.autoconfigure.web.servlet.WebDriverTestExecutionListener@53ba7997, org.springframework.boot.test.mock.mockito.ResetMocksTestExecutionListener@3f6f9cef]
12:27:24.272 [Test worker] DEBUG org.springframework.test.annotation.ProfileValueUtils - Retrieved @ProfileValueSourceConfiguration [null] for test class [tourGuide.controllerTest.TourGuideControllerUT]
12:27:24.272 [Test worker] DEBUG org.springframework.test.annotation.ProfileValueUtils - Retrieved ProfileValueSource type [class org.springframework.test.annotation.SystemProfileValueSource] for class [tourGuide.controllerTest.TourGuideControllerUT]
12:27:24.274 [Test worker] DEBUG org.springframework.test.annotation.ProfileValueUtils - Retrieved @ProfileValueSourceConfiguration [null] for test class [tourGuide.controllerTest.TourGuideControllerUT]
12:27:24.274 [Test worker] DEBUG org.springframework.test.annotation.ProfileValueUtils - Retrieved ProfileValueSource type [class org.springframework.test.annotation.SystemProfileValueSource] for class [tourGuide.controllerTest.TourGuideControllerUT]
12:27:24.275 [Test worker] DEBUG org.springframework.test.annotation.ProfileValueUtils - Retrieved @ProfileValueSourceConfiguration [null] for test class [tourGuide.controllerTest.TourGuideControllerUT]
12:27:24.275 [Test worker] DEBUG org.springframework.test.annotation.ProfileValueUtils - Retrieved ProfileValueSource type [class org.springframework.test.annotation.SystemProfileValueSource] for class [tourGuide.controllerTest.TourGuideControllerUT]
12:27:24.280 [Test worker] DEBUG org.springframework.test.context.support.AbstractDirtiesContextTestExecutionListener - Before test class: context [DefaultTestContext@48277712 testClass = TourGuideControllerUT, testInstance = [null], testMethod = [null], testException = [null], mergedContextConfiguration = [WebMergedContextConfiguration@3d53e876 testClass = TourGuideControllerUT, locations = '{}', classes = '{class tourGuide.Application}', contextInitializerClasses = '[]', activeProfiles = '{}', propertySourceLocations = '{}', propertySourceProperties = '{org.springframework.boot.test.context.SpringBootTestContextBootstrapper=true}', contextCustomizers = set[org.springframework.boot.test.autoconfigure.properties.PropertyMappingContextCustomizer@e7e8512, org.springframework.boot.test.autoconfigure.web.servlet.WebDriverContextCustomizerFactory$Customizer@633fd91, [ImportsContextCustomizer@48d44b46 key = [org.springframework.boot.test.autoconfigure.web.servlet.MockMvcAutoConfiguration, org.springframework.boot.test.autoconfigure.web.servlet.MockMvcSecurityAutoConfiguration, org.springframework.boot.test.autoconfigure.web.servlet.MockMvcWebClientAutoConfiguration, org.springframework.boot.test.autoconfigure.web.servlet.MockMvcWebDriverAutoConfiguration]], org.springframework.boot.test.context.filter.ExcludeFilterContextCustomizer@2fd954f, org.springframework.boot.test.json.DuplicateJsonObjectContextCustomizerFactory$DuplicateJsonObjectContextCustomizer@221a2068, org.springframework.boot.test.mock.mockito.MockitoContextCustomizer@53fb9da8, org.springframework.boot.test.web.client.TestRestTemplateContextCustomizer@7327a447], resourceBasePath = 'src/main/webapp', contextLoader = 'org.springframework.boot.test.context.SpringBootContextLoader', parent = [null]], attributes = map['org.springframework.test.context.web.ServletTestExecutionListener.activateListener' -> true]], class annotated with @DirtiesContext [false] with mode [null].
12:27:24.281 [Test worker] DEBUG org.springframework.test.annotation.ProfileValueUtils - Retrieved @ProfileValueSourceConfiguration [null] for test class [tourGuide.controllerTest.TourGuideControllerUT]
12:27:24.281 [Test worker] DEBUG org.springframework.test.annotation.ProfileValueUtils - Retrieved ProfileValueSource type [class org.springframework.test.annotation.SystemProfileValueSource] for class [tourGuide.controllerTest.TourGuideControllerUT]
12:27:24.306 [Test worker] DEBUG org.springframework.test.context.support.TestPropertySourceUtils - Adding inlined properties to environment: {spring.jmx.enabled=false, org.springframework.boot.test.context.SpringBootTestContextBootstrapper=true, server.port=-1}

  .   ____          _            __ _ _
 /\\ / ___'_ __ _ _(_)_ __  __ _ \ \ \ \
( ( )\___ | '_ | '_| | '_ \/ _` | \ \ \ \
 \\/  ___)| |_)| | | | | || (_| |  ) ) ) )
  '  |____| .__|_| |_|_| |_\__, | / / / /
 =========|_|==============|___/=/_/_/_/
 :: Spring Boot ::        (v2.1.6.RELEASE)

2022-04-21 12:27:25.205  INFO 22176 --- [    Test worker] t.controllerTest.TourGuideControllerUT   : No active profile set, falling back to default profiles: default
2022-04-21 12:27:26.024  INFO 22176 --- [    Test worker] o.s.cloud.context.scope.GenericScope     : BeanFactory id=ce1971ca-7165-3f3c-949b-e2b89fff8afa
2022-04-21 12:27:27.227  INFO 22176 --- [    Test worker] o.s.b.a.e.web.EndpointLinksResolver      : Exposing 2 endpoint(s) beneath base path '/actuator'
2022-04-21 12:27:27.392  INFO 22176 --- [    Test worker] pertySourcedRequestMappingHandlerMapping : Mapped URL path [/v2/api-docs] onto method [public org.springframework.http.ResponseEntity<springfox.documentation.spring.web.json.Json> springfox.documentation.swagger2.web.Swagger2Controller.getDocumentation(java.lang.String,javax.servlet.http.HttpServletRequest)]
2022-04-21 12:27:27.553  WARN 22176 --- [    Test worker] c.n.c.sources.URLConfigurationSource     : No URLs will be polled as dynamic configuration sources.
2022-04-21 12:27:27.553  INFO 22176 --- [    Test worker] c.n.c.sources.URLConfigurationSource     : To enable URLs as dynamic configuration sources, define System property archaius.configurationSource.additionalUrls or make config.properties available on classpath.
2022-04-21 12:27:27.559  WARN 22176 --- [    Test worker] c.n.c.sources.URLConfigurationSource     : No URLs will be polled as dynamic configuration sources.
2022-04-21 12:27:27.559  INFO 22176 --- [    Test worker] c.n.c.sources.URLConfigurationSource     : To enable URLs as dynamic configuration sources, define System property archaius.configurationSource.additionalUrls or make config.properties available on classpath.
2022-04-21 12:27:27.756  INFO 22176 --- [    Test worker] o.s.s.concurrent.ThreadPoolTaskExecutor  : Initializing ExecutorService 'applicationTaskExecutor'
2022-04-21 12:27:28.086  INFO 22176 --- [    Test worker] o.s.b.t.m.w.SpringBootMockServletContext : Initializing Spring TestDispatcherServlet ''
2022-04-21 12:27:28.086  INFO 22176 --- [    Test worker] o.s.t.web.servlet.TestDispatcherServlet  : Initializing Servlet ''
2022-04-21 12:27:28.097  INFO 22176 --- [    Test worker] o.s.t.web.servlet.TestDispatcherServlet  : Completed initialization in 11 ms
2022-04-21 12:27:28.327  INFO 22176 --- [    Test worker] d.s.w.p.DocumentationPluginsBootstrapper : Context refreshed
2022-04-21 12:27:28.350  INFO 22176 --- [    Test worker] d.s.w.p.DocumentationPluginsBootstrapper : Found 1 custom documentation plugin(s)
2022-04-21 12:27:28.381  INFO 22176 --- [    Test worker] s.d.s.w.s.ApiListingReferenceScanner     : Scanning for api listing references
2022-04-21 12:27:28.528  INFO 22176 --- [    Test worker] .d.s.w.r.o.CachingOperationNameGenerator : Generating unique operation named: handleUsingGET_1
2022-04-21 12:27:28.530  INFO 22176 --- [    Test worker] .d.s.w.r.o.CachingOperationNameGenerator : Generating unique operation named: handleUsingGET_2
2022-04-21 12:27:28.532  INFO 22176 --- [    Test worker] .d.s.w.r.o.CachingOperationNameGenerator : Generating unique operation named: handleUsingGET_3
2022-04-21 12:27:28.581  INFO 22176 --- [    Test worker] t.controllerTest.TourGuideControllerUT   : Started TourGuideControllerUT in 4.264 seconds (JVM running for 5.382)
2022-04-21 12:27:28.624  INFO 22176 --- [    Test worker] o.j.m.DefaultMonetaryContextFactory      : Using custom MathContext: precision=256, roundingMode=HALF_EVEN
]]></system-out>
  <system-err><![CDATA[]]></system-err>
</testsuite>
