<?xml version="1.0" encoding="UTF-8"?>
<testsuite name="tourGuide.controllerTest.TourGuideControllerUT" tests="5" skipped="0" failures="0" errors="0" timestamp="2022-04-25T14:11:34" hostname="DESKTOP-HBE7KI5" time="0.081">
  <properties/>
  <testcase name="getNearByAttractionsTest" classname="tourGuide.controllerTest.TourGuideControllerUT" time="0.063"/>
  <testcase name="getAllCurrentLocationsTest" classname="tourGuide.controllerTest.TourGuideControllerUT" time="0.004"/>
  <testcase name="getTripDeals" classname="tourGuide.controllerTest.TourGuideControllerUT" time="0.003"/>
  <testcase name="getRewardsTest" classname="tourGuide.controllerTest.TourGuideControllerUT" time="0.003"/>
  <testcase name="getLocationTest" classname="tourGuide.controllerTest.TourGuideControllerUT" time="0.004"/>
  <system-out><![CDATA[2022-04-25 16:11:32.318  INFO 23184 --- [    Test worker] .b.t.c.SpringBootTestContextBootstrapper : Neither @ContextConfiguration nor @ContextHierarchy found for test class [tourGuide.controllerTest.TourGuideControllerUT], using SpringBootContextLoader
2022-04-25 16:11:32.319  INFO 23184 --- [    Test worker] o.s.t.c.support.AbstractContextLoader    : Could not detect default resource locations for test class [tourGuide.controllerTest.TourGuideControllerUT]: no resource found for suffixes {-context.xml, Context.groovy}.
2022-04-25 16:11:32.319  INFO 23184 --- [    Test worker] t.c.s.AnnotationConfigContextLoaderUtils : Could not detect default configuration classes for test class [tourGuide.controllerTest.TourGuideControllerUT]: TourGuideControllerUT does not declare any static, non-private, non-final, nested classes annotated with @Configuration.
2022-04-25 16:11:32.327  INFO 23184 --- [    Test worker] .b.t.c.SpringBootTestContextBootstrapper : Found @SpringBootConfiguration tourGuide.Application for test class tourGuide.controllerTest.TourGuideControllerUT
2022-04-25 16:11:32.329  INFO 23184 --- [    Test worker] .b.t.c.SpringBootTestContextBootstrapper : Loaded default TestExecutionListener class names from location [META-INF/spring.factories]: [org.springframework.boot.test.autoconfigure.restdocs.RestDocsTestExecutionListener, org.springframework.boot.test.autoconfigure.web.client.MockRestServiceServerResetTestExecutionListener, org.springframework.boot.test.autoconfigure.web.servlet.MockMvcPrintOnlyOnFailureTestExecutionListener, org.springframework.boot.test.autoconfigure.web.servlet.WebDriverTestExecutionListener, org.springframework.boot.test.mock.mockito.MockitoTestExecutionListener, org.springframework.boot.test.mock.mockito.ResetMocksTestExecutionListener, org.springframework.test.context.web.ServletTestExecutionListener, org.springframework.test.context.support.DirtiesContextBeforeModesTestExecutionListener, org.springframework.test.context.support.DependencyInjectionTestExecutionListener, org.springframework.test.context.support.DirtiesContextTestExecutionListener, org.springframework.test.context.transaction.TransactionalTestExecutionListener, org.springframework.test.context.jdbc.SqlScriptsTestExecutionListener]
2022-04-25 16:11:32.329  INFO 23184 --- [    Test worker] .b.t.c.SpringBootTestContextBootstrapper : Using TestExecutionListeners: [org.springframework.test.context.web.ServletTestExecutionListener@15f77a5a, org.springframework.test.context.support.DirtiesContextBeforeModesTestExecutionListener@480363d9, org.springframework.boot.test.mock.mockito.MockitoTestExecutionListener@52d54ca2, org.springframework.boot.test.autoconfigure.SpringBootDependencyInjectionTestExecutionListener@3fe42dd, org.springframework.test.context.support.DirtiesContextTestExecutionListener@2d75cd52, org.springframework.boot.test.autoconfigure.restdocs.RestDocsTestExecutionListener@7e3b6e8e, org.springframework.boot.test.autoconfigure.web.client.MockRestServiceServerResetTestExecutionListener@6739db7, org.springframework.boot.test.autoconfigure.web.servlet.MockMvcPrintOnlyOnFailureTestExecutionListener@776adf0e, org.springframework.boot.test.autoconfigure.web.servlet.WebDriverTestExecutionListener@747683ec, org.springframework.boot.test.mock.mockito.ResetMocksTestExecutionListener@511cccf2]

  .   ____          _            __ _ _
 /\\ / ___'_ __ _ _(_)_ __  __ _ \ \ \ \
( ( )\___ | '_ | '_| | '_ \/ _` | \ \ \ \
 \\/  ___)| |_)| | | | | || (_| |  ) ) ) )
  '  |____| .__|_| |_|_| |_\__, | / / / /
 =========|_|==============|___/=/_/_/_/
 :: Spring Boot ::        (v2.1.6.RELEASE)

2022-04-25 16:11:32.656  INFO 23184 --- [    Test worker] t.controllerTest.TourGuideControllerUT   : No active profile set, falling back to default profiles: default
2022-04-25 16:11:32.918  INFO 23184 --- [    Test worker] o.s.cloud.context.scope.GenericScope     : BeanFactory id=ce1971ca-7165-3f3c-949b-e2b89fff8afa
2022-04-25 16:11:33.377  INFO 23184 --- [    Test worker] o.s.b.a.e.web.EndpointLinksResolver      : Exposing 2 endpoint(s) beneath base path '/actuator'
2022-04-25 16:11:33.465  INFO 23184 --- [    Test worker] pertySourcedRequestMappingHandlerMapping : Mapped URL path [/v2/api-docs] onto method [public org.springframework.http.ResponseEntity<springfox.documentation.spring.web.json.Json> springfox.documentation.swagger2.web.Swagger2Controller.getDocumentation(java.lang.String,javax.servlet.http.HttpServletRequest)]
2022-04-25 16:11:33.542  WARN 23184 --- [    Test worker] o.s.c.n.a.ArchaiusAutoConfiguration      : Netflix ConfigurationManager has already been installed, unable to re-install
2022-04-25 16:11:33.637  INFO 23184 --- [    Test worker] o.s.s.concurrent.ThreadPoolTaskExecutor  : Initializing ExecutorService 'applicationTaskExecutor'
2022-04-25 16:11:33.837  INFO 23184 --- [    Test worker] o.s.b.t.m.w.SpringBootMockServletContext : Initializing Spring TestDispatcherServlet ''
2022-04-25 16:11:33.837  INFO 23184 --- [    Test worker] o.s.t.web.servlet.TestDispatcherServlet  : Initializing Servlet ''
2022-04-25 16:11:33.847  INFO 23184 --- [    Test worker] o.s.t.web.servlet.TestDispatcherServlet  : Completed initialization in 10 ms
2022-04-25 16:11:34.023  INFO 23184 --- [    Test worker] d.s.w.p.DocumentationPluginsBootstrapper : Context refreshed
2022-04-25 16:11:34.024  INFO 23184 --- [    Test worker] d.s.w.p.DocumentationPluginsBootstrapper : Found 1 custom documentation plugin(s)
2022-04-25 16:11:34.028  INFO 23184 --- [    Test worker] s.d.s.w.s.ApiListingReferenceScanner     : Scanning for api listing references
2022-04-25 16:11:34.046  INFO 23184 --- [    Test worker] .d.s.w.r.o.CachingOperationNameGenerator : Generating unique operation named: handleUsingGET_1
2022-04-25 16:11:34.047  INFO 23184 --- [    Test worker] .d.s.w.r.o.CachingOperationNameGenerator : Generating unique operation named: handleUsingGET_2
2022-04-25 16:11:34.048  INFO 23184 --- [    Test worker] .d.s.w.r.o.CachingOperationNameGenerator : Generating unique operation named: handleUsingGET_3
2022-04-25 16:11:34.069  INFO 23184 --- [    Test worker] t.controllerTest.TourGuideControllerUT   : Started TourGuideControllerUT in 1.739 seconds (JVM running for 30.491)
2022-04-25 16:11:34.099  INFO 23184 --- [    Test worker] o.j.m.DefaultMonetaryContextFactory      : Using custom MathContext: precision=256, roundingMode=HALF_EVEN
]]></system-out>
  <system-err><![CDATA[]]></system-err>
</testsuite>
